#
# A fatal error has been detected by the Java Runtime Environment:
#
#  EXCEPTION_ACCESS_VIOLATION (0xc0000005) at pc=0x0000000000000000, pid=1704, tid=8724
#
# JRE version: Java(TM) SE Runtime Environment (11.0.2+9) (build 11.0.2+9-LTS)
# Java VM: Java HotSpot(TM) 64-Bit Server VM (11.0.2+9-LTS, mixed mode, tiered, compressed oops, g1 gc, windows-amd64)
# Problematic frame:
# C  0x0000000000000000
#
# No core dump will be written. Minidumps are not enabled by default on client versions of Windows
#
# If you would like to submit a bug report, please visit:
#   http://bugreport.java.com/bugreport/crash.jsp
# The crash happened outside the Java Virtual Machine in native code.
# See problematic frame for where to report the bug.
#

---------------  S U M M A R Y ------------

Command Line: -XX:TieredStopAtLevel=1 -Xverify:none -Dspring.output.ansi.enabled=always -Dcom.sun.management.jmxremote -Dcom.sun.management.jmxremote.port=53586 -Dcom.sun.management.jmxremote.authenticate=false -Dcom.sun.management.jmxremote.ssl=false -Djava.rmi.server.hostname=localhost -Dspring.liveBeansView.mbeanDomain -Dspring.application.admin.enabled=true -javaagent:C:\Program Files\JetBrains\IntelliJ IDEA 2018.2.4\lib\idea_rt.jar=53587:C:\Program Files\JetBrains\IntelliJ IDEA 2018.2.4\bin -Dfile.encoding=UTF-8 com.project.StartRESTServices

Host: Intel(R) Core(TM) i7-8550U CPU @ 1.80GHz, 8 cores, 7G,  Windows 10 , 64 bit Build 18362 (10.0.18362.329)
Time: Tue Feb 18 20:00:21 2020 GTB Standard Time elapsed time: 5 seconds (0d 0h 0m 5s)

---------------  T H R E A D  ---------------

Current thread (0x0000020961eec000):  JavaThread "http-nio-8080-exec-1" daemon [_thread_in_native, id=8724, stack(0x0000007f66500000,0x0000007f66600000)]

Stack: [0x0000007f66500000,0x0000007f66600000],  sp=0x0000007f665fbdb8,  free space=1007k
Native frames: (J=compiled Java code, j=interpreted, Vv=VM code, C=native code)

Java frames: (J=compiled Java code, j=interpreted, Vv=VM code)
j  org.sqlite.core.NativeDB.prepare_utf8([B)J+0
j  org.sqlite.core.NativeDB.prepare(Ljava/lang/String;)J+5
j  org.sqlite.core.DB.exec(Ljava/lang/String;)V+4
j  org.sqlite.jdbc3.JDBC3Connection.setAutoCommit(Z)V+49
j  org.hibernate.engine.jdbc.connections.internal.BasicConnectionCreator.createConnection()Ljava/sql/Connection;+127
j  org.hibernate.engine.jdbc.connections.internal.PooledConnections.addConnections(I)V+11
j  org.hibernate.engine.jdbc.connections.internal.PooledConnections.<init>(Lorg/hibernate/engine/jdbc/connections/internal/PooledConnections$Builder;)V+93
j  org.hibernate.engine.jdbc.connections.internal.PooledConnections.<init>(Lorg/hibernate/engine/jdbc/connections/internal/PooledConnections$Builder;Lorg/hibernate/engine/jdbc/connections/internal/PooledConnections$1;)V+2
j  org.hibernate.engine.jdbc.connections.internal.PooledConnections$Builder.build()Lorg/hibernate/engine/jdbc/connections/internal/PooledConnections;+6
j  org.hibernate.engine.jdbc.connections.internal.DriverManagerConnectionProviderImpl.buildPool(Ljava/util/Map;)Lorg/hibernate/engine/jdbc/connections/internal/PooledConnections;+79
j  org.hibernate.engine.jdbc.connections.internal.DriverManagerConnectionProviderImpl.configure(Ljava/util/Map;)V+11
j  org.hibernate.boot.registry.internal.StandardServiceRegistryImpl.configureService(Lorg/hibernate/service/spi/ServiceBinding;)V+23
j  org.hibernate.service.internal.AbstractServiceRegistryImpl.initializeService(Lorg/hibernate/service/spi/ServiceBinding;)Lorg/hibernate/service/Service;+55
j  org.hibernate.service.internal.AbstractServiceRegistryImpl.getService(Ljava/lang/Class;)Lorg/hibernate/service/Service;+88
j  org.hibernate.engine.jdbc.env.internal.JdbcEnvironmentInitiator.buildJdbcConnectionAccess(Ljava/util/Map;Lorg/hibernate/service/spi/ServiceRegistryImplementor;)Lorg/hibernate/engine/jdbc/connections/spi/JdbcConnectionAccess;+15
j  org.hibernate.engine.jdbc.env.internal.JdbcEnvironmentInitiator.initiateService(Ljava/util/Map;Lorg/hibernate/service/spi/ServiceRegistryImplementor;)Lorg/hibernate/engine/jdbc/env/spi/JdbcEnvironment;+29
j  org.hibernate.engine.jdbc.env.internal.JdbcEnvironmentInitiator.initiateService(Ljava/util/Map;Lorg/hibernate/service/spi/ServiceRegistryImplementor;)Lorg/hibernate/service/Service;+3
j  org.hibernate.boot.registry.internal.StandardServiceRegistryImpl.initiateService(Lorg/hibernate/service/spi/ServiceInitiator;)Lorg/hibernate/service/Service;+9
j  org.hibernate.service.internal.AbstractServiceRegistryImpl.createService(Lorg/hibernate/service/spi/ServiceBinding;)Lorg/hibernate/service/Service;+26
j  org.hibernate.service.internal.AbstractServiceRegistryImpl.initializeService(Lorg/hibernate/service/spi/ServiceBinding;)Lorg/hibernate/service/Service;+30
j  org.hibernate.service.internal.AbstractServiceRegistryImpl.getService(Ljava/lang/Class;)Lorg/hibernate/service/Service;+88
j  org.hibernate.engine.jdbc.internal.JdbcServicesImpl.configure(Ljava/util/Map;)V+7
j  org.hibernate.boot.registry.internal.StandardServiceRegistryImpl.configureService(Lorg/hibernate/service/spi/ServiceBinding;)V+23
j  org.hibernate.service.internal.AbstractServiceRegistryImpl.initializeService(Lorg/hibernate/service/spi/ServiceBinding;)Lorg/hibernate/service/Service;+55
j  org.hibernate.service.internal.AbstractServiceRegistryImpl.getService(Ljava/lang/Class;)Lorg/hibernate/service/Service;+88
j  org.hibernate.boot.model.process.spi.MetadataBuildingProcess.handleTypes(Lorg/hibernate/boot/spi/MetadataBuildingOptions;)Lorg/hibernate/type/BasicTypeRegistry;+42
j  org.hibernate.boot.model.process.spi.MetadataBuildingProcess.complete(Lorg/hibernate/boot/model/process/spi/ManagedResources;Lorg/hibernate/boot/spi/MetadataBuildingOptions;)Lorg/hibernate/boot/spi/MetadataImplementor;+1
j  org.hibernate.boot.model.process.spi.MetadataBuildingProcess.build(Lorg/hibernate/boot/MetadataSources;Lorg/hibernate/boot/spi/MetadataBuildingOptions;)Lorg/hibernate/boot/spi/MetadataImplementor;+6
j  org.hibernate.boot.internal.MetadataBuilderImpl.build()Lorg/hibernate/boot/spi/MetadataImplementor;+92
j  org.hibernate.boot.internal.MetadataBuilderImpl.build()Lorg/hibernate/boot/Metadata;+1
j  org.hibernate.cfg.Configuration.buildSessionFactory(Lorg/hibernate/service/ServiceRegistry;)Lorg/hibernate/SessionFactory;+358
j  org.hibernate.cfg.Configuration.buildSessionFactory()Lorg/hibernate/SessionFactory;+30
j  com.project.persistence.util.HibernateUtil.buildSessionFactory()Lorg/hibernate/SessionFactory;+16
j  com.project.persistence.util.HibernateUtil.getSessionFactory()Lorg/hibernate/SessionFactory;+6
j  com.project.persistence.impl.UserRepository.getByEmail(Ljava/lang/String;)Lcom/project/model/User;+0
j  com.project.service.impl.UserServiceImpl.loadUserByUsername(Ljava/lang/String;)Lorg/springframework/security/core/userdetails/UserDetails;+5
j  com.project.security.JwtAuthenticationFilter.doFilterInternal(Ljavax/servlet/http/HttpServletRequest;Ljavax/servlet/http/HttpServletResponse;Ljavax/servlet/FilterChain;)V+141
j  org.springframework.web.filter.OncePerRequestFilter.doFilter(Ljavax/servlet/ServletRequest;Ljavax/servlet/ServletResponse;Ljavax/servlet/FilterChain;)V+147
j  org.springframework.security.web.FilterChainProxy$VirtualFilterChain.doFilter(Ljavax/servlet/ServletRequest;Ljavax/servlet/ServletResponse;)V+192
j  org.springframework.security.web.authentication.logout.LogoutFilter.doFilter(Ljavax/servlet/ServletRequest;Ljavax/servlet/ServletResponse;Ljavax/servlet/FilterChain;)V+115
j  org.springframework.security.web.FilterChainProxy$VirtualFilterChain.doFilter(Ljavax/servlet/ServletRequest;Ljavax/servlet/ServletResponse;)V+192
j  org.springframework.web.filter.CorsFilter.doFilterInternal(Ljavax/servlet/http/HttpServletRequest;Ljavax/servlet/http/HttpServletResponse;Ljavax/servlet/FilterChain;)V+43
j  org.springframework.web.filter.OncePerRequestFilter.doFilter(Ljavax/servlet/ServletRequest;Ljavax/servlet/ServletResponse;Ljavax/servlet/FilterChain;)V+147
j  org.springframework.security.web.FilterChainProxy$VirtualFilterChain.doFilter(Ljavax/servlet/ServletRequest;Ljavax/servlet/ServletResponse;)V+192
j  org.springframework.security.web.header.HeaderWriterFilter.doHeadersAfter(Ljavax/servlet/http/HttpServletRequest;Ljavax/servlet/http/HttpServletResponse;Ljavax/servlet/FilterChain;)V+29
j  org.springframework.security.web.header.HeaderWriterFilter.doFilterInternal(Ljavax/servlet/http/HttpServletRequest;Ljavax/servlet/http/HttpServletResponse;Ljavax/servlet/FilterChain;)V+21
j  org.springframework.web.filter.OncePerRequestFilter.doFilter(Ljavax/servlet/ServletRequest;Ljavax/servlet/ServletResponse;Ljavax/servlet/FilterChain;)V+147
j  org.springframework.security.web.FilterChainProxy$VirtualFilterChain.doFilter(Ljavax/servlet/ServletRequest;Ljavax/servlet/ServletResponse;)V+192
j  org.springframework.security.web.context.SecurityContextPersistenceFilter.doFilter(Ljavax/servlet/ServletRequest;Ljavax/servlet/ServletResponse;Ljavax/servlet/FilterChain;)V+165
j  org.springframework.security.web.FilterChainProxy$VirtualFilterChain.doFilter(Ljavax/servlet/ServletRequest;Ljavax/servlet/ServletResponse;)V+192
j  org.springframework.security.web.context.request.async.WebAsyncManagerIntegrationFilter.doFilterInternal(Ljavax/servlet/http/HttpServletRequest;Ljavax/servlet/http/HttpServletResponse;Ljavax/servlet/FilterChain;)V+42
j  org.springframework.web.filter.OncePerRequestFilter.doFilter(Ljavax/servlet/ServletRequest;Ljavax/servlet/ServletResponse;Ljavax/servlet/FilterChain;)V+147
j  org.springframework.security.web.FilterChainProxy$VirtualFilterChain.doFilter(Ljavax/servlet/ServletRequest;Ljavax/servlet/ServletResponse;)V+192
j  org.springframework.security.web.FilterChainProxy.doFilterInternal(Ljavax/servlet/ServletRequest;Ljavax/servlet/ServletResponse;Ljavax/servlet/FilterChain;)V+142
j  org.springframework.security.web.FilterChainProxy.doFilter(Ljavax/servlet/ServletRequest;Ljavax/servlet/ServletResponse;Ljavax/servlet/FilterChain;)V+40
j  org.springframework.web.filter.DelegatingFilterProxy.invokeDelegate(Ljavax/servlet/Filter;Ljavax/servlet/ServletRequest;Ljavax/servlet/ServletResponse;Ljavax/servlet/FilterChain;)V+5
j  org.springframework.web.filter.DelegatingFilterProxy.doFilter(Ljavax/servlet/ServletRequest;Ljavax/servlet/ServletResponse;Ljavax/servlet/FilterChain;)V+85
j  org.apache.catalina.core.ApplicationFilterChain.internalDoFilter(Ljavax/servlet/ServletRequest;Ljavax/servlet/ServletResponse;)V+135
j  org.apache.catalina.core.ApplicationFilterChain.doFilter(Ljavax/servlet/ServletRequest;Ljavax/servlet/ServletResponse;)V+101
j  org.springframework.web.filter.RequestContextFilter.doFilterInternal(Ljavax/servlet/http/HttpServletRequest;Ljavax/servlet/http/HttpServletResponse;Ljavax/servlet/FilterChain;)V+21
j  org.springframework.web.filter.OncePerRequestFilter.doFilter(Ljavax/servlet/ServletRequest;Ljavax/servlet/ServletResponse;Ljavax/servlet/FilterChain;)V+147
j  org.apache.catalina.core.ApplicationFilterChain.internalDoFilter(Ljavax/servlet/ServletRequest;Ljavax/servlet/ServletResponse;)V+135
j  org.apache.catalina.core.ApplicationFilterChain.doFilter(Ljavax/servlet/ServletRequest;Ljavax/servlet/ServletResponse;)V+101
j  org.springframework.web.filter.FormContentFilter.doFilterInternal(Ljavax/servlet/http/HttpServletRequest;Ljavax/servlet/http/HttpServletResponse;Ljavax/servlet/FilterChain;)V+38
j  org.springframework.web.filter.OncePerRequestFilter.doFilter(Ljavax/servlet/ServletRequest;Ljavax/servlet/ServletResponse;Ljavax/servlet/FilterChain;)V+147
j  org.apache.catalina.core.ApplicationFilterChain.internalDoFilter(Ljavax/servlet/ServletRequest;Ljavax/servlet/ServletResponse;)V+135
j  org.apache.catalina.core.ApplicationFilterChain.doFilter(Ljavax/servlet/ServletRequest;Ljavax/servlet/ServletResponse;)V+101
j  org.springframework.web.filter.CharacterEncodingFilter.doFilterInternal(Ljavax/servlet/http/HttpServletRequest;Ljavax/servlet/http/HttpServletResponse;Ljavax/servlet/FilterChain;)V+53
j  org.springframework.web.filter.OncePerRequestFilter.doFilter(Ljavax/servlet/ServletRequest;Ljavax/servlet/ServletResponse;Ljavax/servlet/FilterChain;)V+147
j  org.apache.catalina.core.ApplicationFilterChain.internalDoFilter(Ljavax/servlet/ServletRequest;Ljavax/servlet/ServletResponse;)V+135
j  org.apache.catalina.core.ApplicationFilterChain.doFilter(Ljavax/servlet/ServletRequest;Ljavax/servlet/ServletResponse;)V+101
j  org.apache.catalina.core.StandardWrapperValve.invoke(Lorg/apache/catalina/connector/Request;Lorg/apache/catalina/connector/Response;)V+694
j  org.apache.catalina.core.StandardContextValve.invoke(Lorg/apache/catalina/connector/Request;Lorg/apache/catalina/connector/Response;)V+166
j  org.apache.catalina.authenticator.AuthenticatorBase.invoke(Lorg/apache/catalina/connector/Request;Lorg/apache/catalina/connector/Response;)V+260
j  org.apache.catalina.core.StandardHostValve.invoke(Lorg/apache/catalina/connector/Request;Lorg/apache/catalina/connector/Response;)V+114
j  org.apache.catalina.valves.ErrorReportValve.invoke(Lorg/apache/catalina/connector/Request;Lorg/apache/catalina/connector/Response;)V+6
j  org.apache.catalina.core.StandardEngineValve.invoke(Lorg/apache/catalina/connector/Request;Lorg/apache/catalina/connector/Response;)V+45
j  org.apache.catalina.connector.CoyoteAdapter.service(Lorg/apache/coyote/Request;Lorg/apache/coyote/Response;)V+199
j  org.apache.coyote.http11.Http11Processor.service(Lorg/apache/tomcat/util/net/SocketWrapperBase;)Lorg/apache/tomcat/util/net/AbstractEndpoint$Handler$SocketState;+784
j  org.apache.coyote.AbstractProcessorLight.process(Lorg/apache/tomcat/util/net/SocketWrapperBase;Lorg/apache/tomcat/util/net/SocketEvent;)Lorg/apache/tomcat/util/net/AbstractEndpoint$Handler$SocketState;+113
j  org.apache.coyote.AbstractProtocol$ConnectionHandler.process(Lorg/apache/tomcat/util/net/SocketWrapperBase;Lorg/apache/tomcat/util/net/SocketEvent;)Lorg/apache/tomcat/util/net/AbstractEndpoint$Handler$SocketState;+442
j  org.apache.tomcat.util.net.NioEndpoint$SocketProcessor.doRun()V+221
j  org.apache.tomcat.util.net.SocketProcessorBase.run()V+21
j  java.util.concurrent.ThreadPoolExecutor.runWorker(Ljava/util/concurrent/ThreadPoolExecutor$Worker;)V+92 java.base@11.0.2
j  java.util.concurrent.ThreadPoolExecutor$Worker.run()V+5 java.base@11.0.2
j  org.apache.tomcat.util.threads.TaskThread$WrappingRunnable.run()V+4
j  java.lang.Thread.run()V+11 java.base@11.0.2
v  ~StubRoutines::call_stub

siginfo: EXCEPTION_ACCESS_VIOLATION (0xc0000005), data execution prevention violation at address 0x0000000000000000


Register to memory mapping:

RIP=0x0 is NULL
RAX=0x0000000000000001 is an unknown value
RBX=0x0000020961098208 points into unknown readable memory: c0 74 e4 6c 00 00 00 00
RCX=0x00000209610984b8 points into unknown readable memory: ff ff ff ff ff ff ff ff
RDX=0x00000209610981b0 points into unknown readable memory: 62 65 67 69 6e 3b 00 00
RSP=0x0000007f665fbdb8 is pointing into the stack for thread: 0x0000020961eec000
RBP=0x00000209610981b0 points into unknown readable memory: 62 65 67 69 6e 3b 00 00
RSI=0x0000020961098208 points into unknown readable memory: c0 74 e4 6c 00 00 00 00
RDI=0x0000007f665fbee0 is pointing into the stack for thread: 0x0000020961eec000
R8 =0x0000000000000006 is an unknown value
R9 =0x0000000000000001 is an unknown value
R10=0x000000008741fca0 is pointing into object: [B 
{0x000000008741fc90} - klass: {type array byte}
 - length: 6
R11=0x0000007f665fbe10 is pointing into the stack for thread: 0x0000020961eec000
R12=0x0000000000000006 is an unknown value
R13=0x0000000000000001 is an unknown value
R14=0x0000007f665fbfd8 is pointing into the stack for thread: 0x0000020961eec000
R15=0x0000020961eec000 is a thread


Registers:
RAX=0x0000000000000001, RBX=0x0000020961098208, RCX=0x00000209610984b8, RDX=0x00000209610981b0
RSP=0x0000007f665fbdb8, RBP=0x00000209610981b0, RSI=0x0000020961098208, RDI=0x0000007f665fbee0
R8 =0x0000000000000006, R9 =0x0000000000000001, R10=0x000000008741fca0, R11=0x0000007f665fbe10
R12=0x0000000000000006, R13=0x0000000000000001, R14=0x0000007f665fbfd8, R15=0x0000020961eec000
RIP=0x0000000000000000, EFLAGS=0x0000000000010206

Top of Stack: (sp=0x0000007f665fbdb8)
0x0000007f665fbdb8:   00000000002bf5f8 0000007f665fbfd0
0x0000007f665fbdc8:   0000007f665ff120 0000020961eec000
0x0000007f665fbdd8:   0000007f665fbfd8 0000007f665fbfd0
0x0000007f665fbde8:   0000000000000006 0000020961eec000
0x0000007f665fbdf8:   0000000000000000 0000000000000003
0x0000007f665fbe08:   0000000000000007 0000020961eec000
0x0000007f665fbe18:   0000020961eec340 0000020961098208
0x0000007f665fbe28:   0000007f665fbfd8 0000007f665fbfd0
0x0000007f665fbe38:   0000000000000000 0000020963c373c0
0x0000007f665fbe48:   00000000002bf937 00000209610981b0
0x0000007f665fbe58:   00000000002215df 00000209e81f3e3d
0x0000007f665fbe68:   0000020961eec340 0000000000000000
0x0000007f665fbe78:   0000007f665fbee0 0000000000000000
0x0000007f665fbe88:   0000000000000000 0000020963c373c0
0x0000007f665fbe98:   000000000022243f 0000020961b75a30
0x0000007f665fbea8:   00007ff9575b9f63 0000007f665ff120 

Instructions: (pc=0x0000000000000000)
0xffffffffffffffe0:   


Stack slot to memory mapping:
stack at sp + 0 slots: 0x00000000002bf5f8 sqlite-3.16.1-461bf29c-f3e2-4ae1-9d19-e7d1fef1cf8a-sqlitejdbc.dll
stack at sp + 1 slots: 0x0000007f665fbfd0 is pointing into the stack for thread: 0x0000020961eec000
stack at sp + 2 slots: 0x0000007f665ff120 is pointing into the stack for thread: 0x0000020961eec000
stack at sp + 3 slots: 0x0000020961eec000 is a thread
stack at sp + 4 slots: 0x0000007f665fbfd8 is pointing into the stack for thread: 0x0000020961eec000
stack at sp + 5 slots: 0x0000007f665fbfd0 is pointing into the stack for thread: 0x0000020961eec000
stack at sp + 6 slots: 0x0000000000000006 is an unknown value
stack at sp + 7 slots: 0x0000020961eec000 is a thread


---------------  P R O C E S S  ---------------

Threads class SMR info:
_java_thread_list=0x00000209620172a0, length=37, elements={
0x000002095f0fc800, 0x000002095f105800, 0x000002095fa14800, 0x000002095fa16000,
0x000002095fa17000, 0x000002095fa21000, 0x000002095fb9d000, 0x000002095fba7800,
0x000002095fe0c800, 0x000002095fe0e000, 0x00000209600bd800, 0x00000209600d3000,
0x000002096014f800, 0x00000209603fe800, 0x000002096041a000, 0x000002096041b000,
0x0000020960425800, 0x0000020960426800, 0x0000020961b82800, 0x0000020961b83800,
0x0000020961b84000, 0x0000020961eec800, 0x0000020961eec000, 0x0000020961eed800,
0x0000020961eeb000, 0x0000020961f5b000, 0x0000020961f58000, 0x0000020961f5c000,
0x0000020961f58800, 0x0000020961f56800, 0x0000020961f5d000, 0x0000020961f59800,
0x0000020961f5a800, 0x0000020961f57000, 0x0000020961f61800, 0x0000020961f5d800,
0x0000020961f60000
}

Java Threads: ( => current thread )
  0x000002095f0fc800 JavaThread "Reference Handler" daemon [_thread_blocked, id=13204, stack(0x0000007f64500000,0x0000007f64600000)]
  0x000002095f105800 JavaThread "Finalizer" daemon [_thread_blocked, id=21176, stack(0x0000007f64600000,0x0000007f64700000)]
  0x000002095fa14800 JavaThread "Signal Dispatcher" daemon [_thread_blocked, id=6872, stack(0x0000007f64700000,0x0000007f64800000)]
  0x000002095fa16000 JavaThread "Attach Listener" daemon [_thread_blocked, id=21392, stack(0x0000007f64800000,0x0000007f64900000)]
  0x000002095fa17000 JavaThread "C1 CompilerThread0" daemon [_thread_blocked, id=16880, stack(0x0000007f64900000,0x0000007f64a00000)]
  0x000002095fa21000 JavaThread "Sweeper thread" daemon [_thread_blocked, id=10308, stack(0x0000007f64a00000,0x0000007f64b00000)]
  0x000002095fb9d000 JavaThread "Common-Cleaner" daemon [_thread_blocked, id=13960, stack(0x0000007f64b00000,0x0000007f64c00000)]
  0x000002095fba7800 JavaThread "C1 CompilerThread1" daemon [_thread_blocked, id=17452, stack(0x0000007f64c00000,0x0000007f64d00000)]
  0x000002095fe0c800 JavaThread "Monitor Ctrl-Break" daemon [_thread_in_native, id=10128, stack(0x0000007f64d00000,0x0000007f64e00000)]
  0x000002095fe0e000 JavaThread "Service Thread" daemon [_thread_blocked, id=17296, stack(0x0000007f64e00000,0x0000007f64f00000)]
  0x00000209600bd800 JavaThread "RMI TCP Accept-0" daemon [_thread_in_native, id=17896, stack(0x0000007f64f00000,0x0000007f65000000)]
  0x00000209600d3000 JavaThread "RMI TCP Accept-53586" daemon [_thread_in_native, id=4360, stack(0x0000007f65000000,0x0000007f65100000)]
  0x000002096014f800 JavaThread "RMI TCP Accept-0" daemon [_thread_in_native, id=12996, stack(0x0000007f65100000,0x0000007f65200000)]
  0x00000209603fe800 JavaThread "RMI TCP Connection(1)-127.0.0.1" daemon [_thread_in_native, id=15032, stack(0x0000007f65300000,0x0000007f65400000)]
  0x000002096041a000 JavaThread "C1 CompilerThread2" daemon [_thread_blocked, id=16284, stack(0x0000007f65400000,0x0000007f65500000)]
  0x000002096041b000 JavaThread "C1 CompilerThread3" daemon [_thread_blocked, id=4920, stack(0x0000007f65500000,0x0000007f65600000)]
  0x0000020960425800 JavaThread "RMI Scheduler(0)" daemon [_thread_blocked, id=17292, stack(0x0000007f65600000,0x0000007f65700000)]
  0x0000020960426800 JavaThread "RMI TCP Connection(idle)" daemon [_thread_blocked, id=13396, stack(0x0000007f65700000,0x0000007f65800000)]
  0x0000020961b82800 JavaThread "Catalina-utility-1" [_thread_blocked, id=19992, stack(0x0000007f65b00000,0x0000007f65c00000)]
  0x0000020961b83800 JavaThread "Catalina-utility-2" [_thread_blocked, id=18592, stack(0x0000007f65e00000,0x0000007f65f00000)]
  0x0000020961b84000 JavaThread "container-0" [_thread_blocked, id=7236, stack(0x0000007f65f00000,0x0000007f66000000)]
  0x0000020961eec800 JavaThread "http-nio-8080-BlockPoller" daemon [_thread_in_native, id=12960, stack(0x0000007f66400000,0x0000007f66500000)]
=>0x0000020961eec000 JavaThread "http-nio-8080-exec-1" daemon [_thread_in_native, id=8724, stack(0x0000007f66500000,0x0000007f66600000)]
  0x0000020961eed800 JavaThread "http-nio-8080-exec-2" daemon [_thread_in_native, id=14248, stack(0x0000007f66600000,0x0000007f66700000)]
  0x0000020961eeb000 JavaThread "http-nio-8080-exec-3" daemon [_thread_blocked, id=15524, stack(0x0000007f66700000,0x0000007f66800000)]
  0x0000020961f5b000 JavaThread "http-nio-8080-exec-4" daemon [_thread_blocked, id=328, stack(0x0000007f66800000,0x0000007f66900000)]
  0x0000020961f58000 JavaThread "http-nio-8080-exec-5" daemon [_thread_blocked, id=11348, stack(0x0000007f66900000,0x0000007f66a00000)]
  0x0000020961f5c000 JavaThread "http-nio-8080-exec-6" daemon [_thread_blocked, id=14148, stack(0x0000007f66a00000,0x0000007f66b00000)]
  0x0000020961f58800 JavaThread "http-nio-8080-exec-7" daemon [_thread_blocked, id=12316, stack(0x0000007f66b00000,0x0000007f66c00000)]
  0x0000020961f56800 JavaThread "http-nio-8080-exec-8" daemon [_thread_blocked, id=3008, stack(0x0000007f66c00000,0x0000007f66d00000)]
  0x0000020961f5d000 JavaThread "http-nio-8080-exec-9" daemon [_thread_blocked, id=1400, stack(0x0000007f66d00000,0x0000007f66e00000)]
  0x0000020961f59800 JavaThread "http-nio-8080-exec-10" daemon [_thread_blocked, id=1076, stack(0x0000007f66e00000,0x0000007f66f00000)]
  0x0000020961f5a800 JavaThread "http-nio-8080-ClientPoller" daemon [_thread_in_native, id=9204, stack(0x0000007f66f00000,0x0000007f67000000)]
  0x0000020961f57000 JavaThread "http-nio-8080-Acceptor" daemon [_thread_in_native, id=17924, stack(0x0000007f67000000,0x0000007f67100000)]
  0x0000020961f61800 JavaThread "DestroyJavaVM" [_thread_blocked, id=18476, stack(0x0000007f63e00000,0x0000007f63f00000)]
  0x0000020961f5d800 JavaThread "RMI TCP Connection(3)-127.0.0.1" daemon [_thread_in_native, id=12904, stack(0x0000007f67100000,0x0000007f67200000)]
  0x0000020961f60000 JavaThread "RMI TCP Connection(5)-127.0.0.1" daemon [_thread_in_native, id=19880, stack(0x0000007f67300000,0x0000007f67400000)]

Other Threads:
  0x000002095f0d4000 VMThread "VM Thread" [stack: 0x0000007f64400000,0x0000007f64500000] [id=20720]
  0x00000209600cd800 WatcherThread [stack: 0x0000007f65200000,0x0000007f65300000] [id=17460]
  0x000002094058b000 GCTaskThread "GC Thread#0" [stack: 0x0000007f63f00000,0x0000007f64000000] [id=19104]
  0x000002096043c000 GCTaskThread "GC Thread#1" [stack: 0x0000007f65800000,0x0000007f65900000] [id=14416]
  0x00000209604b0800 GCTaskThread "GC Thread#2" [stack: 0x0000007f65900000,0x0000007f65a00000] [id=7176]
  0x000002096060d800 GCTaskThread "GC Thread#3" [stack: 0x0000007f65c00000,0x0000007f65d00000] [id=20272]
  0x0000020961c24800 GCTaskThread "GC Thread#4" [stack: 0x0000007f66000000,0x0000007f66100000] [id=2040]
  0x0000020961c21800 GCTaskThread "GC Thread#5" [stack: 0x0000007f66100000,0x0000007f66200000] [id=22028]
  0x0000020961c22000 GCTaskThread "GC Thread#6" [stack: 0x0000007f66200000,0x0000007f66300000] [id=16448]
  0x0000020961c22800 GCTaskThread "GC Thread#7" [stack: 0x0000007f66300000,0x0000007f66400000] [id=16592]
  0x00000209405b9800 ConcurrentGCThread "G1 Main Marker" [stack: 0x0000007f64000000,0x0000007f64100000] [id=22388]
  0x00000209405ba800 ConcurrentGCThread "G1 Conc#0" [stack: 0x0000007f64100000,0x0000007f64200000] [id=20120]
  0x000002096149c800 ConcurrentGCThread "G1 Conc#1" [stack: 0x0000007f65d00000,0x0000007f65e00000] [id=21892]
  0x000002095ef42800 ConcurrentGCThread "G1 Refine#0" [stack: 0x0000007f64200000,0x0000007f64300000] [id=18552]
  0x000002096052a800 ConcurrentGCThread "G1 Refine#1" [stack: 0x0000007f65a00000,0x0000007f65b00000] [id=9772]
  0x000002095ef43000 ConcurrentGCThread "G1 Young RemSet Sampling" [stack: 0x0000007f64300000,0x0000007f64400000] [id=18972]

Threads with active compile tasks:

VM state:not at safepoint (normal execution)

VM Mutex/Monitor currently owned by a thread: None

Heap address: 0x0000000082000000, size: 2016 MB, Compressed Oops mode: 32-bit
Narrow klass base: 0x0000000000000000, Narrow klass shift: 3
Compressed class space size: 1073741824 Address: 0x0000000100000000

Heap:
 garbage-first heap   total 155648K, used 83117K [0x0000000082000000, 0x0000000100000000)
  region size 1024K, 76 young (77824K), 8 survivors (8192K)
 Metaspace       used 47395K, capacity 48714K, committed 49024K, reserved 1091584K
  class space    used 6144K, capacity 6673K, committed 6784K, reserved 1048576K
Heap Regions: E=young(eden), S=young(survivor), O=old, HS=humongous(starts), HC=humongous(continues), CS=collection set, F=free, A=archive, TAMS=top-at-mark-start (previous, next)
|   0|0x0000000082000000, 0x0000000082100000, 0x0000000082100000|100%| O|  |TAMS 0x0000000082100000, 0x0000000082000000| Untracked 
|   1|0x0000000082100000, 0x0000000082200000, 0x0000000082200000|100%| O|  |TAMS 0x0000000082200000, 0x0000000082100000| Untracked 
|   2|0x0000000082200000, 0x0000000082300000, 0x0000000082300000|100%| O|  |TAMS 0x0000000082300000, 0x0000000082200000| Untracked 
|   3|0x0000000082300000, 0x0000000082400000, 0x0000000082400000|100%| O|  |TAMS 0x0000000082400000, 0x0000000082300000| Untracked 
|   4|0x0000000082400000, 0x0000000082500000, 0x0000000082500000|100%| O|  |TAMS 0x0000000082500000, 0x0000000082400000| Untracked 
|   5|0x0000000082500000, 0x0000000082600000, 0x0000000082600000|100%| O|  |TAMS 0x0000000082600000, 0x0000000082500000| Untracked 
|   6|0x0000000082600000, 0x00000000826cd600, 0x0000000082700000| 80%| O|  |TAMS 0x00000000826cd600, 0x0000000082600000| Untracked 
|   7|0x0000000082700000, 0x0000000082700000, 0x0000000082800000|  0%| F|  |TAMS 0x0000000082700000, 0x0000000082700000| Untracked 
|   8|0x0000000082800000, 0x0000000082800000, 0x0000000082900000|  0%| F|  |TAMS 0x0000000082800000, 0x0000000082800000| Untracked 
|   9|0x0000000082900000, 0x0000000082900000, 0x0000000082a00000|  0%| F|  |TAMS 0x0000000082900000, 0x0000000082900000| Untracked 
|  10|0x0000000082a00000, 0x0000000082a00000, 0x0000000082b00000|  0%| F|  |TAMS 0x0000000082a00000, 0x0000000082a00000| Untracked 
|  11|0x0000000082b00000, 0x0000000082b00000, 0x0000000082c00000|  0%| F|  |TAMS 0x0000000082b00000, 0x0000000082b00000| Untracked 
|  12|0x0000000082c00000, 0x0000000082c00000, 0x0000000082d00000|  0%| F|  |TAMS 0x0000000082c00000, 0x0000000082c00000| Untracked 
|  13|0x0000000082d00000, 0x0000000082d00000, 0x0000000082e00000|  0%| F|  |TAMS 0x0000000082d00000, 0x0000000082d00000| Untracked 
|  14|0x0000000082e00000, 0x0000000082e00000, 0x0000000082f00000|  0%| F|  |TAMS 0x0000000082e00000, 0x0000000082e00000| Untracked 
|  15|0x0000000082f00000, 0x0000000082f00000, 0x0000000083000000|  0%| F|  |TAMS 0x0000000082f00000, 0x0000000082f00000| Untracked 
|  16|0x0000000083000000, 0x0000000083000000, 0x0000000083100000|  0%| F|  |TAMS 0x0000000083000000, 0x0000000083000000| Untracked 
|  17|0x0000000083100000, 0x0000000083100000, 0x0000000083200000|  0%| F|  |TAMS 0x0000000083100000, 0x0000000083100000| Untracked 
|  18|0x0000000083200000, 0x0000000083200000, 0x0000000083300000|  0%| F|  |TAMS 0x0000000083200000, 0x0000000083200000| Untracked 
|  19|0x0000000083300000, 0x0000000083300000, 0x0000000083400000|  0%| F|  |TAMS 0x0000000083300000, 0x0000000083300000| Untracked 
|  20|0x0000000083400000, 0x0000000083400000, 0x0000000083500000|  0%| F|  |TAMS 0x0000000083400000, 0x0000000083400000| Untracked 
|  21|0x0000000083500000, 0x0000000083500000, 0x0000000083600000|  0%| F|  |TAMS 0x0000000083500000, 0x0000000083500000| Untracked 
|  22|0x0000000083600000, 0x0000000083600000, 0x0000000083700000|  0%| F|  |TAMS 0x0000000083600000, 0x0000000083600000| Untracked 
|  23|0x0000000083700000, 0x0000000083700000, 0x0000000083800000|  0%| F|  |TAMS 0x0000000083700000, 0x0000000083700000| Untracked 
|  24|0x0000000083800000, 0x0000000083800000, 0x0000000083900000|  0%| F|  |TAMS 0x0000000083800000, 0x0000000083800000| Untracked 
|  25|0x0000000083900000, 0x0000000083900000, 0x0000000083a00000|  0%| F|  |TAMS 0x0000000083900000, 0x0000000083900000| Untracked 
|  26|0x0000000083a00000, 0x0000000083a00000, 0x0000000083b00000|  0%| F|  |TAMS 0x0000000083a00000, 0x0000000083a00000| Untracked 
|  27|0x0000000083b00000, 0x0000000083b00000, 0x0000000083c00000|  0%| F|  |TAMS 0x0000000083b00000, 0x0000000083b00000| Untracked 
|  28|0x0000000083c00000, 0x0000000083c00000, 0x0000000083d00000|  0%| F|  |TAMS 0x0000000083c00000, 0x0000000083c00000| Untracked 
|  29|0x0000000083d00000, 0x0000000083d00000, 0x0000000083e00000|  0%| F|  |TAMS 0x0000000083d00000, 0x0000000083d00000| Untracked 
|  30|0x0000000083e00000, 0x0000000083e00000, 0x0000000083f00000|  0%| F|  |TAMS 0x0000000083e00000, 0x0000000083e00000| Untracked 
|  31|0x0000000083f00000, 0x0000000083f00000, 0x0000000084000000|  0%| F|  |TAMS 0x0000000083f00000, 0x0000000083f00000| Untracked 
|  32|0x0000000084000000, 0x0000000084000000, 0x0000000084100000|  0%| F|  |TAMS 0x0000000084000000, 0x0000000084000000| Untracked 
|  33|0x0000000084100000, 0x0000000084100000, 0x0000000084200000|  0%| F|  |TAMS 0x0000000084100000, 0x0000000084100000| Untracked 
|  34|0x0000000084200000, 0x0000000084200000, 0x0000000084300000|  0%| F|  |TAMS 0x0000000084200000, 0x0000000084200000| Untracked 
|  35|0x0000000084300000, 0x0000000084300000, 0x0000000084400000|  0%| F|  |TAMS 0x0000000084300000, 0x0000000084300000| Untracked 
|  36|0x0000000084400000, 0x0000000084400000, 0x0000000084500000|  0%| F|  |TAMS 0x0000000084400000, 0x0000000084400000| Untracked 
|  37|0x0000000084500000, 0x0000000084500000, 0x0000000084600000|  0%| F|  |TAMS 0x0000000084500000, 0x0000000084500000| Untracked 
|  38|0x0000000084600000, 0x0000000084600000, 0x0000000084700000|  0%| F|  |TAMS 0x0000000084600000, 0x0000000084600000| Untracked 
|  39|0x0000000084700000, 0x0000000084700000, 0x0000000084800000|  0%| F|  |TAMS 0x0000000084700000, 0x0000000084700000| Untracked 
|  40|0x0000000084800000, 0x0000000084800000, 0x0000000084900000|  0%| F|  |TAMS 0x0000000084800000, 0x0000000084800000| Untracked 
|  41|0x0000000084900000, 0x0000000084900000, 0x0000000084a00000|  0%| F|  |TAMS 0x0000000084900000, 0x0000000084900000| Untracked 
|  42|0x0000000084a00000, 0x0000000084a00000, 0x0000000084b00000|  0%| F|  |TAMS 0x0000000084a00000, 0x0000000084a00000| Untracked 
|  43|0x0000000084b00000, 0x0000000084b00000, 0x0000000084c00000|  0%| F|  |TAMS 0x0000000084b00000, 0x0000000084b00000| Untracked 
|  44|0x0000000084c00000, 0x0000000084c00000, 0x0000000084d00000|  0%| F|  |TAMS 0x0000000084c00000, 0x0000000084c00000| Untracked 
|  45|0x0000000084d00000, 0x0000000084d00000, 0x0000000084e00000|  0%| F|  |TAMS 0x0000000084d00000, 0x0000000084d00000| Untracked 
|  46|0x0000000084e00000, 0x0000000084e00000, 0x0000000084f00000|  0%| F|  |TAMS 0x0000000084e00000, 0x0000000084e00000| Untracked 
|  47|0x0000000084f00000, 0x0000000084f00000, 0x0000000085000000|  0%| F|  |TAMS 0x0000000084f00000, 0x0000000084f00000| Untracked 
|  48|0x0000000085000000, 0x0000000085000000, 0x0000000085100000|  0%| F|  |TAMS 0x0000000085000000, 0x0000000085000000| Untracked 
|  49|0x0000000085100000, 0x000000008515df90, 0x0000000085200000| 36%| S|CS|TAMS 0x0000000085100000, 0x0000000085100000| Complete 
|  50|0x0000000085200000, 0x0000000085300000, 0x0000000085300000|100%| S|CS|TAMS 0x0000000085200000, 0x0000000085200000| Complete 
|  51|0x0000000085300000, 0x0000000085400000, 0x0000000085400000|100%| S|CS|TAMS 0x0000000085300000, 0x0000000085300000| Complete 
|  52|0x0000000085400000, 0x0000000085500000, 0x0000000085500000|100%| S|CS|TAMS 0x0000000085400000, 0x0000000085400000| Complete 
|  53|0x0000000085500000, 0x0000000085600000, 0x0000000085600000|100%| S|CS|TAMS 0x0000000085500000, 0x0000000085500000| Complete 
|  54|0x0000000085600000, 0x0000000085700000, 0x0000000085700000|100%| S|CS|TAMS 0x0000000085600000, 0x0000000085600000| Complete 
|  55|0x0000000085700000, 0x0000000085700000, 0x0000000085800000|  0%| F|  |TAMS 0x0000000085700000, 0x0000000085700000| Untracked 
|  56|0x0000000085800000, 0x0000000085800000, 0x0000000085900000|  0%| F|  |TAMS 0x0000000085800000, 0x0000000085800000| Untracked 
|  57|0x0000000085900000, 0x0000000085900000, 0x0000000085a00000|  0%| F|  |TAMS 0x0000000085900000, 0x0000000085900000| Untracked 
|  58|0x0000000085a00000, 0x0000000085a00000, 0x0000000085b00000|  0%| F|  |TAMS 0x0000000085a00000, 0x0000000085a00000| Untracked 
|  59|0x0000000085b00000, 0x0000000085b00000, 0x0000000085c00000|  0%| F|  |TAMS 0x0000000085b00000, 0x0000000085b00000| Untracked 
|  60|0x0000000085c00000, 0x0000000085c00000, 0x0000000085d00000|  0%| F|  |TAMS 0x0000000085c00000, 0x0000000085c00000| Untracked 
|  61|0x0000000085d00000, 0x0000000085e00000, 0x0000000085e00000|100%| S|CS|TAMS 0x0000000085d00000, 0x0000000085d00000| Complete 
|  62|0x0000000085e00000, 0x0000000085f00000, 0x0000000085f00000|100%| S|CS|TAMS 0x0000000085e00000, 0x0000000085e00000| Complete 
|  63|0x0000000085f00000, 0x0000000085f00000, 0x0000000086000000|  0%| F|  |TAMS 0x0000000085f00000, 0x0000000085f00000| Untracked 
|  64|0x0000000086000000, 0x0000000086000000, 0x0000000086100000|  0%| F|  |TAMS 0x0000000086000000, 0x0000000086000000| Untracked 
|  65|0x0000000086100000, 0x0000000086100000, 0x0000000086200000|  0%| F|  |TAMS 0x0000000086100000, 0x0000000086100000| Untracked 
|  66|0x0000000086200000, 0x0000000086200000, 0x0000000086300000|  0%| F|  |TAMS 0x0000000086200000, 0x0000000086200000| Untracked 
|  67|0x0000000086300000, 0x0000000086300000, 0x0000000086400000|  0%| F|  |TAMS 0x0000000086300000, 0x0000000086300000| Untracked 
|  68|0x0000000086400000, 0x0000000086400000, 0x0000000086500000|  0%| F|  |TAMS 0x0000000086400000, 0x0000000086400000| Untracked 
|  69|0x0000000086500000, 0x0000000086500000, 0x0000000086600000|  0%| F|  |TAMS 0x0000000086500000, 0x0000000086500000| Untracked 
|  70|0x0000000086600000, 0x0000000086600000, 0x0000000086700000|  0%| F|  |TAMS 0x0000000086600000, 0x0000000086600000| Untracked 
|  71|0x0000000086700000, 0x0000000086700000, 0x0000000086800000|  0%| F|  |TAMS 0x0000000086700000, 0x0000000086700000| Untracked 
|  72|0x0000000086800000, 0x0000000086800000, 0x0000000086900000|  0%| F|  |TAMS 0x0000000086800000, 0x0000000086800000| Untracked 
|  73|0x0000000086900000, 0x0000000086900000, 0x0000000086a00000|  0%| F|  |TAMS 0x0000000086900000, 0x0000000086900000| Untracked 
|  74|0x0000000086a00000, 0x0000000086a00000, 0x0000000086b00000|  0%| F|  |TAMS 0x0000000086a00000, 0x0000000086a00000| Untracked 
|  75|0x0000000086b00000, 0x0000000086b00000, 0x0000000086c00000|  0%| F|  |TAMS 0x0000000086b00000, 0x0000000086b00000| Untracked 
|  76|0x0000000086c00000, 0x0000000086c00000, 0x0000000086d00000|  0%| F|  |TAMS 0x0000000086c00000, 0x0000000086c00000| Untracked 
|  77|0x0000000086d00000, 0x0000000086d00000, 0x0000000086e00000|  0%| F|  |TAMS 0x0000000086d00000, 0x0000000086d00000| Untracked 
|  78|0x0000000086e00000, 0x0000000086e00000, 0x0000000086f00000|  0%| F|  |TAMS 0x0000000086e00000, 0x0000000086e00000| Untracked 
|  79|0x0000000086f00000, 0x0000000086f00000, 0x0000000087000000|  0%| F|  |TAMS 0x0000000086f00000, 0x0000000086f00000| Untracked 
|  80|0x0000000087000000, 0x0000000087000000, 0x0000000087100000|  0%| F|  |TAMS 0x0000000087000000, 0x0000000087000000| Untracked 
|  81|0x0000000087100000, 0x0000000087100000, 0x0000000087200000|  0%| F|  |TAMS 0x0000000087100000, 0x0000000087100000| Untracked 
|  82|0x0000000087200000, 0x0000000087200000, 0x0000000087300000|  0%| F|  |TAMS 0x0000000087200000, 0x0000000087200000| Untracked 
|  83|0x0000000087300000, 0x0000000087300000, 0x0000000087400000|  0%| F|  |TAMS 0x0000000087300000, 0x0000000087300000| Untracked 
|  84|0x0000000087400000, 0x0000000087438ad0, 0x0000000087500000| 22%| E|  |TAMS 0x0000000087400000, 0x0000000087400000| Complete 
|  85|0x0000000087500000, 0x0000000087600000, 0x0000000087600000|100%| E|CS|TAMS 0x0000000087500000, 0x0000000087500000| Complete 
|  86|0x0000000087600000, 0x0000000087700000, 0x0000000087700000|100%| E|CS|TAMS 0x0000000087600000, 0x0000000087600000| Complete 
|  87|0x0000000087700000, 0x0000000087800000, 0x0000000087800000|100%| E|CS|TAMS 0x0000000087700000, 0x0000000087700000| Complete 
|  88|0x0000000087800000, 0x0000000087900000, 0x0000000087900000|100%| E|CS|TAMS 0x0000000087800000, 0x0000000087800000| Complete 
|  89|0x0000000087900000, 0x0000000087a00000, 0x0000000087a00000|100%| E|CS|TAMS 0x0000000087900000, 0x0000000087900000| Complete 
|  90|0x0000000087a00000, 0x0000000087b00000, 0x0000000087b00000|100%| E|CS|TAMS 0x0000000087a00000, 0x0000000087a00000| Complete 
|  91|0x0000000087b00000, 0x0000000087c00000, 0x0000000087c00000|100%| E|CS|TAMS 0x0000000087b00000, 0x0000000087b00000| Complete 
|  92|0x0000000087c00000, 0x0000000087d00000, 0x0000000087d00000|100%| E|CS|TAMS 0x0000000087c00000, 0x0000000087c00000| Complete 
|  93|0x0000000087d00000, 0x0000000087e00000, 0x0000000087e00000|100%| E|CS|TAMS 0x0000000087d00000, 0x0000000087d00000| Complete 
|  94|0x0000000087e00000, 0x0000000087f00000, 0x0000000087f00000|100%| E|CS|TAMS 0x0000000087e00000, 0x0000000087e00000| Complete 
|  95|0x0000000087f00000, 0x0000000088000000, 0x0000000088000000|100%| E|CS|TAMS 0x0000000087f00000, 0x0000000087f00000| Complete 
|  96|0x0000000088000000, 0x0000000088100000, 0x0000000088100000|100%| E|CS|TAMS 0x0000000088000000, 0x0000000088000000| Complete 
|  97|0x0000000088100000, 0x0000000088200000, 0x0000000088200000|100%| E|CS|TAMS 0x0000000088100000, 0x0000000088100000| Complete 
|  98|0x0000000088200000, 0x0000000088300000, 0x0000000088300000|100%| E|CS|TAMS 0x0000000088200000, 0x0000000088200000| Complete 
|  99|0x0000000088300000, 0x0000000088400000, 0x0000000088400000|100%| E|CS|TAMS 0x0000000088300000, 0x0000000088300000| Complete 
| 100|0x0000000088400000, 0x0000000088500000, 0x0000000088500000|100%| E|CS|TAMS 0x0000000088400000, 0x0000000088400000| Complete 
| 101|0x0000000088500000, 0x0000000088600000, 0x0000000088600000|100%| E|CS|TAMS 0x0000000088500000, 0x0000000088500000| Complete 
| 102|0x0000000088600000, 0x0000000088700000, 0x0000000088700000|100%| E|CS|TAMS 0x0000000088600000, 0x0000000088600000| Complete 
| 103|0x0000000088700000, 0x0000000088800000, 0x0000000088800000|100%| E|CS|TAMS 0x0000000088700000, 0x0000000088700000| Complete 
| 104|0x0000000088800000, 0x0000000088900000, 0x0000000088900000|100%| E|CS|TAMS 0x0000000088800000, 0x0000000088800000| Complete 
| 105|0x0000000088900000, 0x0000000088a00000, 0x0000000088a00000|100%| E|CS|TAMS 0x0000000088900000, 0x0000000088900000| Complete 
| 106|0x0000000088a00000, 0x0000000088b00000, 0x0000000088b00000|100%| E|CS|TAMS 0x0000000088a00000, 0x0000000088a00000| Complete 
| 107|0x0000000088b00000, 0x0000000088c00000, 0x0000000088c00000|100%| E|CS|TAMS 0x0000000088b00000, 0x0000000088b00000| Complete 
| 108|0x0000000088c00000, 0x0000000088d00000, 0x0000000088d00000|100%| E|CS|TAMS 0x0000000088c00000, 0x0000000088c00000| Complete 
| 109|0x0000000088d00000, 0x0000000088e00000, 0x0000000088e00000|100%| E|CS|TAMS 0x0000000088d00000, 0x0000000088d00000| Complete 
| 110|0x0000000088e00000, 0x0000000088f00000, 0x0000000088f00000|100%| E|CS|TAMS 0x0000000088e00000, 0x0000000088e00000| Complete 
| 111|0x0000000088f00000, 0x0000000089000000, 0x0000000089000000|100%| E|CS|TAMS 0x0000000088f00000, 0x0000000088f00000| Complete 
| 112|0x0000000089000000, 0x0000000089100000, 0x0000000089100000|100%| E|CS|TAMS 0x0000000089000000, 0x0000000089000000| Complete 
| 113|0x0000000089100000, 0x0000000089200000, 0x0000000089200000|100%| E|CS|TAMS 0x0000000089100000, 0x0000000089100000| Complete 
| 114|0x0000000089200000, 0x0000000089300000, 0x0000000089300000|100%| E|CS|TAMS 0x0000000089200000, 0x0000000089200000| Complete 
| 115|0x0000000089300000, 0x0000000089400000, 0x0000000089400000|100%| E|CS|TAMS 0x0000000089300000, 0x0000000089300000| Complete 
| 116|0x0000000089400000, 0x0000000089500000, 0x0000000089500000|100%| E|CS|TAMS 0x0000000089400000, 0x0000000089400000| Complete 
| 117|0x0000000089500000, 0x0000000089600000, 0x0000000089600000|100%| E|CS|TAMS 0x0000000089500000, 0x0000000089500000| Complete 
| 118|0x0000000089600000, 0x0000000089700000, 0x0000000089700000|100%| E|CS|TAMS 0x0000000089600000, 0x0000000089600000| Complete 
| 119|0x0000000089700000, 0x0000000089800000, 0x0000000089800000|100%| E|CS|TAMS 0x0000000089700000, 0x0000000089700000| Complete 
| 120|0x0000000089800000, 0x0000000089900000, 0x0000000089900000|100%| E|CS|TAMS 0x0000000089800000, 0x0000000089800000| Complete 
| 121|0x0000000089900000, 0x0000000089a00000, 0x0000000089a00000|100%| E|CS|TAMS 0x0000000089900000, 0x0000000089900000| Complete 
| 122|0x0000000089a00000, 0x0000000089b00000, 0x0000000089b00000|100%| E|CS|TAMS 0x0000000089a00000, 0x0000000089a00000| Complete 
| 123|0x0000000089b00000, 0x0000000089c00000, 0x0000000089c00000|100%| E|CS|TAMS 0x0000000089b00000, 0x0000000089b00000| Complete 
| 124|0x0000000089c00000, 0x0000000089d00000, 0x0000000089d00000|100%| E|CS|TAMS 0x0000000089c00000, 0x0000000089c00000| Complete 
| 125|0x0000000089d00000, 0x0000000089e00000, 0x0000000089e00000|100%| E|CS|TAMS 0x0000000089d00000, 0x0000000089d00000| Complete 
| 126|0x0000000089e00000, 0x0000000089f00000, 0x0000000089f00000|100%| E|CS|TAMS 0x0000000089e00000, 0x0000000089e00000| Complete 
| 127|0x0000000089f00000, 0x000000008a000000, 0x000000008a000000|100%| E|CS|TAMS 0x0000000089f00000, 0x0000000089f00000| Complete 
| 128|0x000000008a000000, 0x000000008a100000, 0x000000008a100000|100%| E|CS|TAMS 0x000000008a000000, 0x000000008a000000| Complete 
| 129|0x000000008a100000, 0x000000008a200000, 0x000000008a200000|100%| E|CS|TAMS 0x000000008a100000, 0x000000008a100000| Complete 
| 130|0x000000008a200000, 0x000000008a300000, 0x000000008a300000|100%| E|CS|TAMS 0x000000008a200000, 0x000000008a200000| Complete 
| 131|0x000000008a300000, 0x000000008a400000, 0x000000008a400000|100%| E|CS|TAMS 0x000000008a300000, 0x000000008a300000| Complete 
| 132|0x000000008a400000, 0x000000008a500000, 0x000000008a500000|100%| E|CS|TAMS 0x000000008a400000, 0x000000008a400000| Complete 
| 133|0x000000008a500000, 0x000000008a600000, 0x000000008a600000|100%| E|CS|TAMS 0x000000008a500000, 0x000000008a500000| Complete 
| 134|0x000000008a600000, 0x000000008a700000, 0x000000008a700000|100%| E|CS|TAMS 0x000000008a600000, 0x000000008a600000| Complete 
| 135|0x000000008a700000, 0x000000008a800000, 0x000000008a800000|100%| E|CS|TAMS 0x000000008a700000, 0x000000008a700000| Complete 
| 136|0x000000008a800000, 0x000000008a900000, 0x000000008a900000|100%| E|CS|TAMS 0x000000008a800000, 0x000000008a800000| Complete 
| 137|0x000000008a900000, 0x000000008aa00000, 0x000000008aa00000|100%| E|CS|TAMS 0x000000008a900000, 0x000000008a900000| Complete 
| 138|0x000000008aa00000, 0x000000008ab00000, 0x000000008ab00000|100%| E|CS|TAMS 0x000000008aa00000, 0x000000008aa00000| Complete 
| 139|0x000000008ab00000, 0x000000008ac00000, 0x000000008ac00000|100%| E|CS|TAMS 0x000000008ab00000, 0x000000008ab00000| Complete 
| 140|0x000000008ac00000, 0x000000008ad00000, 0x000000008ad00000|100%| E|CS|TAMS 0x000000008ac00000, 0x000000008ac00000| Complete 
| 141|0x000000008ad00000, 0x000000008ae00000, 0x000000008ae00000|100%| E|CS|TAMS 0x000000008ad00000, 0x000000008ad00000| Complete 
| 142|0x000000008ae00000, 0x000000008af00000, 0x000000008af00000|100%| E|CS|TAMS 0x000000008ae00000, 0x000000008ae00000| Complete 
| 143|0x000000008af00000, 0x000000008b000000, 0x000000008b000000|100%| E|CS|TAMS 0x000000008af00000, 0x000000008af00000| Complete 
| 144|0x000000008b000000, 0x000000008b100000, 0x000000008b100000|100%| E|CS|TAMS 0x000000008b000000, 0x000000008b000000| Complete 
| 145|0x000000008b100000, 0x000000008b200000, 0x000000008b200000|100%| E|CS|TAMS 0x000000008b100000, 0x000000008b100000| Complete 
| 146|0x000000008b200000, 0x000000008b300000, 0x000000008b300000|100%| E|CS|TAMS 0x000000008b200000, 0x000000008b200000| Complete 
| 147|0x000000008b300000, 0x000000008b400000, 0x000000008b400000|100%| E|CS|TAMS 0x000000008b300000, 0x000000008b300000| Complete 
| 148|0x000000008b400000, 0x000000008b500000, 0x000000008b500000|100%| E|CS|TAMS 0x000000008b400000, 0x000000008b400000| Complete 
| 149|0x000000008b500000, 0x000000008b600000, 0x000000008b600000|100%| E|CS|TAMS 0x000000008b500000, 0x000000008b500000| Complete 
| 150|0x000000008b600000, 0x000000008b700000, 0x000000008b700000|100%| E|CS|TAMS 0x000000008b600000, 0x000000008b600000| Complete 
| 151|0x000000008b700000, 0x000000008b800000, 0x000000008b800000|100%| E|CS|TAMS 0x000000008b700000, 0x000000008b700000| Complete 

Card table byte_map: [0x0000020957fa0000,0x0000020958390000] _byte_map_base: 0x0000020957b90000

Marking Bits (Prev, Next): (CMBitMap*) 0x00000209405b09e8, (CMBitMap*) 0x00000209405b0a20
 Prev Bits: [0x0000020958780000, 0x000002095a700000)
 Next Bits: [0x000002095a700000, 0x000002095c680000)

Polling page: 0x000002093e380000

Metaspace:

Usage:
  Non-class:     41.06 MB capacity,    40.28 MB ( 98%) used,   633.50 KB (  2%) free+waste,   155.75 KB ( <1%) overhead. 
      Class:      6.52 MB capacity,     6.00 MB ( 92%) used,   452.32 KB (  7%) free+waste,    76.50 KB (  1%) overhead. 
       Both:     47.57 MB capacity,    46.29 MB ( 97%) used,     1.06 MB (  2%) free+waste,   232.25 KB ( <1%) overhead. 

Virtual space:
  Non-class space:       42.00 MB reserved,      41.25 MB ( 98%) committed 
      Class space:        1.00 GB reserved,       6.63 MB ( <1%) committed 
             Both:        1.04 GB reserved,      47.88 MB (  4%) committed 

Chunk freelists:
   Non-Class:  896 bytes
       Class:  1.88 KB
        Both:  2.75 KB

CodeHeap 'non-profiled nmethods': size=238336Kb used=7063Kb max_used=7063Kb free=231272Kb
 bounds [0x0000020948fc0000, 0x00000209496b0000, 0x0000020957880000]
CodeHeap 'non-nmethods': size=7424Kb used=2887Kb max_used=2887Kb free=4536Kb
 bounds [0x0000020948880000, 0x0000020948b60000, 0x0000020948fc0000]
 total_blobs=4888 nmethods=4298 adapters=476
 compilation: enabled
              stopped_count=0, restarted_count=0
 full_count=0

Compilation events (10 events):
Event: 5.050 Thread 0x000002095fba7800 4314       1       java.io.FilterInputStream::read (9 bytes)
Event: 5.050 Thread 0x000002095fba7800 nmethod 4314 0x00000209496a4210 code [0x00000209496a43c0, 0x00000209496a4510]
Event: 5.051 Thread 0x000002095fa17000 4315       1       java.io.FileOutputStream::write (20 bytes)
Event: 5.051 Thread 0x000002095fa17000 nmethod 4315 0x00000209496a4a10 code [0x00000209496a4bc0, 0x00000209496a4d10]
Event: 5.064 Thread 0x000002096041a000 4317 %     1       org.sqlite.SQLiteJDBCLoader::contentsEquals @ 37 (78 bytes)
Event: 5.065 Thread 0x000002096041a000 nmethod 4317% 0x00000209496a4e10 code [0x00000209496a5020, 0x00000209496a5480]
Event: 5.065 Thread 0x000002096041b000 4318       1       org.sqlite.SQLiteJDBCLoader::contentsEquals (78 bytes)
Event: 5.065 Thread 0x000002096041b000 nmethod 4318 0x00000209496a5690 code [0x00000209496a58a0, 0x00000209496a5c80]
Event: 5.091 Thread 0x000002095fba7800 4319       1       java.util.regex.Pattern::unread (11 bytes)
Event: 5.091 Thread 0x000002095fba7800 nmethod 4319 0x00000209496a5e10 code [0x00000209496a5fc0, 0x00000209496a60d8]

GC Heap History (10 events):
Event: 1.407 GC heap before
{Heap before GC invocations=1 (full 0):
 garbage-first heap   total 129024K, used 24807K [0x0000000082000000, 0x0000000100000000)
  region size 1024K, 21 young (21504K), 3 survivors (3072K)
 Metaspace       used 18369K, capacity 18908K, committed 19072K, reserved 1067008K
  class space    used 2083K, capacity 2311K, committed 2432K, reserved 1048576K
}
Event: 1.414 GC heap after
{Heap after GC invocations=2 (full 0):
 garbage-first heap   total 129024K, used 7151K [0x0000000082000000, 0x0000000100000000)
  region size 1024K, 1 young (1024K), 1 survivors (1024K)
 Metaspace       used 18369K, capacity 18908K, committed 19072K, reserved 1067008K
  class space    used 2083K, capacity 2311K, committed 2432K, reserved 1048576K
}
Event: 1.654 GC heap before
{Heap before GC invocations=2 (full 0):
 garbage-first heap   total 129024K, used 24559K [0x0000000082000000, 0x0000000100000000)
  region size 1024K, 19 young (19456K), 1 survivors (1024K)
 Metaspace       used 20583K, capacity 21182K, committed 21296K, reserved 1069056K
  class space    used 2501K, capacity 2748K, committed 2816K, reserved 1048576K
}
Event: 1.657 GC heap after
{Heap after GC invocations=3 (full 0):
 garbage-first heap   total 129024K, used 7814K [0x0000000082000000, 0x0000000100000000)
  region size 1024K, 2 young (2048K), 2 survivors (2048K)
 Metaspace       used 20583K, capacity 21182K, committed 21296K, reserved 1069056K
  class space    used 2501K, capacity 2748K, committed 2816K, reserved 1048576K
}
Event: 2.332 GC heap before
{Heap before GC invocations=4 (full 0):
 garbage-first heap   total 129024K, used 59014K [0x0000000082000000, 0x0000000100000000)
  region size 1024K, 53 young (54272K), 2 survivors (2048K)
 Metaspace       used 25881K, capacity 26705K, committed 26880K, reserved 1073152K
  class space    used 3186K, capacity 3486K, committed 3584K, reserved 1048576K
}
Event: 2.339 GC heap after
{Heap after GC invocations=5 (full 0):
 garbage-first heap   total 129024K, used 9494K [0x0000000082000000, 0x0000000100000000)
  region size 1024K, 4 young (4096K), 4 survivors (4096K)
 Metaspace       used 25881K, capacity 26705K, committed 26880K, reserved 1073152K
  class space    used 3186K, capacity 3486K, committed 3584K, reserved 1048576K
}
Event: 3.427 GC heap before
{Heap before GC invocations=5 (full 0):
 garbage-first heap   total 129024K, used 70934K [0x0000000082000000, 0x0000000100000000)
  region size 1024K, 65 young (66560K), 4 survivors (4096K)
 Metaspace       used 30887K, capacity 31987K, committed 32000K, reserved 1077248K
  class space    used 3932K, capacity 4341K, committed 4352K, reserved 1048576K
}
Event: 3.436 GC heap after
{Heap after GC invocations=6 (full 0):
 garbage-first heap   total 129024K, used 12170K [0x0000000082000000, 0x0000000100000000)
  region size 1024K, 6 young (6144K), 6 survivors (6144K)
 Metaspace       used 30887K, capacity 31987K, committed 32000K, reserved 1077248K
  class space    used 3932K, capacity 4341K, committed 4352K, reserved 1048576K
}
Event: 3.922 GC heap before
{Heap before GC invocations=6 (full 0):
 garbage-first heap   total 129024K, used 74634K [0x0000000082000000, 0x0000000100000000)
  region size 1024K, 69 young (70656K), 6 survivors (6144K)
 Metaspace       used 34670K, capacity 35763K, committed 35840K, reserved 1081344K
  class space    used 4388K, capacity 4829K, committed 4864K, reserved 1048576K
}
Event: 3.935 GC heap after
{Heap after GC invocations=7 (full 0):
 garbage-first heap   total 155648K, used 14509K [0x0000000082000000, 0x0000000100000000)
  region size 1024K, 8 young (8192K), 8 survivors (8192K)
 Metaspace       used 34670K, capacity 35763K, committed 35840K, reserved 1081344K
  class space    used 4388K, capacity 4829K, committed 4864K, reserved 1048576K
}

Deoptimization events (0 events):
No events

Classes redefined (0 events):
No events

Internal exceptions (10 events):
Event: 4.741 Thread 0x0000020961eec000 Exception <a 'java/lang/LinkageError'{0x0000000088161230}: loader 'app' (instance of jdk.internal.loader.ClassLoaders$AppClassLoader) attempted duplicate class definition for org.hibernate.boot.jaxb.cfg.spi.JaxbCfgMappingReferenceType$JaxbAccessorF__packa
Event: 4.741 Thread 0x0000020961eec000 Exception <a 'java/lang/LinkageError'{0x0000000088161230}> (0x0000000088161230) thrown at [t:/workspace/open/src/hotspot/share/classfile/systemDictionary.cpp, line 1722]
Event: 4.741 Thread 0x0000020961eec000 Exception <a 'java/lang/reflect/InvocationTargetException'{0x0000000088161cf8}> (0x0000000088161cf8) thrown at [t:/workspace/open/src/hotspot/share/runtime/reflection.cpp, line 1242]
Event: 4.742 Thread 0x0000020961eed800 Exception <a 'java/lang/LinkageError'{0x0000000088174ca8}: loader 'app' (instance of jdk.internal.loader.ClassLoaders$AppClassLoader) attempted duplicate class definition for org.hibernate.boot.jaxb.cfg.spi.JaxbCfgMappingReferenceType$JaxbAccessorF_resour
Event: 4.742 Thread 0x0000020961eed800 Exception <a 'java/lang/LinkageError'{0x0000000088174ca8}> (0x0000000088174ca8) thrown at [t:/workspace/open/src/hotspot/share/classfile/systemDictionary.cpp, line 1722]
Event: 4.743 Thread 0x0000020961eec000 Exception <a 'java/lang/LinkageError'{0x00000000881b32b8}: loader 'app' (instance of jdk.internal.loader.ClassLoaders$AppClassLoader) attempted duplicate class definition for org.hibernate.boot.jaxb.cfg.spi.JaxbCfgEntityCacheType$JaxbAccessorF_region.> (0
Event: 4.743 Thread 0x0000020961eec000 Exception <a 'java/lang/LinkageError'{0x00000000881b32b8}> (0x00000000881b32b8) thrown at [t:/workspace/open/src/hotspot/share/classfile/systemDictionary.cpp, line 1722]
Event: 4.746 Thread 0x0000020961eec000 Exception <a 'java/lang/LinkageError'{0x0000000088000970}: loader 'app' (instance of jdk.internal.loader.ClassLoaders$AppClassLoader) attempted duplicate class definition for org.hibernate.boot.jaxb.cfg.spi.JaxbCfgCollectionCacheType$JaxbAccessorF_usage.>
Event: 4.746 Thread 0x0000020961eec000 Exception <a 'java/lang/LinkageError'{0x0000000088000970}> (0x0000000088000970) thrown at [t:/workspace/open/src/hotspot/share/classfile/systemDictionary.cpp, line 1722]
Event: 4.797 Thread 0x0000020961eec000 Exception <a 'java/lang/ClassNotFoundException'{0x0000000087e095c0}: com/sun/org/apache/xerces/internal/impl/xpath/regex/spi/messageProvider> (0x0000000087e095c0) thrown at [t:/workspace/open/src/hotspot/share/classfile/systemDictionary.cpp, line 231]

Events (10 events):
Event: 5.087 loading class org/sqlite/jdbc3/JDBC3Statement
Event: 5.087 loading class org/sqlite/jdbc3/JDBC3Statement done
Event: 5.088 loading class org/sqlite/core/CoreStatement
Event: 5.088 loading class org/sqlite/core/CoreStatement done
Event: 5.088 loading class org/sqlite/jdbc4/JDBC4ResultSet
Event: 5.088 loading class org/sqlite/jdbc4/JDBC4ResultSet done
Event: 5.089 loading class org/sqlite/jdbc3/JDBC3ResultSet
Event: 5.089 loading class org/sqlite/jdbc3/JDBC3ResultSet done
Event: 5.090 loading class org/sqlite/core/CoreResultSet
Event: 5.090 loading class org/sqlite/core/CoreResultSet done


Dynamic libraries:
0x00007ff6ac850000 - 0x00007ff6ac897000 	C:\Program Files\Java\jdk-11.0.2\bin\java.exe
0x00007ff99ac20000 - 0x00007ff99ae10000 	C:\WINDOWS\SYSTEM32\ntdll.dll
0x00007ff999380000 - 0x00007ff999432000 	C:\WINDOWS\System32\KERNEL32.DLL
0x00007ff997c40000 - 0x00007ff997ee3000 	C:\WINDOWS\System32\KERNELBASE.dll
0x00007ff99a200000 - 0x00007ff99a2a3000 	C:\WINDOWS\System32\ADVAPI32.dll
0x00007ff999aa0000 - 0x00007ff999b3e000 	C:\WINDOWS\System32\msvcrt.dll
0x00007ff999520000 - 0x00007ff9995b7000 	C:\WINDOWS\System32\sechost.dll
0x00007ff99a0e0000 - 0x00007ff99a200000 	C:\WINDOWS\System32\RPCRT4.dll
0x00007ff998cd0000 - 0x00007ff998e64000 	C:\WINDOWS\System32\USER32.dll
0x00007ff998ca0000 - 0x00007ff998cc1000 	C:\WINDOWS\System32\win32u.dll
0x00007ff99abb0000 - 0x00007ff99abd6000 	C:\WINDOWS\System32\GDI32.dll
0x00007ff9980a0000 - 0x00007ff998234000 	C:\WINDOWS\System32\gdi32full.dll
0x00007ff998240000 - 0x00007ff9982de000 	C:\WINDOWS\System32\msvcp_win.dll
0x00007ff997ef0000 - 0x00007ff997fea000 	C:\WINDOWS\System32\ucrtbase.dll
0x00007ff9707c0000 - 0x00007ff970a45000 	C:\WINDOWS\WinSxS\amd64_microsoft.windows.common-controls_6595b64144ccf1df_6.0.18362.657_none_e6c5b579130e3898\COMCTL32.dll
0x00007ff999040000 - 0x00007ff999376000 	C:\WINDOWS\System32\combase.dll
0x00007ff98ee60000 - 0x00007ff98ee6a000 	C:\WINDOWS\SYSTEM32\VERSION.dll
0x00007ff998330000 - 0x00007ff9983b0000 	C:\WINDOWS\System32\bcryptPrimitives.dll
0x00007ff999010000 - 0x00007ff99903e000 	C:\WINDOWS\System32\IMM32.DLL
0x00007ff9920f0000 - 0x00007ff992106000 	C:\Program Files\Java\jdk-11.0.2\bin\vcruntime140.dll
0x00007ff97c250000 - 0x00007ff97c2fa000 	C:\Program Files\Java\jdk-11.0.2\bin\msvcp140.dll
0x00007ff957230000 - 0x00007ff957d57000 	C:\Program Files\Java\jdk-11.0.2\bin\server\jvm.dll
0x00007ff999ca0000 - 0x00007ff999ca8000 	C:\WINDOWS\System32\PSAPI.DLL
0x00007ff98e1e0000 - 0x00007ff98e204000 	C:\WINDOWS\SYSTEM32\WINMM.dll
0x00007ff970700000 - 0x00007ff970709000 	C:\WINDOWS\SYSTEM32\WSOCK32.dll
0x00007ff999b40000 - 0x00007ff999baf000 	C:\WINDOWS\System32\WS2_32.dll
0x00007ff98dfa0000 - 0x00007ff98dfcd000 	C:\WINDOWS\SYSTEM32\winmmbase.dll
0x00007ff9982e0000 - 0x00007ff99832a000 	C:\WINDOWS\System32\cfgmgr32.dll
0x00007ff997b70000 - 0x00007ff997b81000 	C:\WINDOWS\System32\kernel.appcore.dll
0x00007ff991d10000 - 0x00007ff991d21000 	C:\Program Files\Java\jdk-11.0.2\bin\verify.dll
0x00007ff990860000 - 0x00007ff990a54000 	C:\WINDOWS\SYSTEM32\DBGHELP.DLL
0x00007ff9904e0000 - 0x00007ff99050a000 	C:\WINDOWS\SYSTEM32\dbgcore.DLL
0x00007ff991300000 - 0x00007ff991329000 	C:\Program Files\Java\jdk-11.0.2\bin\java.dll
0x00007ff991170000 - 0x00007ff99119f000 	C:\Program Files\Java\jdk-11.0.2\bin\instrument.dll
0x00007ff991cf0000 - 0x00007ff991d06000 	C:\Program Files\Java\jdk-11.0.2\bin\zip.dll
0x00007ff992f20000 - 0x00007ff992f2a000 	C:\Program Files\Java\jdk-11.0.2\bin\jimage.dll
0x00007ff99a4c0000 - 0x00007ff99aba5000 	C:\WINDOWS\System32\SHELL32.dll
0x00007ff99a030000 - 0x00007ff99a0d9000 	C:\WINDOWS\System32\shcore.dll
0x00007ff9983b0000 - 0x00007ff998b2f000 	C:\WINDOWS\System32\windows.storage.dll
0x00007ff997b90000 - 0x00007ff997baf000 	C:\WINDOWS\System32\profapi.dll
0x00007ff997b00000 - 0x00007ff997b4a000 	C:\WINDOWS\System32\powrprof.dll
0x00007ff997af0000 - 0x00007ff997b00000 	C:\WINDOWS\System32\UMPDC.dll
0x00007ff99a460000 - 0x00007ff99a4b2000 	C:\WINDOWS\System32\shlwapi.dll
0x00007ff998b30000 - 0x00007ff998b47000 	C:\WINDOWS\System32\cryptsp.dll
0x00007ff991150000 - 0x00007ff991169000 	C:\Program Files\Java\jdk-11.0.2\bin\net.dll
0x00007ff98aee0000 - 0x00007ff98b0b6000 	C:\WINDOWS\SYSTEM32\urlmon.dll
0x00007ff98e300000 - 0x00007ff98e3f0000 	C:\WINDOWS\SYSTEM32\WINHTTP.dll
0x00007ff98a8f0000 - 0x00007ff98ab96000 	C:\WINDOWS\SYSTEM32\iertutil.dll
0x00007ff9974d0000 - 0x00007ff9974dc000 	C:\WINDOWS\SYSTEM32\CRYPTBASE.DLL
0x00007ff997300000 - 0x00007ff997367000 	C:\WINDOWS\system32\mswsock.dll
0x00007ff991130000 - 0x00007ff991143000 	C:\Program Files\Java\jdk-11.0.2\bin\nio.dll
0x00007ff991110000 - 0x00007ff99112a000 	C:\Program Files\JetBrains\IntelliJ IDEA 2018.2.4\bin\breakgen64.dll
0x00007ff992ed0000 - 0x00007ff992ed9000 	C:\Program Files\Java\jdk-11.0.2\bin\management.dll
0x00007ff991270000 - 0x00007ff99127c000 	C:\Program Files\Java\jdk-11.0.2\bin\management_ext.dll
0x00007ff97a7a0000 - 0x00007ff97a7b6000 	C:\WINDOWS\system32\napinsp.dll
0x00007ff97a780000 - 0x00007ff97a79a000 	C:\WINDOWS\system32\pnrpnsp.dll
0x00007ff997050000 - 0x00007ff99711a000 	C:\WINDOWS\SYSTEM32\DNSAPI.dll
0x00007ff9995c0000 - 0x00007ff9995c8000 	C:\WINDOWS\System32\NSI.dll
0x00007ff997010000 - 0x00007ff99704a000 	C:\WINDOWS\SYSTEM32\IPHLPAPI.DLL
0x00007ff977870000 - 0x00007ff97787e000 	C:\WINDOWS\System32\winrnr.dll
0x00007ff990e30000 - 0x00007ff990e4c000 	C:\WINDOWS\system32\NLAapi.dll
0x00007ff9933a0000 - 0x00007ff9933b5000 	C:\WINDOWS\system32\wshbth.dll
0x00007ff98e8f0000 - 0x00007ff98e8fa000 	C:\Windows\System32\rasadhlp.dll
0x00007ff98e750000 - 0x00007ff98e7c7000 	C:\WINDOWS\System32\fwpuclnt.dll
0x00007ff997c10000 - 0x00007ff997c36000 	C:\WINDOWS\System32\bcrypt.dll
0x00007ff996e70000 - 0x00007ff996ea3000 	C:\WINDOWS\system32\rsaenh.dll
0x00007ff997a10000 - 0x00007ff997a35000 	C:\WINDOWS\SYSTEM32\USERENV.dll
0x00007ff98ef40000 - 0x00007ff98ef56000 	C:\WINDOWS\SYSTEM32\dhcpcsvc6.DLL
0x00007ff98ed80000 - 0x00007ff98ed9c000 	C:\WINDOWS\SYSTEM32\dhcpcsvc.DLL
0x00007ff990f40000 - 0x00007ff990f4d000 	C:\Program Files\Java\jdk-11.0.2\bin\sunmscapi.dll
0x00007ff998b50000 - 0x00007ff998c99000 	C:\WINDOWS\System32\CRYPT32.dll
0x00007ff997b50000 - 0x00007ff997b62000 	C:\WINDOWS\System32\MSASN1.dll
0x00007ff997630000 - 0x00007ff997656000 	C:\WINDOWS\SYSTEM32\ncrypt.dll
0x00007ff9975f0000 - 0x00007ff99762b000 	C:\WINDOWS\SYSTEM32\NTASN1.dll
0x00007ff97c220000 - 0x00007ff97c247000 	C:\Program Files\Java\jdk-11.0.2\bin\sunec.dll
0x000000006cd80000 - 0x000000006ce70000 	C:\Users\andre\AppData\Local\Temp\sqlite-3.16.1-2df4581e-9ffc-471b-91f6-1d69036b55b7-sqlitejdbc.dll
0x0000000000220000 - 0x0000000000310000 	C:\Users\andre\AppData\Local\Temp\sqlite-3.16.1-461bf29c-f3e2-4ae1-9d19-e7d1fef1cf8a-sqlitejdbc.dll

dbghelp: loaded successfully - version: 4.0.5 - missing functions: none
symbol engine: initialized successfully - sym options: 0x614 - pdb path: .;C:\Program Files\Java\jdk-11.0.2\bin;C:\WINDOWS\SYSTEM32;C:\WINDOWS\WinSxS\amd64_microsoft.windows.common-controls_6595b64144ccf1df_6.0.18362.657_none_e6c5b579130e3898;C:\Program Files\Java\jdk-11.0.2\bin\server;C:\Program Files\JetBrains\IntelliJ IDEA 2018.2.4\bin;C:\Users\andre\AppData\Local\Temp

VM Arguments:
jvm_args: -XX:TieredStopAtLevel=1 -Xverify:none -Dspring.output.ansi.enabled=always -Dcom.sun.management.jmxremote -Dcom.sun.management.jmxremote.port=53586 -Dcom.sun.management.jmxremote.authenticate=false -Dcom.sun.management.jmxremote.ssl=false -Djava.rmi.server.hostname=localhost -Dspring.liveBeansView.mbeanDomain -Dspring.application.admin.enabled=true -javaagent:C:\Program Files\JetBrains\IntelliJ IDEA 2018.2.4\lib\idea_rt.jar=53587:C:\Program Files\JetBrains\IntelliJ IDEA 2018.2.4\bin -Dfile.encoding=UTF-8 
java_command: com.project.StartRESTServices
java_class_path (initial): C:\Users\andre\Documents\Facultate\An3\Licentaa\out\production\classes;C:\Users\andre\Documents\Facultate\An3\Licentaa\out\production\resources;C:\Users\andre\.gradle\caches\modules-2\files-2.1\org.springframework.boot\spring-boot-starter-web\2.2.1.RELEASE\689213aca6e25e2aa9b377e61273aa3d31f30f60\spring-boot-starter-web-2.2.1.RELEASE.jar;C:\Users\andre\.gradle\caches\modules-2\files-2.1\org.springframework.boot\spring-boot-starter-security\2.2.1.RELEASE\e4da6523a76cf59308214a0f76be61ad8659afb7\spring-boot-starter-security-2.2.1.RELEASE.jar;C:\Users\andre\.gradle\caches\modules-2\files-2.1\org.springframework.security\spring-security-web\5.2.1.RELEASE\9e43c2d8d2dffc60bfba8ac95a106d30e9593106\spring-security-web-5.2.1.RELEASE.jar;C:\Users\andre\.gradle\caches\modules-2\files-2.1\org.springframework.boot\spring-boot-starter-json\2.2.1.RELEASE\2d9f5ad8a76edcf3c610e0f825d9c01563a6900a\spring-boot-starter-json-2.2.1.RELEASE.jar;C:\Users\andre\.gradle\caches\modules-2\files-2.1\org.springframework\spring-webmvc\5.2.1.RELEASE\9c118e3a551fe4bf31eb9e395b5f8ef42cf14f42\spring-webmvc-5.2.1.RELEASE.jar;C:\Users\andre\.gradle\caches\modules-2\files-2.1\org.springframework\spring-web\5.2.1.RELEASE\4f1dfe592951c312b52de469f1940b1cb0455226\spring-web-5.2.1.RELEASE.jar;C:\Users\andre\.gradle\caches\modules-2\files-2.1\com.zsoltfabok\sqlite-dialect\1.0\22e2ceb3e0e90ab8ce84989d31663edb28d0b776\sqlite-dialect-1.0.jar;C:\Users\andre\.gradle\caches\modules-2\files-2.1\org.hibernate\hibernate-core\5.2.10.Final\b46a4ba34b52d335cc45c0f33d029f782f7db887\hibernate-core-5.2.10.Final.jar;C:\Users\andre\.gradle\caches\modules-2\files-2.1\io.jsonwebtoken\jjwt\0.9.1\54d2abfc3e63a28824d35bf600d6a5d627da681a\jjwt-0.9.1.jar;C:\Users\andre\.gradle\caches\modules-2\files-2.1\com.fasterxml.jackson.datatype\jackson-datatype-jdk8\2.10.0\ac9b5e4ec02f243c580113c0c58564d90432afaa\jackson-datatype-jdk8-2.10.0.jar;C:\Users\andre\.gradle\caches\modules-2\files-2.1\com.fasterxml.jacks
Launcher Type: SUN_STANDARD

[Global flags]
     bool BytecodeVerificationLocal                = false                                     {product} {command line}
     bool BytecodeVerificationRemote               = false                                     {product} {command line}
     intx CICompilerCount                          = 4                                         {product} {ergonomic}
     uint ConcGCThreads                            = 2                                         {product} {ergonomic}
     uint G1ConcRefinementThreads                  = 8                                         {product} {ergonomic}
   size_t G1HeapRegionSize                         = 1048576                                   {product} {ergonomic}
    uintx GCDrainStackTargetSize                   = 64                                        {product} {ergonomic}
   size_t InitialHeapSize                          = 132120576                                 {product} {ergonomic}
     bool ManagementServer                         = true                                      {product} {command line}
   size_t MarkStackSize                            = 4194304                                   {product} {ergonomic}
   size_t MaxHeapSize                              = 2113929216                                {product} {ergonomic}
   size_t MaxNewSize                               = 1267728384                                {product} {ergonomic}
   size_t MinHeapDeltaBytes                        = 1048576                                   {product} {ergonomic}
    uintx NonNMethodCodeHeapSize                   = 7549744                                {pd product} {ergonomic}
    uintx NonProfiledCodeHeapSize                  = 244108496                              {pd product} {ergonomic}
    uintx ProfiledCodeHeapSize                     = 0                                      {pd product} {ergonomic}
    uintx ReservedCodeCacheSize                    = 251658240                              {pd product} {ergonomic}
     bool SegmentedCodeCache                       = true                                      {product} {ergonomic}
     intx TieredStopAtLevel                        = 1                                         {product} {command line}
     bool UseCompressedClassPointers               = true                                 {lp64_product} {ergonomic}
     bool UseCompressedOops                        = true                                 {lp64_product} {ergonomic}
     bool UseG1GC                                  = true                                      {product} {ergonomic}
     bool UseLargePagesIndividualAllocation        = false                                  {pd product} {ergonomic}

Logging:
Log output configuration:
 #0: stdout all=warning uptime,level,tags
 #1: stderr all=off uptime,level,tags

Environment Variables:
JAVA_HOME=C:\Program Files\Java\jdk1.8.0_231
PATH=C:\Program Files\Microsoft MPI\Bin\;C:\Program Files (x86)\Python37-32\Scripts\;C:\Program Files (x86)\Python37-32\;C:\Program Files (x86)\Common Files\Oracle\Java\javapath;C:\Windows\system32;C:\Windows;C:\Windows\System32\Wbem;C:\Windows\System32\WindowsPowerShell\v1.0\;C:\Windows\System32\OpenSSH\;C:\Program Files (x86)\NVIDIA Corporation\PhysX\Common;C:\Program Files\dotnet\;C:\Program Files\Microsoft SQL Server\Client SDK\ODBC\130\Tools\Binn\;C:\Program Files (x86)\Microsoft SQL Server\140\Tools\Binn\;C:\Program Files\Microsoft SQL Server\140\Tools\Binn\;C:\Program Files\Microsoft SQL Server\140\DTS\Binn\;C:\Program Files (x86)\Microsoft SQL Server\Client SDK\ODBC\130\Tools\Binn\;C:\Program Files (x86)\Microsoft SQL Server\140\DTS\Binn\;C:\Program Files (x86)\Microsoft SQL Server\140\Tools\Binn\ManagementStudio\;C:\Users\andre\Documents\Facultate\protoc-3.4.0-win32\bin;C:\Program Files\nodejs\;C:\WINDOWS\system32;C:\WINDOWS;C:\WINDOWS\System32\Wbem;C:\WINDOWS\System32\WindowsPowerShell\v1.0\;C:\WINDOWS\System32\OpenSSH\;C:\Users\andre\Documents\gradle-4.8-all\gradle-4.8\bin;C:\Program Files (x86)\mingw-w64\i686-8.1.0-posix-dwarf-rt_v6-rev0\mingw32\bin;C:\Program Files\Git\cmd;C:\Program Files (x86)\GitExtensions\;C:\Users\andre\AppData\Local\Android\Sdk;C:\Program Files\Java\jdk1.8.0_231\bin;C:\Users\andre\AppData\Local\Microsoft\WindowsApps;C:\Program Files (x86)\clisp-2.49;C:\Users\andre\AppData\Roaming\npm;C:\Users\andre\AppData\Local\Programs\Microsoft VS Code\bin;C:\Program Files (x86)\Graphviz2.38\bin;C:\Program Files (x86)\GnuWin32\bin;C:\Users\andre\Documents\gradle-6.0.1\bin;C:\Program Files\Java\jdk1.8.0_231;
USERNAME=andre
OS=Windows_NT
PROCESSOR_IDENTIFIER=Intel64 Family 6 Model 142 Stepping 10, GenuineIntel



---------------  S Y S T E M  ---------------

OS: Windows 10 , 64 bit Build 18362 (10.0.18362.329)

CPU:total 8 (initial active 8) (4 cores per cpu, 2 threads per core) family 6 model 142 stepping 10, cmov, cx8, fxsr, mmx, sse, sse2, sse3, ssse3, sse4.1, sse4.2, popcnt, avx, avx2, aes, clmul, erms, 3dnowpref, lzcnt, ht, tsc, tscinvbit, bmi1, bmi2, adx, fma

Memory: 4k page, system-wide physical 8058M (539M free)
TotalPageFile size 15226M (AvailPageFile size 2524M)
current process WorkingSet (physical memory assigned to process): 215M, peak: 215M
current process commit charge ("private bytes"): 303M, peak: 304M

vm_info: Java HotSpot(TM) 64-Bit Server VM (11.0.2+9-LTS) for windows-amd64 JRE (11.0.2+9-LTS), built on Jan 18 2019 05:24:10 by "mach5one" with MS VC++ 15.5 (VS2017)

END.
