#
# A fatal error has been detected by the Java Runtime Environment:
#
#  EXCEPTION_ACCESS_VIOLATION (0xc0000005) at pc=0x0000000000000000, pid=428, tid=21404
#
# JRE version: Java(TM) SE Runtime Environment (11.0.2+9) (build 11.0.2+9-LTS)
# Java VM: Java HotSpot(TM) 64-Bit Server VM (11.0.2+9-LTS, mixed mode, tiered, compressed oops, g1 gc, windows-amd64)
# Problematic frame:
# C  0x0000000000000000
#
# No core dump will be written. Minidumps are not enabled by default on client versions of Windows
#
# If you would like to submit a bug report, please visit:
#   http://bugreport.java.com/bugreport/crash.jsp
# The crash happened outside the Java Virtual Machine in native code.
# See problematic frame for where to report the bug.
#

---------------  S U M M A R Y ------------

Command Line: -XX:TieredStopAtLevel=1 -Xverify:none -Dspring.output.ansi.enabled=always -Dcom.sun.management.jmxremote -Dcom.sun.management.jmxremote.port=56575 -Dcom.sun.management.jmxremote.authenticate=false -Dcom.sun.management.jmxremote.ssl=false -Djava.rmi.server.hostname=localhost -Dspring.liveBeansView.mbeanDomain -Dspring.application.admin.enabled=true -javaagent:C:\Program Files\JetBrains\IntelliJ IDEA 2018.2.4\lib\idea_rt.jar=56576:C:\Program Files\JetBrains\IntelliJ IDEA 2018.2.4\bin -Dfile.encoding=UTF-8 com.project.StartRESTServices

Host: Intel(R) Core(TM) i7-8550U CPU @ 1.80GHz, 8 cores, 7G,  Windows 10 , 64 bit Build 18362 (10.0.18362.329)
Time: Sun Mar  1 17:16:26 2020 GTB Standard Time elapsed time: 8 seconds (0d 0h 0m 8s)

---------------  T H R E A D  ---------------

Current thread (0x000001b28822f000):  JavaThread "http-nio-8080-exec-3" daemon [_thread_in_native, id=21404, stack(0x000000849dc00000,0x000000849dd00000)]

Stack: [0x000000849dc00000,0x000000849dd00000],  sp=0x000000849dcfc598,  free space=1009k
Native frames: (J=compiled Java code, j=interpreted, Vv=VM code, C=native code)

Java frames: (J=compiled Java code, j=interpreted, Vv=VM code)
j  org.sqlite.core.NativeDB.prepare_utf8([B)J+0
j  org.sqlite.core.NativeDB.prepare(Ljava/lang/String;)J+5
j  org.sqlite.core.DB.exec(Ljava/lang/String;)V+4
j  org.sqlite.jdbc3.JDBC3Connection.setAutoCommit(Z)V+49
j  org.hibernate.engine.jdbc.connections.internal.BasicConnectionCreator.createConnection()Ljava/sql/Connection;+127
j  org.hibernate.engine.jdbc.connections.internal.PooledConnections.addConnections(I)V+11
j  org.hibernate.engine.jdbc.connections.internal.PooledConnections.<init>(Lorg/hibernate/engine/jdbc/connections/internal/PooledConnections$Builder;)V+93
j  org.hibernate.engine.jdbc.connections.internal.PooledConnections.<init>(Lorg/hibernate/engine/jdbc/connections/internal/PooledConnections$Builder;Lorg/hibernate/engine/jdbc/connections/internal/PooledConnections$1;)V+2
j  org.hibernate.engine.jdbc.connections.internal.PooledConnections$Builder.build()Lorg/hibernate/engine/jdbc/connections/internal/PooledConnections;+6
j  org.hibernate.engine.jdbc.connections.internal.DriverManagerConnectionProviderImpl.buildPool(Ljava/util/Map;)Lorg/hibernate/engine/jdbc/connections/internal/PooledConnections;+79
j  org.hibernate.engine.jdbc.connections.internal.DriverManagerConnectionProviderImpl.configure(Ljava/util/Map;)V+11
j  org.hibernate.boot.registry.internal.StandardServiceRegistryImpl.configureService(Lorg/hibernate/service/spi/ServiceBinding;)V+23
j  org.hibernate.service.internal.AbstractServiceRegistryImpl.initializeService(Lorg/hibernate/service/spi/ServiceBinding;)Lorg/hibernate/service/Service;+55
j  org.hibernate.service.internal.AbstractServiceRegistryImpl.getService(Ljava/lang/Class;)Lorg/hibernate/service/Service;+88
j  org.hibernate.engine.jdbc.env.internal.JdbcEnvironmentInitiator.buildJdbcConnectionAccess(Ljava/util/Map;Lorg/hibernate/service/spi/ServiceRegistryImplementor;)Lorg/hibernate/engine/jdbc/connections/spi/JdbcConnectionAccess;+15
j  org.hibernate.engine.jdbc.env.internal.JdbcEnvironmentInitiator.initiateService(Ljava/util/Map;Lorg/hibernate/service/spi/ServiceRegistryImplementor;)Lorg/hibernate/engine/jdbc/env/spi/JdbcEnvironment;+29
j  org.hibernate.engine.jdbc.env.internal.JdbcEnvironmentInitiator.initiateService(Ljava/util/Map;Lorg/hibernate/service/spi/ServiceRegistryImplementor;)Lorg/hibernate/service/Service;+3
j  org.hibernate.boot.registry.internal.StandardServiceRegistryImpl.initiateService(Lorg/hibernate/service/spi/ServiceInitiator;)Lorg/hibernate/service/Service;+9
j  org.hibernate.service.internal.AbstractServiceRegistryImpl.createService(Lorg/hibernate/service/spi/ServiceBinding;)Lorg/hibernate/service/Service;+26
j  org.hibernate.service.internal.AbstractServiceRegistryImpl.initializeService(Lorg/hibernate/service/spi/ServiceBinding;)Lorg/hibernate/service/Service;+30
j  org.hibernate.service.internal.AbstractServiceRegistryImpl.getService(Ljava/lang/Class;)Lorg/hibernate/service/Service;+88
j  org.hibernate.engine.jdbc.internal.JdbcServicesImpl.configure(Ljava/util/Map;)V+7
j  org.hibernate.boot.registry.internal.StandardServiceRegistryImpl.configureService(Lorg/hibernate/service/spi/ServiceBinding;)V+23
j  org.hibernate.service.internal.AbstractServiceRegistryImpl.initializeService(Lorg/hibernate/service/spi/ServiceBinding;)Lorg/hibernate/service/Service;+55
j  org.hibernate.service.internal.AbstractServiceRegistryImpl.getService(Ljava/lang/Class;)Lorg/hibernate/service/Service;+88
j  org.hibernate.boot.model.process.spi.MetadataBuildingProcess.handleTypes(Lorg/hibernate/boot/spi/MetadataBuildingOptions;)Lorg/hibernate/type/BasicTypeRegistry;+42
j  org.hibernate.boot.model.process.spi.MetadataBuildingProcess.complete(Lorg/hibernate/boot/model/process/spi/ManagedResources;Lorg/hibernate/boot/spi/MetadataBuildingOptions;)Lorg/hibernate/boot/spi/MetadataImplementor;+1
j  org.hibernate.boot.model.process.spi.MetadataBuildingProcess.build(Lorg/hibernate/boot/MetadataSources;Lorg/hibernate/boot/spi/MetadataBuildingOptions;)Lorg/hibernate/boot/spi/MetadataImplementor;+6
j  org.hibernate.boot.internal.MetadataBuilderImpl.build()Lorg/hibernate/boot/spi/MetadataImplementor;+92
j  org.hibernate.boot.internal.MetadataBuilderImpl.build()Lorg/hibernate/boot/Metadata;+1
j  org.hibernate.cfg.Configuration.buildSessionFactory(Lorg/hibernate/service/ServiceRegistry;)Lorg/hibernate/SessionFactory;+358
j  org.hibernate.cfg.Configuration.buildSessionFactory()Lorg/hibernate/SessionFactory;+30
j  com.project.persistence.util.HibernateUtil.buildSessionFactory()Lorg/hibernate/SessionFactory;+16
j  com.project.persistence.util.HibernateUtil.getSessionFactory()Lorg/hibernate/SessionFactory;+6
j  com.project.persistence.impl.UserRepository.getByEmail(Ljava/lang/String;)Lcom/project/model/User;+0
j  com.project.service.impl.UserServiceImpl.loadUserByUsername(Ljava/lang/String;)Lorg/springframework/security/core/userdetails/UserDetails;+5
j  com.project.security.JwtAuthenticationFilter.doFilterInternal(Ljavax/servlet/http/HttpServletRequest;Ljavax/servlet/http/HttpServletResponse;Ljavax/servlet/FilterChain;)V+141
j  org.springframework.web.filter.OncePerRequestFilter.doFilter(Ljavax/servlet/ServletRequest;Ljavax/servlet/ServletResponse;Ljavax/servlet/FilterChain;)V+147
j  org.springframework.security.web.FilterChainProxy$VirtualFilterChain.doFilter(Ljavax/servlet/ServletRequest;Ljavax/servlet/ServletResponse;)V+192
j  org.springframework.security.web.authentication.logout.LogoutFilter.doFilter(Ljavax/servlet/ServletRequest;Ljavax/servlet/ServletResponse;Ljavax/servlet/FilterChain;)V+115
j  org.springframework.security.web.FilterChainProxy$VirtualFilterChain.doFilter(Ljavax/servlet/ServletRequest;Ljavax/servlet/ServletResponse;)V+192
j  org.springframework.web.filter.CorsFilter.doFilterInternal(Ljavax/servlet/http/HttpServletRequest;Ljavax/servlet/http/HttpServletResponse;Ljavax/servlet/FilterChain;)V+43
j  org.springframework.web.filter.OncePerRequestFilter.doFilter(Ljavax/servlet/ServletRequest;Ljavax/servlet/ServletResponse;Ljavax/servlet/FilterChain;)V+147
j  org.springframework.security.web.FilterChainProxy$VirtualFilterChain.doFilter(Ljavax/servlet/ServletRequest;Ljavax/servlet/ServletResponse;)V+192
j  org.springframework.security.web.header.HeaderWriterFilter.doHeadersAfter(Ljavax/servlet/http/HttpServletRequest;Ljavax/servlet/http/HttpServletResponse;Ljavax/servlet/FilterChain;)V+29
j  org.springframework.security.web.header.HeaderWriterFilter.doFilterInternal(Ljavax/servlet/http/HttpServletRequest;Ljavax/servlet/http/HttpServletResponse;Ljavax/servlet/FilterChain;)V+21
j  org.springframework.web.filter.OncePerRequestFilter.doFilter(Ljavax/servlet/ServletRequest;Ljavax/servlet/ServletResponse;Ljavax/servlet/FilterChain;)V+147
j  org.springframework.security.web.FilterChainProxy$VirtualFilterChain.doFilter(Ljavax/servlet/ServletRequest;Ljavax/servlet/ServletResponse;)V+192
j  org.springframework.security.web.context.SecurityContextPersistenceFilter.doFilter(Ljavax/servlet/ServletRequest;Ljavax/servlet/ServletResponse;Ljavax/servlet/FilterChain;)V+165
j  org.springframework.security.web.FilterChainProxy$VirtualFilterChain.doFilter(Ljavax/servlet/ServletRequest;Ljavax/servlet/ServletResponse;)V+192
j  org.springframework.security.web.context.request.async.WebAsyncManagerIntegrationFilter.doFilterInternal(Ljavax/servlet/http/HttpServletRequest;Ljavax/servlet/http/HttpServletResponse;Ljavax/servlet/FilterChain;)V+42
j  org.springframework.web.filter.OncePerRequestFilter.doFilter(Ljavax/servlet/ServletRequest;Ljavax/servlet/ServletResponse;Ljavax/servlet/FilterChain;)V+147
j  org.springframework.security.web.FilterChainProxy$VirtualFilterChain.doFilter(Ljavax/servlet/ServletRequest;Ljavax/servlet/ServletResponse;)V+192
j  org.springframework.security.web.FilterChainProxy.doFilterInternal(Ljavax/servlet/ServletRequest;Ljavax/servlet/ServletResponse;Ljavax/servlet/FilterChain;)V+142
j  org.springframework.security.web.FilterChainProxy.doFilter(Ljavax/servlet/ServletRequest;Ljavax/servlet/ServletResponse;Ljavax/servlet/FilterChain;)V+40
j  org.springframework.web.filter.DelegatingFilterProxy.invokeDelegate(Ljavax/servlet/Filter;Ljavax/servlet/ServletRequest;Ljavax/servlet/ServletResponse;Ljavax/servlet/FilterChain;)V+5
j  org.springframework.web.filter.DelegatingFilterProxy.doFilter(Ljavax/servlet/ServletRequest;Ljavax/servlet/ServletResponse;Ljavax/servlet/FilterChain;)V+85
j  org.apache.catalina.core.ApplicationFilterChain.internalDoFilter(Ljavax/servlet/ServletRequest;Ljavax/servlet/ServletResponse;)V+135
j  org.apache.catalina.core.ApplicationFilterChain.doFilter(Ljavax/servlet/ServletRequest;Ljavax/servlet/ServletResponse;)V+101
j  org.springframework.web.filter.RequestContextFilter.doFilterInternal(Ljavax/servlet/http/HttpServletRequest;Ljavax/servlet/http/HttpServletResponse;Ljavax/servlet/FilterChain;)V+21
j  org.springframework.web.filter.OncePerRequestFilter.doFilter(Ljavax/servlet/ServletRequest;Ljavax/servlet/ServletResponse;Ljavax/servlet/FilterChain;)V+147
j  org.apache.catalina.core.ApplicationFilterChain.internalDoFilter(Ljavax/servlet/ServletRequest;Ljavax/servlet/ServletResponse;)V+135
j  org.apache.catalina.core.ApplicationFilterChain.doFilter(Ljavax/servlet/ServletRequest;Ljavax/servlet/ServletResponse;)V+101
j  org.springframework.web.filter.FormContentFilter.doFilterInternal(Ljavax/servlet/http/HttpServletRequest;Ljavax/servlet/http/HttpServletResponse;Ljavax/servlet/FilterChain;)V+38
j  org.springframework.web.filter.OncePerRequestFilter.doFilter(Ljavax/servlet/ServletRequest;Ljavax/servlet/ServletResponse;Ljavax/servlet/FilterChain;)V+147
j  org.apache.catalina.core.ApplicationFilterChain.internalDoFilter(Ljavax/servlet/ServletRequest;Ljavax/servlet/ServletResponse;)V+135
j  org.apache.catalina.core.ApplicationFilterChain.doFilter(Ljavax/servlet/ServletRequest;Ljavax/servlet/ServletResponse;)V+101
j  org.springframework.web.filter.CharacterEncodingFilter.doFilterInternal(Ljavax/servlet/http/HttpServletRequest;Ljavax/servlet/http/HttpServletResponse;Ljavax/servlet/FilterChain;)V+53
j  org.springframework.web.filter.OncePerRequestFilter.doFilter(Ljavax/servlet/ServletRequest;Ljavax/servlet/ServletResponse;Ljavax/servlet/FilterChain;)V+147
j  org.apache.catalina.core.ApplicationFilterChain.internalDoFilter(Ljavax/servlet/ServletRequest;Ljavax/servlet/ServletResponse;)V+135
j  org.apache.catalina.core.ApplicationFilterChain.doFilter(Ljavax/servlet/ServletRequest;Ljavax/servlet/ServletResponse;)V+101
j  org.apache.catalina.core.StandardWrapperValve.invoke(Lorg/apache/catalina/connector/Request;Lorg/apache/catalina/connector/Response;)V+694
j  org.apache.catalina.core.StandardContextValve.invoke(Lorg/apache/catalina/connector/Request;Lorg/apache/catalina/connector/Response;)V+166
j  org.apache.catalina.authenticator.AuthenticatorBase.invoke(Lorg/apache/catalina/connector/Request;Lorg/apache/catalina/connector/Response;)V+260
j  org.apache.catalina.core.StandardHostValve.invoke(Lorg/apache/catalina/connector/Request;Lorg/apache/catalina/connector/Response;)V+114
j  org.apache.catalina.valves.ErrorReportValve.invoke(Lorg/apache/catalina/connector/Request;Lorg/apache/catalina/connector/Response;)V+6
j  org.apache.catalina.core.StandardEngineValve.invoke(Lorg/apache/catalina/connector/Request;Lorg/apache/catalina/connector/Response;)V+45
j  org.apache.catalina.connector.CoyoteAdapter.service(Lorg/apache/coyote/Request;Lorg/apache/coyote/Response;)V+199
j  org.apache.coyote.http11.Http11Processor.service(Lorg/apache/tomcat/util/net/SocketWrapperBase;)Lorg/apache/tomcat/util/net/AbstractEndpoint$Handler$SocketState;+784
j  org.apache.coyote.AbstractProcessorLight.process(Lorg/apache/tomcat/util/net/SocketWrapperBase;Lorg/apache/tomcat/util/net/SocketEvent;)Lorg/apache/tomcat/util/net/AbstractEndpoint$Handler$SocketState;+113
j  org.apache.coyote.AbstractProtocol$ConnectionHandler.process(Lorg/apache/tomcat/util/net/SocketWrapperBase;Lorg/apache/tomcat/util/net/SocketEvent;)Lorg/apache/tomcat/util/net/AbstractEndpoint$Handler$SocketState;+442
j  org.apache.tomcat.util.net.NioEndpoint$SocketProcessor.doRun()V+221
j  org.apache.tomcat.util.net.SocketProcessorBase.run()V+21
j  java.util.concurrent.ThreadPoolExecutor.runWorker(Ljava/util/concurrent/ThreadPoolExecutor$Worker;)V+92 java.base@11.0.2
j  java.util.concurrent.ThreadPoolExecutor$Worker.run()V+5 java.base@11.0.2
j  org.apache.tomcat.util.threads.TaskThread$WrappingRunnable.run()V+4
j  java.lang.Thread.run()V+11 java.base@11.0.2
v  ~StubRoutines::call_stub

siginfo: EXCEPTION_ACCESS_VIOLATION (0xc0000005), data execution prevention violation at address 0x0000000000000000


Register to memory mapping:

RIP=0x0 is NULL
RAX=0x0000000000000001 is an unknown value
RBX=0x000001b2875b0a28 points into unknown readable memory: c0 74 e4 6c 00 00 00 00
RCX=0x000001b2875a0138 points into unknown readable memory: ff ff ff ff ff ff ff ff
RDX=0x000001b28759d7e0 points into unknown readable memory: 62 65 67 69 6e 3b 00 00
RSP=0x000000849dcfc598 is pointing into the stack for thread: 0x000001b28822f000
RBP=0x000001b28759d7e0 points into unknown readable memory: 62 65 67 69 6e 3b 00 00
RSI=0x000001b2875b0a28 points into unknown readable memory: c0 74 e4 6c 00 00 00 00
RDI=0x000000849dcfc6c0 is pointing into the stack for thread: 0x000001b28822f000
R8 =0x0000000000000006 is an unknown value
R9 =0x0000000000000001 is an unknown value
R10=
[error occurred during error reporting (printing register info), id 0xc0000005, EXCEPTION_ACCESS_VIOLATION (0xc0000005) at pc=0x00007ffba63adbc6]

Registers:
RAX=0x0000000000000001, RBX=0x000001b2875b0a28, RCX=0x000001b2875a0138, RDX=0x000001b28759d7e0
RSP=0x000000849dcfc598, RBP=0x000001b28759d7e0, RSI=0x000001b2875b0a28, RDI=0x000000849dcfc6c0
R8 =0x0000000000000006, R9 =0x0000000000000001, R10=0x0000000087166b18, R11=0x000000849dcfc5f0
R12=0x0000000000000006, R13=0x0000000000000001, R14=0x000000849dcfc7b8, R15=0x000001b28822f000
RIP=0x0000000000000000, EFLAGS=0x0000000000010202

Top of Stack: (sp=0x000000849dcfc598)
0x000000849dcfc598:   00000000005cf5f8 000000849dcfc7b0
0x000000849dcfc5a8:   000000849dcff900 000001b28822f000
0x000000849dcfc5b8:   000000849dcfc7b8 000000849dcfc7b0
0x000000849dcfc5c8:   0000000000000006 000001b28822f000
0x000000849dcfc5d8:   0000000000000000 0000000000000003
0x000000849dcfc5e8:   0000000000000007 000001b28822f000
0x000000849dcfc5f8:   000001b28822f340 000001b2875b0a28
0x000000849dcfc608:   000000849dcfc7b8 000000849dcfc7b0
0x000000849dcfc618:   0000000000000000 000001b289f506d0
0x000000849dcfc628:   00000000005cf937 000001b28759d7e0
0x000000849dcfc638:   00000000005315df 000001b2e81f3e3d
0x000000849dcfc648:   000001b28822f340 0000000000000000
0x000000849dcfc658:   000000849dcfc6c0 0000000000000000
0x000000849dcfc668:   0000000000000000 000001b289f506d0
0x000000849dcfc678:   000000000053243f 000001b287ebe4a0
0x000000849dcfc688:   00007ffba6599f63 000000849dcff900 

Instructions: (pc=0x0000000000000000)
0xffffffffffffffe0:   


Stack slot to memory mapping:
stack at sp + 0 slots: 0x00000000005cf5f8 sqlite-3.16.1-ab0465ae-273d-4194-8077-b8841ee11a46-sqlitejdbc.dll
stack at sp + 1 slots: 0x000000849dcfc7b0 is pointing into the stack for thread: 0x000001b28822f000
stack at sp + 2 slots: 0x000000849dcff900 is pointing into the stack for thread: 0x000001b28822f000
stack at sp + 3 slots: 0x000001b28822f000 is a thread
stack at sp + 4 slots: 0x000000849dcfc7b8 is pointing into the stack for thread: 0x000001b28822f000
stack at sp + 5 slots: 0x000000849dcfc7b0 is pointing into the stack for thread: 0x000001b28822f000
stack at sp + 6 slots: 0x0000000000000006 is an unknown value
stack at sp + 7 slots: 0x000001b28822f000 is a thread


---------------  P R O C E S S  ---------------

Threads class SMR info:
_java_thread_list=0x000001b287aa41d0, length=37, elements={
0x000001b2ff48a800, 0x000001b2ff491800, 0x000001b285f0d800, 0x000001b285f0e800,
0x000001b285f0f800, 0x000001b285f12800, 0x000001b28608e000, 0x000001b286097800,
0x000001b28609a800, 0x000001b2862fc000, 0x000001b2863dc000, 0x000001b2867da000,
0x000001b2865ee800, 0x000001b28682e800, 0x000001b286abc000, 0x000001b286a94800,
0x000001b286aad000, 0x000001b287f4a800, 0x000001b287f4b000, 0x000001b287f4c000,
0x000001b288231800, 0x000001b288235000, 0x000001b288231000, 0x000001b28822f000,
0x000001b288234000, 0x000001b288235800, 0x000001b288230000, 0x000001b288232800,
0x000001b288233800, 0x000001b2882ac000, 0x000001b2882ad000, 0x000001b2882aa800,
0x000001b2882b1000, 0x000001b2882ab000, 0x000001b2882b1800, 0x000001b2882ae800,
0x000001b2883e7000
}

Java Threads: ( => current thread )
  0x000001b2ff48a800 JavaThread "Reference Handler" daemon [_thread_blocked, id=16248, stack(0x000000849bb00000,0x000000849bc00000)]
  0x000001b2ff491800 JavaThread "Finalizer" daemon [_thread_blocked, id=1384, stack(0x000000849bc00000,0x000000849bd00000)]
  0x000001b285f0d800 JavaThread "Signal Dispatcher" daemon [_thread_blocked, id=9356, stack(0x000000849bd00000,0x000000849be00000)]
  0x000001b285f0e800 JavaThread "Attach Listener" daemon [_thread_blocked, id=17848, stack(0x000000849be00000,0x000000849bf00000)]
  0x000001b285f0f800 JavaThread "C1 CompilerThread0" daemon [_thread_blocked, id=21252, stack(0x000000849bf00000,0x000000849c000000)]
  0x000001b285f12800 JavaThread "Sweeper thread" daemon [_thread_blocked, id=17572, stack(0x000000849c000000,0x000000849c100000)]
  0x000001b28608e000 JavaThread "Common-Cleaner" daemon [_thread_blocked, id=13380, stack(0x000000849c100000,0x000000849c200000)]
  0x000001b286097800 JavaThread "C1 CompilerThread1" daemon [_thread_blocked, id=19404, stack(0x000000849c200000,0x000000849c300000)]
  0x000001b28609a800 JavaThread "C1 CompilerThread2" daemon [_thread_blocked, id=13444, stack(0x000000849c300000,0x000000849c400000)]
  0x000001b2862fc000 JavaThread "Monitor Ctrl-Break" daemon [_thread_in_native, id=18588, stack(0x000000849c500000,0x000000849c600000)]
  0x000001b2863dc000 JavaThread "Service Thread" daemon [_thread_blocked, id=12048, stack(0x000000849c600000,0x000000849c700000)]
  0x000001b2867da000 JavaThread "RMI TCP Accept-0" daemon [_thread_in_native, id=15944, stack(0x000000849c700000,0x000000849c800000)]
  0x000001b2865ee800 JavaThread "RMI TCP Accept-56575" daemon [_thread_in_native, id=14152, stack(0x000000849c800000,0x000000849c900000)]
  0x000001b28682e800 JavaThread "RMI TCP Accept-0" daemon [_thread_in_native, id=17652, stack(0x000000849c900000,0x000000849ca00000)]
  0x000001b286abc000 JavaThread "RMI TCP Connection(1)-127.0.0.1" daemon [_thread_in_native, id=19384, stack(0x000000849cf00000,0x000000849d000000)]
  0x000001b286a94800 JavaThread "RMI Scheduler(0)" daemon [_thread_blocked, id=18524, stack(0x000000849d000000,0x000000849d100000)]
  0x000001b286aad000 JavaThread "RMI TCP Connection(idle)" daemon [_thread_blocked, id=3820, stack(0x000000849d100000,0x000000849d200000)]
  0x000001b287f4a800 JavaThread "Catalina-utility-1" [_thread_blocked, id=8940, stack(0x000000849cb00000,0x000000849cc00000)]
  0x000001b287f4b000 JavaThread "Catalina-utility-2" [_thread_blocked, id=19336, stack(0x000000849d300000,0x000000849d400000)]
  0x000001b287f4c000 JavaThread "container-0" [_thread_blocked, id=10752, stack(0x000000849d400000,0x000000849d500000)]
  0x000001b288231800 JavaThread "http-nio-8080-BlockPoller" daemon [_thread_in_native, id=2736, stack(0x000000849d900000,0x000000849da00000)]
  0x000001b288235000 JavaThread "http-nio-8080-exec-1" daemon [_thread_in_native, id=6544, stack(0x000000849da00000,0x000000849db00000)]
  0x000001b288231000 JavaThread "http-nio-8080-exec-2" daemon [_thread_in_native, id=8808, stack(0x000000849db00000,0x000000849dc00000)]
=>0x000001b28822f000 JavaThread "http-nio-8080-exec-3" daemon [_thread_in_native, id=21404, stack(0x000000849dc00000,0x000000849dd00000)]
  0x000001b288234000 JavaThread "http-nio-8080-exec-4" daemon [_thread_blocked, id=1376, stack(0x000000849dd00000,0x000000849de00000)]
  0x000001b288235800 JavaThread "http-nio-8080-exec-5" daemon [_thread_blocked, id=508, stack(0x000000849de00000,0x000000849df00000)]
  0x000001b288230000 JavaThread "http-nio-8080-exec-6" daemon [_thread_blocked, id=10520, stack(0x000000849df00000,0x000000849e000000)]
  0x000001b288232800 JavaThread "http-nio-8080-exec-7" daemon [_thread_blocked, id=16892, stack(0x000000849e000000,0x000000849e100000)]
  0x000001b288233800 JavaThread "http-nio-8080-exec-8" daemon [_thread_blocked, id=10216, stack(0x000000849e100000,0x000000849e200000)]
  0x000001b2882ac000 JavaThread "http-nio-8080-exec-9" daemon [_thread_blocked, id=7072, stack(0x000000849e200000,0x000000849e300000)]
  0x000001b2882ad000 JavaThread "http-nio-8080-exec-10" daemon [_thread_blocked, id=5712, stack(0x000000849e300000,0x000000849e400000)]
  0x000001b2882aa800 JavaThread "http-nio-8080-ClientPoller" daemon [_thread_in_native, id=14656, stack(0x000000849e400000,0x000000849e500000)]
  0x000001b2882b1000 JavaThread "http-nio-8080-Acceptor" daemon [_thread_in_native, id=5728, stack(0x000000849e500000,0x000000849e600000)]
  0x000001b2882ab000 JavaThread "DestroyJavaVM" [_thread_blocked, id=3160, stack(0x000000849b400000,0x000000849b500000)]
  0x000001b2882b1800 JavaThread "RMI TCP Connection(3)-127.0.0.1" daemon [_thread_in_native, id=7804, stack(0x000000849e600000,0x000000849e700000)]
  0x000001b2882ae800 JavaThread "RMI TCP Connection(5)-127.0.0.1" daemon [_thread_in_native, id=20388, stack(0x000000849e900000,0x000000849ea00000)]
  0x000001b2883e7000 JavaThread "C1 CompilerThread3" daemon [_thread_blocked, id=20048, stack(0x000000849c400000,0x000000849c500000)]

Other Threads:
  0x000001b2ff465800 VMThread "VM Thread" [stack: 0x000000849ba00000,0x000000849bb00000] [id=18968]
  0x000001b286830000 WatcherThread [stack: 0x000000849ca00000,0x000000849cb00000] [id=14928]
  0x000001b2e486c000 GCTaskThread "GC Thread#0" [stack: 0x000000849b500000,0x000000849b600000] [id=17568]
  0x000001b286986800 GCTaskThread "GC Thread#1" [stack: 0x000000849cc00000,0x000000849cd00000] [id=20116]
  0x000001b28697a800 GCTaskThread "GC Thread#2" [stack: 0x000000849cd00000,0x000000849ce00000] [id=6272]
  0x000001b28697b000 GCTaskThread "GC Thread#3" [stack: 0x000000849ce00000,0x000000849cf00000] [id=14956]
  0x000001b287f96000 GCTaskThread "GC Thread#4" [stack: 0x000000849d500000,0x000000849d600000] [id=11280]
  0x000001b28801e800 GCTaskThread "GC Thread#5" [stack: 0x000000849d600000,0x000000849d700000] [id=15424]
  0x000001b287f51800 GCTaskThread "GC Thread#6" [stack: 0x000000849d700000,0x000000849d800000] [id=2752]
  0x000001b287f52800 GCTaskThread "GC Thread#7" [stack: 0x000000849d800000,0x000000849d900000] [id=21024]
  0x000001b2e4898800 ConcurrentGCThread "G1 Main Marker" [stack: 0x000000849b600000,0x000000849b700000] [id=8340]
  0x000001b2e4899800 ConcurrentGCThread "G1 Conc#0" [stack: 0x000000849b700000,0x000000849b800000] [id=18828]
  0x000001b2877e1800 ConcurrentGCThread "G1 Conc#1" [stack: 0x000000849d200000,0x000000849d300000] [id=13384]
  0x000001b2ff2d0800 ConcurrentGCThread "G1 Refine#0" [stack: 0x000000849b800000,0x000000849b900000] [id=18396]
  0x000001b2ff2d1800 ConcurrentGCThread "G1 Young RemSet Sampling" [stack: 0x000000849b900000,0x000000849ba00000] [id=18656]

Threads with active compile tasks:

VM state:not at safepoint (normal execution)

VM Mutex/Monitor currently owned by a thread: None

Heap address: 0x0000000082000000, size: 2016 MB, Compressed Oops mode: 32-bit
Narrow klass base: 0x0000000000000000, Narrow klass shift: 3
Compressed class space size: 1073741824 Address: 0x0000000100000000

Heap:
 garbage-first heap   total 155648K, used 85196K [0x0000000082000000, 0x0000000100000000)
  region size 1024K, 79 young (80896K), 8 survivors (8192K)
 Metaspace       used 47555K, capacity 48951K, committed 49024K, reserved 1091584K
  class space    used 6172K, capacity 6715K, committed 6784K, reserved 1048576K
Heap Regions: E=young(eden), S=young(survivor), O=old, HS=humongous(starts), HC=humongous(continues), CS=collection set, F=free, A=archive, TAMS=top-at-mark-start (previous, next)
|   0|0x0000000082000000, 0x0000000082100000, 0x0000000082100000|100%| O|  |TAMS 0x0000000082100000, 0x0000000082000000| Untracked 
|   1|0x0000000082100000, 0x0000000082200000, 0x0000000082200000|100%| O|  |TAMS 0x0000000082200000, 0x0000000082100000| Untracked 
|   2|0x0000000082200000, 0x0000000082300000, 0x0000000082300000|100%| O|  |TAMS 0x0000000082300000, 0x0000000082200000| Untracked 
|   3|0x0000000082300000, 0x0000000082400000, 0x0000000082400000|100%| O|  |TAMS 0x0000000082400000, 0x0000000082300000| Untracked 
|   4|0x0000000082400000, 0x0000000082500000, 0x0000000082500000|100%| O|  |TAMS 0x0000000082500000, 0x0000000082400000| Untracked 
|   5|0x0000000082500000, 0x0000000082600000, 0x0000000082600000|100%| O|  |TAMS 0x0000000082600000, 0x0000000082500000| Untracked 
|   6|0x0000000082600000, 0x0000000082693a00, 0x0000000082700000| 57%| O|  |TAMS 0x0000000082693a00, 0x0000000082600000| Untracked 
|   7|0x0000000082700000, 0x0000000082700000, 0x0000000082800000|  0%| F|  |TAMS 0x0000000082700000, 0x0000000082700000| Untracked 
|   8|0x0000000082800000, 0x0000000082800000, 0x0000000082900000|  0%| F|  |TAMS 0x0000000082800000, 0x0000000082800000| Untracked 
|   9|0x0000000082900000, 0x0000000082900000, 0x0000000082a00000|  0%| F|  |TAMS 0x0000000082900000, 0x0000000082900000| Untracked 
|  10|0x0000000082a00000, 0x0000000082a00000, 0x0000000082b00000|  0%| F|  |TAMS 0x0000000082a00000, 0x0000000082a00000| Untracked 
|  11|0x0000000082b00000, 0x0000000082b00000, 0x0000000082c00000|  0%| F|  |TAMS 0x0000000082b00000, 0x0000000082b00000| Untracked 
|  12|0x0000000082c00000, 0x0000000082c00000, 0x0000000082d00000|  0%| F|  |TAMS 0x0000000082c00000, 0x0000000082c00000| Untracked 
|  13|0x0000000082d00000, 0x0000000082d00000, 0x0000000082e00000|  0%| F|  |TAMS 0x0000000082d00000, 0x0000000082d00000| Untracked 
|  14|0x0000000082e00000, 0x0000000082e00000, 0x0000000082f00000|  0%| F|  |TAMS 0x0000000082e00000, 0x0000000082e00000| Untracked 
|  15|0x0000000082f00000, 0x0000000082f00000, 0x0000000083000000|  0%| F|  |TAMS 0x0000000082f00000, 0x0000000082f00000| Untracked 
|  16|0x0000000083000000, 0x0000000083000000, 0x0000000083100000|  0%| F|  |TAMS 0x0000000083000000, 0x0000000083000000| Untracked 
|  17|0x0000000083100000, 0x0000000083100000, 0x0000000083200000|  0%| F|  |TAMS 0x0000000083100000, 0x0000000083100000| Untracked 
|  18|0x0000000083200000, 0x0000000083200000, 0x0000000083300000|  0%| F|  |TAMS 0x0000000083200000, 0x0000000083200000| Untracked 
|  19|0x0000000083300000, 0x0000000083300000, 0x0000000083400000|  0%| F|  |TAMS 0x0000000083300000, 0x0000000083300000| Untracked 
|  20|0x0000000083400000, 0x0000000083400000, 0x0000000083500000|  0%| F|  |TAMS 0x0000000083400000, 0x0000000083400000| Untracked 
|  21|0x0000000083500000, 0x0000000083500000, 0x0000000083600000|  0%| F|  |TAMS 0x0000000083500000, 0x0000000083500000| Untracked 
|  22|0x0000000083600000, 0x0000000083600000, 0x0000000083700000|  0%| F|  |TAMS 0x0000000083600000, 0x0000000083600000| Untracked 
|  23|0x0000000083700000, 0x0000000083700000, 0x0000000083800000|  0%| F|  |TAMS 0x0000000083700000, 0x0000000083700000| Untracked 
|  24|0x0000000083800000, 0x0000000083800000, 0x0000000083900000|  0%| F|  |TAMS 0x0000000083800000, 0x0000000083800000| Untracked 
|  25|0x0000000083900000, 0x0000000083900000, 0x0000000083a00000|  0%| F|  |TAMS 0x0000000083900000, 0x0000000083900000| Untracked 
|  26|0x0000000083a00000, 0x0000000083a00000, 0x0000000083b00000|  0%| F|  |TAMS 0x0000000083a00000, 0x0000000083a00000| Untracked 
|  27|0x0000000083b00000, 0x0000000083b00000, 0x0000000083c00000|  0%| F|  |TAMS 0x0000000083b00000, 0x0000000083b00000| Untracked 
|  28|0x0000000083c00000, 0x0000000083c00000, 0x0000000083d00000|  0%| F|  |TAMS 0x0000000083c00000, 0x0000000083c00000| Untracked 
|  29|0x0000000083d00000, 0x0000000083d00000, 0x0000000083e00000|  0%| F|  |TAMS 0x0000000083d00000, 0x0000000083d00000| Untracked 
|  30|0x0000000083e00000, 0x0000000083e00000, 0x0000000083f00000|  0%| F|  |TAMS 0x0000000083e00000, 0x0000000083e00000| Untracked 
|  31|0x0000000083f00000, 0x0000000083f00000, 0x0000000084000000|  0%| F|  |TAMS 0x0000000083f00000, 0x0000000083f00000| Untracked 
|  32|0x0000000084000000, 0x0000000084000000, 0x0000000084100000|  0%| F|  |TAMS 0x0000000084000000, 0x0000000084000000| Untracked 
|  33|0x0000000084100000, 0x0000000084100000, 0x0000000084200000|  0%| F|  |TAMS 0x0000000084100000, 0x0000000084100000| Untracked 
|  34|0x0000000084200000, 0x0000000084200000, 0x0000000084300000|  0%| F|  |TAMS 0x0000000084200000, 0x0000000084200000| Untracked 
|  35|0x0000000084300000, 0x0000000084300000, 0x0000000084400000|  0%| F|  |TAMS 0x0000000084300000, 0x0000000084300000| Untracked 
|  36|0x0000000084400000, 0x0000000084400000, 0x0000000084500000|  0%| F|  |TAMS 0x0000000084400000, 0x0000000084400000| Untracked 
|  37|0x0000000084500000, 0x0000000084500000, 0x0000000084600000|  0%| F|  |TAMS 0x0000000084500000, 0x0000000084500000| Untracked 
|  38|0x0000000084600000, 0x0000000084600000, 0x0000000084700000|  0%| F|  |TAMS 0x0000000084600000, 0x0000000084600000| Untracked 
|  39|0x0000000084700000, 0x0000000084700000, 0x0000000084800000|  0%| F|  |TAMS 0x0000000084700000, 0x0000000084700000| Untracked 
|  40|0x0000000084800000, 0x0000000084800000, 0x0000000084900000|  0%| F|  |TAMS 0x0000000084800000, 0x0000000084800000| Untracked 
|  41|0x0000000084900000, 0x0000000084900000, 0x0000000084a00000|  0%| F|  |TAMS 0x0000000084900000, 0x0000000084900000| Untracked 
|  42|0x0000000084a00000, 0x0000000084a00000, 0x0000000084b00000|  0%| F|  |TAMS 0x0000000084a00000, 0x0000000084a00000| Untracked 
|  43|0x0000000084b00000, 0x0000000084b00000, 0x0000000084c00000|  0%| F|  |TAMS 0x0000000084b00000, 0x0000000084b00000| Untracked 
|  44|0x0000000084c00000, 0x0000000084c00000, 0x0000000084d00000|  0%| F|  |TAMS 0x0000000084c00000, 0x0000000084c00000| Untracked 
|  45|0x0000000084d00000, 0x0000000084d00000, 0x0000000084e00000|  0%| F|  |TAMS 0x0000000084d00000, 0x0000000084d00000| Untracked 
|  46|0x0000000084e00000, 0x0000000084e00000, 0x0000000084f00000|  0%| F|  |TAMS 0x0000000084e00000, 0x0000000084e00000| Untracked 
|  47|0x0000000084f00000, 0x0000000084f9f9e8, 0x0000000085000000| 62%| S|CS|TAMS 0x0000000084f00000, 0x0000000084f00000| Complete 
|  48|0x0000000085000000, 0x0000000085100000, 0x0000000085100000|100%| S|CS|TAMS 0x0000000085000000, 0x0000000085000000| Complete 
|  49|0x0000000085100000, 0x0000000085200000, 0x0000000085200000|100%| S|CS|TAMS 0x0000000085100000, 0x0000000085100000| Complete 
|  50|0x0000000085200000, 0x0000000085300000, 0x0000000085300000|100%| S|CS|TAMS 0x0000000085200000, 0x0000000085200000| Complete 
|  51|0x0000000085300000, 0x0000000085400000, 0x0000000085400000|100%| S|CS|TAMS 0x0000000085300000, 0x0000000085300000| Complete 
|  52|0x0000000085400000, 0x0000000085500000, 0x0000000085500000|100%| S|CS|TAMS 0x0000000085400000, 0x0000000085400000| Complete 
|  53|0x0000000085500000, 0x0000000085600000, 0x0000000085600000|100%| S|CS|TAMS 0x0000000085500000, 0x0000000085500000| Complete 
|  54|0x0000000085600000, 0x0000000085700000, 0x0000000085700000|100%| S|CS|TAMS 0x0000000085600000, 0x0000000085600000| Complete 
|  55|0x0000000085700000, 0x0000000085700000, 0x0000000085800000|  0%| F|  |TAMS 0x0000000085700000, 0x0000000085700000| Untracked 
|  56|0x0000000085800000, 0x0000000085800000, 0x0000000085900000|  0%| F|  |TAMS 0x0000000085800000, 0x0000000085800000| Untracked 
|  57|0x0000000085900000, 0x0000000085900000, 0x0000000085a00000|  0%| F|  |TAMS 0x0000000085900000, 0x0000000085900000| Untracked 
|  58|0x0000000085a00000, 0x0000000085a00000, 0x0000000085b00000|  0%| F|  |TAMS 0x0000000085a00000, 0x0000000085a00000| Untracked 
|  59|0x0000000085b00000, 0x0000000085b00000, 0x0000000085c00000|  0%| F|  |TAMS 0x0000000085b00000, 0x0000000085b00000| Untracked 
|  60|0x0000000085c00000, 0x0000000085c00000, 0x0000000085d00000|  0%| F|  |TAMS 0x0000000085c00000, 0x0000000085c00000| Untracked 
|  61|0x0000000085d00000, 0x0000000085d00000, 0x0000000085e00000|  0%| F|  |TAMS 0x0000000085d00000, 0x0000000085d00000| Untracked 
|  62|0x0000000085e00000, 0x0000000085e00000, 0x0000000085f00000|  0%| F|  |TAMS 0x0000000085e00000, 0x0000000085e00000| Untracked 
|  63|0x0000000085f00000, 0x0000000085f00000, 0x0000000086000000|  0%| F|  |TAMS 0x0000000085f00000, 0x0000000085f00000| Untracked 
|  64|0x0000000086000000, 0x0000000086000000, 0x0000000086100000|  0%| F|  |TAMS 0x0000000086000000, 0x0000000086000000| Untracked 
|  65|0x0000000086100000, 0x0000000086100000, 0x0000000086200000|  0%| F|  |TAMS 0x0000000086100000, 0x0000000086100000| Untracked 
|  66|0x0000000086200000, 0x0000000086200000, 0x0000000086300000|  0%| F|  |TAMS 0x0000000086200000, 0x0000000086200000| Untracked 
|  67|0x0000000086300000, 0x0000000086300000, 0x0000000086400000|  0%| F|  |TAMS 0x0000000086300000, 0x0000000086300000| Untracked 
|  68|0x0000000086400000, 0x0000000086400000, 0x0000000086500000|  0%| F|  |TAMS 0x0000000086400000, 0x0000000086400000| Untracked 
|  69|0x0000000086500000, 0x0000000086500000, 0x0000000086600000|  0%| F|  |TAMS 0x0000000086500000, 0x0000000086500000| Untracked 
|  70|0x0000000086600000, 0x0000000086600000, 0x0000000086700000|  0%| F|  |TAMS 0x0000000086600000, 0x0000000086600000| Untracked 
|  71|0x0000000086700000, 0x0000000086700000, 0x0000000086800000|  0%| F|  |TAMS 0x0000000086700000, 0x0000000086700000| Untracked 
|  72|0x0000000086800000, 0x0000000086800000, 0x0000000086900000|  0%| F|  |TAMS 0x0000000086800000, 0x0000000086800000| Untracked 
|  73|0x0000000086900000, 0x0000000086900000, 0x0000000086a00000|  0%| F|  |TAMS 0x0000000086900000, 0x0000000086900000| Untracked 
|  74|0x0000000086a00000, 0x0000000086a00000, 0x0000000086b00000|  0%| F|  |TAMS 0x0000000086a00000, 0x0000000086a00000| Untracked 
|  75|0x0000000086b00000, 0x0000000086b00000, 0x0000000086c00000|  0%| F|  |TAMS 0x0000000086b00000, 0x0000000086b00000| Untracked 
|  76|0x0000000086c00000, 0x0000000086c00000, 0x0000000086d00000|  0%| F|  |TAMS 0x0000000086c00000, 0x0000000086c00000| Untracked 
|  77|0x0000000086d00000, 0x0000000086d00000, 0x0000000086e00000|  0%| F|  |TAMS 0x0000000086d00000, 0x0000000086d00000| Untracked 
|  78|0x0000000086e00000, 0x0000000086e00000, 0x0000000086f00000|  0%| F|  |TAMS 0x0000000086e00000, 0x0000000086e00000| Untracked 
|  79|0x0000000086f00000, 0x0000000086f00000, 0x0000000087000000|  0%| F|  |TAMS 0x0000000086f00000, 0x0000000086f00000| Untracked 
|  80|0x0000000087000000, 0x0000000087000000, 0x0000000087100000|  0%| F|  |TAMS 0x0000000087000000, 0x0000000087000000| Untracked 
|  81|0x0000000087100000, 0x0000000087199f28, 0x0000000087200000| 60%| E|  |TAMS 0x0000000087100000, 0x0000000087100000| Complete 
|  82|0x0000000087200000, 0x0000000087300000, 0x0000000087300000|100%| E|CS|TAMS 0x0000000087200000, 0x0000000087200000| Complete 
|  83|0x0000000087300000, 0x0000000087400000, 0x0000000087400000|100%| E|CS|TAMS 0x0000000087300000, 0x0000000087300000| Complete 
|  84|0x0000000087400000, 0x0000000087500000, 0x0000000087500000|100%| E|  |TAMS 0x0000000087400000, 0x0000000087400000| Complete 
|  85|0x0000000087500000, 0x0000000087600000, 0x0000000087600000|100%| E|CS|TAMS 0x0000000087500000, 0x0000000087500000| Complete 
|  86|0x0000000087600000, 0x0000000087700000, 0x0000000087700000|100%| E|CS|TAMS 0x0000000087600000, 0x0000000087600000| Complete 
|  87|0x0000000087700000, 0x0000000087800000, 0x0000000087800000|100%| E|CS|TAMS 0x0000000087700000, 0x0000000087700000| Complete 
|  88|0x0000000087800000, 0x0000000087900000, 0x0000000087900000|100%| E|CS|TAMS 0x0000000087800000, 0x0000000087800000| Complete 
|  89|0x0000000087900000, 0x0000000087a00000, 0x0000000087a00000|100%| E|CS|TAMS 0x0000000087900000, 0x0000000087900000| Complete 
|  90|0x0000000087a00000, 0x0000000087b00000, 0x0000000087b00000|100%| E|CS|TAMS 0x0000000087a00000, 0x0000000087a00000| Complete 
|  91|0x0000000087b00000, 0x0000000087c00000, 0x0000000087c00000|100%| E|CS|TAMS 0x0000000087b00000, 0x0000000087b00000| Complete 
|  92|0x0000000087c00000, 0x0000000087d00000, 0x0000000087d00000|100%| E|CS|TAMS 0x0000000087c00000, 0x0000000087c00000| Complete 
|  93|0x0000000087d00000, 0x0000000087e00000, 0x0000000087e00000|100%| E|CS|TAMS 0x0000000087d00000, 0x0000000087d00000| Complete 
|  94|0x0000000087e00000, 0x0000000087f00000, 0x0000000087f00000|100%| E|CS|TAMS 0x0000000087e00000, 0x0000000087e00000| Complete 
|  95|0x0000000087f00000, 0x0000000088000000, 0x0000000088000000|100%| E|CS|TAMS 0x0000000087f00000, 0x0000000087f00000| Complete 
|  96|0x0000000088000000, 0x0000000088100000, 0x0000000088100000|100%| E|CS|TAMS 0x0000000088000000, 0x0000000088000000| Complete 
|  97|0x0000000088100000, 0x0000000088200000, 0x0000000088200000|100%| E|CS|TAMS 0x0000000088100000, 0x0000000088100000| Complete 
|  98|0x0000000088200000, 0x0000000088300000, 0x0000000088300000|100%| E|CS|TAMS 0x0000000088200000, 0x0000000088200000| Complete 
|  99|0x0000000088300000, 0x0000000088400000, 0x0000000088400000|100%| E|CS|TAMS 0x0000000088300000, 0x0000000088300000| Complete 
| 100|0x0000000088400000, 0x0000000088500000, 0x0000000088500000|100%| E|CS|TAMS 0x0000000088400000, 0x0000000088400000| Complete 
| 101|0x0000000088500000, 0x0000000088600000, 0x0000000088600000|100%| E|CS|TAMS 0x0000000088500000, 0x0000000088500000| Complete 
| 102|0x0000000088600000, 0x0000000088700000, 0x0000000088700000|100%| E|CS|TAMS 0x0000000088600000, 0x0000000088600000| Complete 
| 103|0x0000000088700000, 0x0000000088800000, 0x0000000088800000|100%| E|CS|TAMS 0x0000000088700000, 0x0000000088700000| Complete 
| 104|0x0000000088800000, 0x0000000088900000, 0x0000000088900000|100%| E|CS|TAMS 0x0000000088800000, 0x0000000088800000| Complete 
| 105|0x0000000088900000, 0x0000000088a00000, 0x0000000088a00000|100%| E|CS|TAMS 0x0000000088900000, 0x0000000088900000| Complete 
| 106|0x0000000088a00000, 0x0000000088b00000, 0x0000000088b00000|100%| E|CS|TAMS 0x0000000088a00000, 0x0000000088a00000| Complete 
| 107|0x0000000088b00000, 0x0000000088c00000, 0x0000000088c00000|100%| E|CS|TAMS 0x0000000088b00000, 0x0000000088b00000| Complete 
| 108|0x0000000088c00000, 0x0000000088d00000, 0x0000000088d00000|100%| E|CS|TAMS 0x0000000088c00000, 0x0000000088c00000| Complete 
| 109|0x0000000088d00000, 0x0000000088e00000, 0x0000000088e00000|100%| E|CS|TAMS 0x0000000088d00000, 0x0000000088d00000| Complete 
| 110|0x0000000088e00000, 0x0000000088f00000, 0x0000000088f00000|100%| E|CS|TAMS 0x0000000088e00000, 0x0000000088e00000| Complete 
| 111|0x0000000088f00000, 0x0000000089000000, 0x0000000089000000|100%| E|CS|TAMS 0x0000000088f00000, 0x0000000088f00000| Complete 
| 112|0x0000000089000000, 0x0000000089100000, 0x0000000089100000|100%| E|CS|TAMS 0x0000000089000000, 0x0000000089000000| Complete 
| 113|0x0000000089100000, 0x0000000089200000, 0x0000000089200000|100%| E|CS|TAMS 0x0000000089100000, 0x0000000089100000| Complete 
| 114|0x0000000089200000, 0x0000000089300000, 0x0000000089300000|100%| E|CS|TAMS 0x0000000089200000, 0x0000000089200000| Complete 
| 115|0x0000000089300000, 0x0000000089400000, 0x0000000089400000|100%| E|CS|TAMS 0x0000000089300000, 0x0000000089300000| Complete 
| 116|0x0000000089400000, 0x0000000089500000, 0x0000000089500000|100%| E|CS|TAMS 0x0000000089400000, 0x0000000089400000| Complete 
| 117|0x0000000089500000, 0x0000000089600000, 0x0000000089600000|100%| E|CS|TAMS 0x0000000089500000, 0x0000000089500000| Complete 
| 118|0x0000000089600000, 0x0000000089700000, 0x0000000089700000|100%| E|CS|TAMS 0x0000000089600000, 0x0000000089600000| Complete 
| 119|0x0000000089700000, 0x0000000089800000, 0x0000000089800000|100%| E|CS|TAMS 0x0000000089700000, 0x0000000089700000| Complete 
| 120|0x0000000089800000, 0x0000000089900000, 0x0000000089900000|100%| E|CS|TAMS 0x0000000089800000, 0x0000000089800000| Complete 
| 121|0x0000000089900000, 0x0000000089a00000, 0x0000000089a00000|100%| E|CS|TAMS 0x0000000089900000, 0x0000000089900000| Complete 
| 122|0x0000000089a00000, 0x0000000089b00000, 0x0000000089b00000|100%| E|CS|TAMS 0x0000000089a00000, 0x0000000089a00000| Complete 
| 123|0x0000000089b00000, 0x0000000089c00000, 0x0000000089c00000|100%| E|CS|TAMS 0x0000000089b00000, 0x0000000089b00000| Complete 
| 124|0x0000000089c00000, 0x0000000089d00000, 0x0000000089d00000|100%| E|CS|TAMS 0x0000000089c00000, 0x0000000089c00000| Complete 
| 125|0x0000000089d00000, 0x0000000089e00000, 0x0000000089e00000|100%| E|CS|TAMS 0x0000000089d00000, 0x0000000089d00000| Complete 
| 126|0x0000000089e00000, 0x0000000089f00000, 0x0000000089f00000|100%| E|CS|TAMS 0x0000000089e00000, 0x0000000089e00000| Complete 
| 127|0x0000000089f00000, 0x000000008a000000, 0x000000008a000000|100%| E|CS|TAMS 0x0000000089f00000, 0x0000000089f00000| Complete 
| 128|0x000000008a000000, 0x000000008a100000, 0x000000008a100000|100%| E|CS|TAMS 0x000000008a000000, 0x000000008a000000| Complete 
| 129|0x000000008a100000, 0x000000008a200000, 0x000000008a200000|100%| E|CS|TAMS 0x000000008a100000, 0x000000008a100000| Complete 
| 130|0x000000008a200000, 0x000000008a300000, 0x000000008a300000|100%| E|CS|TAMS 0x000000008a200000, 0x000000008a200000| Complete 
| 131|0x000000008a300000, 0x000000008a400000, 0x000000008a400000|100%| E|CS|TAMS 0x000000008a300000, 0x000000008a300000| Complete 
| 132|0x000000008a400000, 0x000000008a500000, 0x000000008a500000|100%| E|CS|TAMS 0x000000008a400000, 0x000000008a400000| Complete 
| 133|0x000000008a500000, 0x000000008a600000, 0x000000008a600000|100%| E|CS|TAMS 0x000000008a500000, 0x000000008a500000| Complete 
| 134|0x000000008a600000, 0x000000008a700000, 0x000000008a700000|100%| E|CS|TAMS 0x000000008a600000, 0x000000008a600000| Complete 
| 135|0x000000008a700000, 0x000000008a800000, 0x000000008a800000|100%| E|CS|TAMS 0x000000008a700000, 0x000000008a700000| Complete 
| 136|0x000000008a800000, 0x000000008a900000, 0x000000008a900000|100%| E|CS|TAMS 0x000000008a800000, 0x000000008a800000| Complete 
| 137|0x000000008a900000, 0x000000008aa00000, 0x000000008aa00000|100%| E|CS|TAMS 0x000000008a900000, 0x000000008a900000| Complete 
| 138|0x000000008aa00000, 0x000000008ab00000, 0x000000008ab00000|100%| E|CS|TAMS 0x000000008aa00000, 0x000000008aa00000| Complete 
| 139|0x000000008ab00000, 0x000000008ac00000, 0x000000008ac00000|100%| E|CS|TAMS 0x000000008ab00000, 0x000000008ab00000| Complete 
| 140|0x000000008ac00000, 0x000000008ad00000, 0x000000008ad00000|100%| E|CS|TAMS 0x000000008ac00000, 0x000000008ac00000| Complete 
| 141|0x000000008ad00000, 0x000000008ae00000, 0x000000008ae00000|100%| E|CS|TAMS 0x000000008ad00000, 0x000000008ad00000| Complete 
| 142|0x000000008ae00000, 0x000000008af00000, 0x000000008af00000|100%| E|CS|TAMS 0x000000008ae00000, 0x000000008ae00000| Complete 
| 143|0x000000008af00000, 0x000000008b000000, 0x000000008b000000|100%| E|CS|TAMS 0x000000008af00000, 0x000000008af00000| Complete 
| 144|0x000000008b000000, 0x000000008b100000, 0x000000008b100000|100%| E|CS|TAMS 0x000000008b000000, 0x000000008b000000| Complete 
| 145|0x000000008b100000, 0x000000008b200000, 0x000000008b200000|100%| E|CS|TAMS 0x000000008b100000, 0x000000008b100000| Complete 
| 146|0x000000008b200000, 0x000000008b300000, 0x000000008b300000|100%| E|CS|TAMS 0x000000008b200000, 0x000000008b200000| Complete 
| 147|0x000000008b300000, 0x000000008b400000, 0x000000008b400000|100%| E|CS|TAMS 0x000000008b300000, 0x000000008b300000| Complete 
| 148|0x000000008b400000, 0x000000008b500000, 0x000000008b500000|100%| E|CS|TAMS 0x000000008b400000, 0x000000008b400000| Complete 
| 149|0x000000008b500000, 0x000000008b600000, 0x000000008b600000|100%| E|CS|TAMS 0x000000008b500000, 0x000000008b500000| Complete 
| 150|0x000000008b600000, 0x000000008b700000, 0x000000008b700000|100%| E|CS|TAMS 0x000000008b600000, 0x000000008b600000| Complete 
| 151|0x000000008b700000, 0x000000008b800000, 0x000000008b800000|100%| E|CS|TAMS 0x000000008b700000, 0x000000008b700000| Complete 

Card table byte_map: [0x000001b2fe190000,0x000001b2fe580000] _byte_map_base: 0x000001b2fdd80000

Marking Bits (Prev, Next): (CMBitMap*) 0x000001b2e488faf8, (CMBitMap*) 0x000001b2e488fb30
 Prev Bits: [0x000001b280000000, 0x000001b281f80000)
 Next Bits: [0x000001b281f80000, 0x000001b283f00000)

Polling page: 0x000001b2e60c0000

Metaspace:

Usage:
  Non-class:     41.25 MB capacity,    40.41 MB ( 98%) used,   692.13 KB (  2%) free+waste,   160.63 KB ( <1%) overhead. 
      Class:      6.56 MB capacity,     6.03 MB ( 92%) used,   463.19 KB (  7%) free+waste,    79.13 KB (  1%) overhead. 
       Both:     47.80 MB capacity,    46.44 MB ( 97%) used,     1.13 MB (  2%) free+waste,   239.75 KB ( <1%) overhead. 

Virtual space:
  Non-class space:       42.00 MB reserved,      41.25 MB ( 98%) committed 
      Class space:        1.00 GB reserved,       6.63 MB ( <1%) committed 
             Both:        1.04 GB reserved,      47.88 MB (  4%) committed 

Chunk freelists:
   Non-Class:  512 bytes
       Class:  640 bytes
        Both:  1.13 KB

CodeHeap 'non-profiled nmethods': size=238336Kb used=7097Kb max_used=7097Kb free=231238Kb
 bounds [0x000001b2eea70000, 0x000001b2ef170000, 0x000001b2fd330000]
CodeHeap 'non-nmethods': size=7424Kb used=2888Kb max_used=2888Kb free=4535Kb
 bounds [0x000001b2ee330000, 0x000001b2ee690000, 0x000001b2eea70000]
 total_blobs=4999 nmethods=4355 adapters=476
 compilation: enabled
              stopped_count=0, restarted_count=0
 full_count=0

Compilation events (10 events):
Event: 8.696 Thread 0x000001b2883e7000 4423       1       java.io.FilterInputStream::read (9 bytes)
Event: 8.696 Thread 0x000001b2883e7000 nmethod 4423 0x000001b2ef15e410 code [0x000001b2ef15e5c0, 0x000001b2ef15e710]
Event: 8.696 Thread 0x000001b286097800 4424       1       java.io.FileOutputStream::write (20 bytes)
Event: 8.696 Thread 0x000001b286097800 nmethod 4424 0x000001b2ef15ec10 code [0x000001b2ef15edc0, 0x000001b2ef15ef10]
Event: 8.707 Thread 0x000001b28609a800 4426 %     1       org.sqlite.SQLiteJDBCLoader::contentsEquals @ 37 (78 bytes)
Event: 8.707 Thread 0x000001b28609a800 nmethod 4426% 0x000001b2ef15f010 code [0x000001b2ef15f220, 0x000001b2ef15f680]
Event: 8.707 Thread 0x000001b285f0f800 4427       1       org.sqlite.SQLiteJDBCLoader::contentsEquals (78 bytes)
Event: 8.707 Thread 0x000001b285f0f800 nmethod 4427 0x000001b2ef15f890 code [0x000001b2ef15faa0, 0x000001b2ef15fe80]
Event: 8.736 Thread 0x000001b2883e7000 4428       1       java.util.regex.Pattern$BmpCharProperty::<init> (6 bytes)
Event: 8.736 Thread 0x000001b2883e7000 nmethod 4428 0x000001b2ef160010 code [0x000001b2ef1601c0, 0x000001b2ef160378]

GC Heap History (10 events):
Event: 1.018 GC heap before
{Heap before GC invocations=1 (full 0):
 garbage-first heap   total 129024K, used 22264K [0x0000000082000000, 0x0000000100000000)
  region size 1024K, 19 young (19456K), 3 survivors (3072K)
 Metaspace       used 17797K, capacity 18328K, committed 18688K, reserved 1064960K
  class space    used 1992K, capacity 2193K, committed 2304K, reserved 1048576K
}
Event: 1.023 GC heap after
{Heap after GC invocations=2 (full 0):
 garbage-first heap   total 129024K, used 6919K [0x0000000082000000, 0x0000000100000000)
  region size 1024K, 1 young (1024K), 1 survivors (1024K)
 Metaspace       used 17797K, capacity 18328K, committed 18688K, reserved 1064960K
  class space    used 1992K, capacity 2193K, committed 2304K, reserved 1048576K
}
Event: 1.169 GC heap before
{Heap before GC invocations=2 (full 0):
 garbage-first heap   total 129024K, used 27399K [0x0000000082000000, 0x0000000100000000)
  region size 1024K, 22 young (22528K), 1 survivors (1024K)
 Metaspace       used 20651K, capacity 21211K, committed 21248K, reserved 1067008K
  class space    used 2509K, capacity 2779K, committed 2816K, reserved 1048576K
}
Event: 1.171 GC heap after
{Heap after GC invocations=3 (full 0):
 garbage-first heap   total 129024K, used 7810K [0x0000000082000000, 0x0000000100000000)
  region size 1024K, 2 young (2048K), 2 survivors (2048K)
 Metaspace       used 20651K, capacity 21211K, committed 21248K, reserved 1067008K
  class space    used 2509K, capacity 2779K, committed 2816K, reserved 1048576K
}
Event: 1.642 GC heap before
{Heap before GC invocations=4 (full 0):
 garbage-first heap   total 129024K, used 56962K [0x0000000082000000, 0x0000000100000000)
  region size 1024K, 51 young (52224K), 2 survivors (2048K)
 Metaspace       used 25883K, capacity 26702K, committed 26880K, reserved 1073152K
  class space    used 3186K, capacity 3485K, committed 3584K, reserved 1048576K
}
Event: 1.647 GC heap after
{Heap after GC invocations=5 (full 0):
 garbage-first heap   total 129024K, used 9410K [0x0000000082000000, 0x0000000100000000)
  region size 1024K, 4 young (4096K), 4 survivors (4096K)
 Metaspace       used 25883K, capacity 26702K, committed 26880K, reserved 1073152K
  class space    used 3186K, capacity 3485K, committed 3584K, reserved 1048576K
}
Event: 2.259 GC heap before
{Heap before GC invocations=5 (full 0):
 garbage-first heap   total 129024K, used 68802K [0x0000000082000000, 0x0000000100000000)
  region size 1024K, 63 young (64512K), 4 survivors (4096K)
 Metaspace       used 30729K, capacity 31757K, committed 32000K, reserved 1077248K
  class space    used 3897K, capacity 4285K, committed 4352K, reserved 1048576K
}
Event: 2.266 GC heap after
{Heap after GC invocations=6 (full 0):
 garbage-first heap   total 129024K, used 12028K [0x0000000082000000, 0x0000000100000000)
  region size 1024K, 6 young (6144K), 6 survivors (6144K)
 Metaspace       used 30729K, capacity 31757K, committed 32000K, reserved 1077248K
  class space    used 3897K, capacity 4285K, committed 4352K, reserved 1048576K
}
Event: 2.837 GC heap before
{Heap before GC invocations=6 (full 0):
 garbage-first heap   total 129024K, used 76540K [0x0000000082000000, 0x0000000100000000)
  region size 1024K, 71 young (72704K), 6 survivors (6144K)
 Metaspace       used 34664K, capacity 35766K, committed 35840K, reserved 1081344K
  class space    used 4386K, capacity 4829K, committed 4864K, reserved 1048576K
}
Event: 2.851 GC heap after
{Heap after GC invocations=7 (full 0):
 garbage-first heap   total 155648K, used 14540K [0x0000000082000000, 0x0000000100000000)
  region size 1024K, 8 young (8192K), 8 survivors (8192K)
 Metaspace       used 34664K, capacity 35766K, committed 35840K, reserved 1081344K
  class space    used 4386K, capacity 4829K, committed 4864K, reserved 1048576K
}

Deoptimization events (0 events):
No events

Classes redefined (0 events):
No events

Internal exceptions (10 events):
Event: 8.415 Thread 0x000001b28822f000 Exception <a 'java/lang/LinkageError'{0x0000000087e1d0a8}> (0x0000000087e1d0a8) thrown at [t:/workspace/open/src/hotspot/share/classfile/systemDictionary.cpp, line 1722]
Event: 8.416 Thread 0x000001b288231000 Exception <a 'java/lang/LinkageError'{0x0000000087e89060}: loader 'app' (instance of jdk.internal.loader.ClassLoaders$AppClassLoader) attempted duplicate class definition for org.hibernate.boot.jaxb.cfg.spi.JaxbCfgHibernateConfiguration$JaxbAccessorF_secu
Event: 8.416 Thread 0x000001b288231000 Exception <a 'java/lang/LinkageError'{0x0000000087e89060}> (0x0000000087e89060) thrown at [t:/workspace/open/src/hotspot/share/classfile/systemDictionary.cpp, line 1722]
Event: 8.417 Thread 0x000001b288231000 Exception <a 'java/lang/LinkageError'{0x0000000087e90c60}: loader 'app' (instance of jdk.internal.loader.ClassLoaders$AppClassLoader) attempted duplicate class definition for org.hibernate.boot.jaxb.cfg.spi.JaxbCfgHibernateConfiguration$JaxbCfgSecurity$Ja
Event: 8.417 Thread 0x000001b288231000 Exception <a 'java/lang/LinkageError'{0x0000000087e90c60}> (0x0000000087e90c60) thrown at [t:/workspace/open/src/hotspot/share/classfile/systemDictionary.cpp, line 1722]
Event: 8.417 Thread 0x000001b288235000 Exception <a 'java/lang/LinkageError'{0x0000000087ec9610}: loader 'app' (instance of jdk.internal.loader.ClassLoaders$AppClassLoader) attempted duplicate class definition for org.hibernate.boot.jaxb.cfg.spi.JaxbCfgHibernateConfiguration$JaxbCfgSecurity$Ja
Event: 8.417 Thread 0x000001b288235000 Exception <a 'java/lang/LinkageError'{0x0000000087ec9610}> (0x0000000087ec9610) thrown at [t:/workspace/open/src/hotspot/share/classfile/systemDictionary.cpp, line 1722]
Event: 8.418 Thread 0x000001b288231000 Exception <a 'java/lang/LinkageError'{0x0000000087d01760}: loader 'app' (instance of jdk.internal.loader.ClassLoaders$AppClassLoader) attempted duplicate class definition for org.hibernate.boot.jaxb.cfg.spi.JaxbCfgHibernateConfiguration$JaxbCfgSecurity$Ja
Event: 8.418 Thread 0x000001b288231000 Exception <a 'java/lang/LinkageError'{0x0000000087d01760}> (0x0000000087d01760) thrown at [t:/workspace/open/src/hotspot/share/classfile/systemDictionary.cpp, line 1722]
Event: 8.473 Thread 0x000001b288231000 Exception <a 'java/lang/ClassNotFoundException'{0x0000000087c84fb0}: com/sun/org/apache/xerces/internal/impl/xpath/regex/spi/messageProvider> (0x0000000087c84fb0) thrown at [t:/workspace/open/src/hotspot/share/classfile/systemDictionary.cpp, line 231]

Events (10 events):
Event: 8.733 loading class org/sqlite/jdbc3/JDBC3Statement
Event: 8.733 loading class org/sqlite/jdbc3/JDBC3Statement done
Event: 8.733 loading class org/sqlite/core/CoreStatement
Event: 8.733 loading class org/sqlite/core/CoreStatement done
Event: 8.734 loading class org/sqlite/jdbc4/JDBC4ResultSet
Event: 8.734 loading class org/sqlite/jdbc4/JDBC4ResultSet done
Event: 8.734 loading class org/sqlite/jdbc3/JDBC3ResultSet
Event: 8.734 loading class org/sqlite/jdbc3/JDBC3ResultSet done
Event: 8.735 loading class org/sqlite/core/CoreResultSet
Event: 8.735 loading class org/sqlite/core/CoreResultSet done


Dynamic libraries:
0x00007ff7aa920000 - 0x00007ff7aa967000 	C:\Program Files\Java\jdk-11.0.2\bin\java.exe
0x00007ffbeeec0000 - 0x00007ffbef0b0000 	C:\WINDOWS\SYSTEM32\ntdll.dll
0x00007ffbedbc0000 - 0x00007ffbedc72000 	C:\WINDOWS\System32\KERNEL32.DLL
0x00007ffbeca20000 - 0x00007ffbeccc3000 	C:\WINDOWS\System32\KERNELBASE.dll
0x00007ffbed8f0000 - 0x00007ffbed993000 	C:\WINDOWS\System32\ADVAPI32.dll
0x00007ffbee1f0000 - 0x00007ffbee28e000 	C:\WINDOWS\System32\msvcrt.dll
0x00007ffbeec80000 - 0x00007ffbeed17000 	C:\WINDOWS\System32\sechost.dll
0x00007ffbed9a0000 - 0x00007ffbedac0000 	C:\WINDOWS\System32\RPCRT4.dll
0x00007ffbee9f0000 - 0x00007ffbeeb84000 	C:\WINDOWS\System32\USER32.dll
0x00007ffbec850000 - 0x00007ffbec871000 	C:\WINDOWS\System32\win32u.dll
0x00007ffbeec40000 - 0x00007ffbeec66000 	C:\WINDOWS\System32\GDI32.dll
0x00007ffbec880000 - 0x00007ffbeca14000 	C:\WINDOWS\System32\gdi32full.dll
0x00007ffbeccd0000 - 0x00007ffbecd6e000 	C:\WINDOWS\System32\msvcp_win.dll
0x00007ffbece70000 - 0x00007ffbecf6a000 	C:\WINDOWS\System32\ucrtbase.dll
0x00007ffbd7560000 - 0x00007ffbd77e5000 	C:\WINDOWS\WinSxS\amd64_microsoft.windows.common-controls_6595b64144ccf1df_6.0.18362.657_none_e6c5b579130e3898\COMCTL32.dll
0x00007ffbecf70000 - 0x00007ffbed2a6000 	C:\WINDOWS\System32\combase.dll
0x00007ffbe27a0000 - 0x00007ffbe27aa000 	C:\WINDOWS\SYSTEM32\VERSION.dll
0x00007ffbecdf0000 - 0x00007ffbece70000 	C:\WINDOWS\System32\bcryptPrimitives.dll
0x00007ffbeed20000 - 0x00007ffbeed4e000 	C:\WINDOWS\System32\IMM32.DLL
0x00007ffbe4640000 - 0x00007ffbe4656000 	C:\Program Files\Java\jdk-11.0.2\bin\vcruntime140.dll
0x00007ffbdb700000 - 0x00007ffbdb7aa000 	C:\Program Files\Java\jdk-11.0.2\bin\msvcp140.dll
0x00007ffba6210000 - 0x00007ffba6d37000 	C:\Program Files\Java\jdk-11.0.2\bin\server\jvm.dll
0x00007ffbeec70000 - 0x00007ffbeec78000 	C:\WINDOWS\System32\PSAPI.DLL
0x00007ffbd15d0000 - 0x00007ffbd15d9000 	C:\WINDOWS\SYSTEM32\WSOCK32.dll
0x00007ffbee040000 - 0x00007ffbee0af000 	C:\WINDOWS\System32\WS2_32.dll
0x00007ffbe99e0000 - 0x00007ffbe9a04000 	C:\WINDOWS\SYSTEM32\WINMM.dll
0x00007ffbe98d0000 - 0x00007ffbe98fd000 	C:\WINDOWS\SYSTEM32\winmmbase.dll
0x00007ffbecd70000 - 0x00007ffbecdba000 	C:\WINDOWS\System32\cfgmgr32.dll
0x00007ffbebda0000 - 0x00007ffbebdb1000 	C:\WINDOWS\System32\kernel.appcore.dll
0x00007ffbe2940000 - 0x00007ffbe2951000 	C:\Program Files\Java\jdk-11.0.2\bin\verify.dll
0x00007ffbdaa70000 - 0x00007ffbdac64000 	C:\WINDOWS\SYSTEM32\DBGHELP.DLL
0x00007ffbda100000 - 0x00007ffbda12a000 	C:\WINDOWS\SYSTEM32\dbgcore.DLL
0x00007ffbe26e0000 - 0x00007ffbe2709000 	C:\Program Files\Java\jdk-11.0.2\bin\java.dll
0x00007ffbe4600000 - 0x00007ffbe462f000 	C:\Program Files\Java\jdk-11.0.2\bin\instrument.dll
0x00007ffbe06b0000 - 0x00007ffbe06c6000 	C:\Program Files\Java\jdk-11.0.2\bin\zip.dll
0x00007ffbe9b70000 - 0x00007ffbe9b7a000 	C:\Program Files\Java\jdk-11.0.2\bin\jimage.dll
0x00007ffbee300000 - 0x00007ffbee9e5000 	C:\WINDOWS\System32\SHELL32.dll
0x00007ffbeedd0000 - 0x00007ffbeee79000 	C:\WINDOWS\System32\shcore.dll
0x00007ffbebe50000 - 0x00007ffbec5cf000 	C:\WINDOWS\System32\windows.storage.dll
0x00007ffbebdc0000 - 0x00007ffbebddf000 	C:\WINDOWS\System32\profapi.dll
0x00007ffbebe00000 - 0x00007ffbebe4a000 	C:\WINDOWS\System32\powrprof.dll
0x00007ffbebd90000 - 0x00007ffbebda0000 	C:\WINDOWS\System32\UMPDC.dll
0x00007ffbedb60000 - 0x00007ffbedbb2000 	C:\WINDOWS\System32\shlwapi.dll
0x00007ffbec780000 - 0x00007ffbec797000 	C:\WINDOWS\System32\cryptsp.dll
0x00007ffbe05e0000 - 0x00007ffbe05f9000 	C:\Program Files\Java\jdk-11.0.2\bin\net.dll
0x00007ffbe2140000 - 0x00007ffbe2230000 	C:\WINDOWS\SYSTEM32\WINHTTP.dll
0x00007ffbddc80000 - 0x00007ffbdde56000 	C:\WINDOWS\SYSTEM32\urlmon.dll
0x00007ffbdd860000 - 0x00007ffbddb06000 	C:\WINDOWS\SYSTEM32\iertutil.dll
0x00007ffbeb7d0000 - 0x00007ffbeb7dc000 	C:\WINDOWS\SYSTEM32\CRYPTBASE.DLL
0x00007ffbeb600000 - 0x00007ffbeb667000 	C:\WINDOWS\system32\mswsock.dll
0x00007ffbdd2c0000 - 0x00007ffbdd2d3000 	C:\Program Files\Java\jdk-11.0.2\bin\nio.dll
0x00007ffbdcce0000 - 0x00007ffbdccfa000 	C:\Program Files\JetBrains\IntelliJ IDEA 2018.2.4\bin\breakgen64.dll
0x00007ffbe9b40000 - 0x00007ffbe9b49000 	C:\Program Files\Java\jdk-11.0.2\bin\management.dll
0x00007ffbe4b20000 - 0x00007ffbe4b2c000 	C:\Program Files\Java\jdk-11.0.2\bin\management_ext.dll
0x00007ffbc6090000 - 0x00007ffbc60a6000 	C:\WINDOWS\system32\napinsp.dll
0x00007ffbc60f0000 - 0x00007ffbc610a000 	C:\WINDOWS\system32\pnrpnsp.dll
0x00007ffbeb350000 - 0x00007ffbeb41a000 	C:\WINDOWS\SYSTEM32\DNSAPI.dll
0x00007ffbed780000 - 0x00007ffbed788000 	C:\WINDOWS\System32\NSI.dll
0x00007ffbeb310000 - 0x00007ffbeb34a000 	C:\WINDOWS\SYSTEM32\IPHLPAPI.DLL
0x00007ffbc7f50000 - 0x00007ffbc7f5e000 	C:\WINDOWS\System32\winrnr.dll
0x00007ffbe81e0000 - 0x00007ffbe81fc000 	C:\WINDOWS\system32\NLAapi.dll
0x00007ffbe7630000 - 0x00007ffbe7645000 	C:\WINDOWS\system32\wshbth.dll
0x00007ffbdd420000 - 0x00007ffbdd42a000 	C:\Windows\System32\rasadhlp.dll
0x00007ffbe2a50000 - 0x00007ffbe2ac7000 	C:\WINDOWS\System32\fwpuclnt.dll
0x00007ffbecdc0000 - 0x00007ffbecde6000 	C:\WINDOWS\System32\bcrypt.dll
0x00007ffbeb170000 - 0x00007ffbeb1a3000 	C:\WINDOWS\system32\rsaenh.dll
0x00007ffbebcb0000 - 0x00007ffbebcd5000 	C:\WINDOWS\SYSTEM32\USERENV.dll
0x00007ffbe2c40000 - 0x00007ffbe2c56000 	C:\WINDOWS\SYSTEM32\dhcpcsvc6.DLL
0x00007ffbe3e70000 - 0x00007ffbe3e8c000 	C:\WINDOWS\SYSTEM32\dhcpcsvc.DLL
0x00007ffbe4b50000 - 0x00007ffbe4b5d000 	C:\Program Files\Java\jdk-11.0.2\bin\sunmscapi.dll
0x00007ffbec5d0000 - 0x00007ffbec719000 	C:\WINDOWS\System32\CRYPT32.dll
0x00007ffbebde0000 - 0x00007ffbebdf2000 	C:\WINDOWS\System32\MSASN1.dll
0x00007ffbeb8d0000 - 0x00007ffbeb8f6000 	C:\WINDOWS\SYSTEM32\ncrypt.dll
0x00007ffbeb890000 - 0x00007ffbeb8cb000 	C:\WINDOWS\SYSTEM32\NTASN1.dll
0x00007ffbdcb90000 - 0x00007ffbdcbb7000 	C:\Program Files\Java\jdk-11.0.2\bin\sunec.dll
0x000000006cd80000 - 0x000000006ce70000 	C:\Users\andre\AppData\Local\Temp\sqlite-3.16.1-d91a698d-464b-445f-9441-32dccac849d0-sqlitejdbc.dll
0x0000000000530000 - 0x0000000000620000 	C:\Users\andre\AppData\Local\Temp\sqlite-3.16.1-ab0465ae-273d-4194-8077-b8841ee11a46-sqlitejdbc.dll
0x0000000000620000 - 0x0000000000710000 	C:\Users\andre\AppData\Local\Temp\sqlite-3.16.1-40848160-04bf-49b0-90b9-8fae766370ba-sqlitejdbc.dll

dbghelp: loaded successfully - version: 4.0.5 - missing functions: none
symbol engine: initialized successfully - sym options: 0x614 - pdb path: .;C:\Program Files\Java\jdk-11.0.2\bin;C:\WINDOWS\SYSTEM32;C:\WINDOWS\WinSxS\amd64_microsoft.windows.common-controls_6595b64144ccf1df_6.0.18362.657_none_e6c5b579130e3898;C:\Program Files\Java\jdk-11.0.2\bin\server;C:\Program Files\JetBrains\IntelliJ IDEA 2018.2.4\bin;C:\Users\andre\AppData\Local\Temp

VM Arguments:
jvm_args: -XX:TieredStopAtLevel=1 -Xverify:none -Dspring.output.ansi.enabled=always -Dcom.sun.management.jmxremote -Dcom.sun.management.jmxremote.port=56575 -Dcom.sun.management.jmxremote.authenticate=false -Dcom.sun.management.jmxremote.ssl=false -Djava.rmi.server.hostname=localhost -Dspring.liveBeansView.mbeanDomain -Dspring.application.admin.enabled=true -javaagent:C:\Program Files\JetBrains\IntelliJ IDEA 2018.2.4\lib\idea_rt.jar=56576:C:\Program Files\JetBrains\IntelliJ IDEA 2018.2.4\bin -Dfile.encoding=UTF-8 
java_command: com.project.StartRESTServices
java_class_path (initial): C:\Users\andre\Documents\Facultate\An3\Licentaa\out\production\classes;C:\Users\andre\Documents\Facultate\An3\Licentaa\out\production\resources;C:\Users\andre\.gradle\caches\modules-2\files-2.1\org.springframework.boot\spring-boot-starter-web\2.2.1.RELEASE\689213aca6e25e2aa9b377e61273aa3d31f30f60\spring-boot-starter-web-2.2.1.RELEASE.jar;C:\Users\andre\.gradle\caches\modules-2\files-2.1\org.springframework.boot\spring-boot-starter-security\2.2.1.RELEASE\e4da6523a76cf59308214a0f76be61ad8659afb7\spring-boot-starter-security-2.2.1.RELEASE.jar;C:\Users\andre\.gradle\caches\modules-2\files-2.1\org.springframework.security\spring-security-web\5.2.1.RELEASE\9e43c2d8d2dffc60bfba8ac95a106d30e9593106\spring-security-web-5.2.1.RELEASE.jar;C:\Users\andre\.gradle\caches\modules-2\files-2.1\org.springframework.boot\spring-boot-starter-json\2.2.1.RELEASE\2d9f5ad8a76edcf3c610e0f825d9c01563a6900a\spring-boot-starter-json-2.2.1.RELEASE.jar;C:\Users\andre\.gradle\caches\modules-2\files-2.1\org.springframework\spring-webmvc\5.2.1.RELEASE\9c118e3a551fe4bf31eb9e395b5f8ef42cf14f42\spring-webmvc-5.2.1.RELEASE.jar;C:\Users\andre\.gradle\caches\modules-2\files-2.1\org.springframework\spring-web\5.2.1.RELEASE\4f1dfe592951c312b52de469f1940b1cb0455226\spring-web-5.2.1.RELEASE.jar;C:\Users\andre\.gradle\caches\modules-2\files-2.1\com.zsoltfabok\sqlite-dialect\1.0\22e2ceb3e0e90ab8ce84989d31663edb28d0b776\sqlite-dialect-1.0.jar;C:\Users\andre\.gradle\caches\modules-2\files-2.1\org.hibernate\hibernate-core\5.2.10.Final\b46a4ba34b52d335cc45c0f33d029f782f7db887\hibernate-core-5.2.10.Final.jar;C:\Users\andre\.gradle\caches\modules-2\files-2.1\io.jsonwebtoken\jjwt\0.9.1\54d2abfc3e63a28824d35bf600d6a5d627da681a\jjwt-0.9.1.jar;C:\Users\andre\.gradle\caches\modules-2\files-2.1\com.fasterxml.jackson.datatype\jackson-datatype-jdk8\2.10.0\ac9b5e4ec02f243c580113c0c58564d90432afaa\jackson-datatype-jdk8-2.10.0.jar;C:\Users\andre\.gradle\caches\modules-2\files-2.1\com.fasterxml.jacks
Launcher Type: SUN_STANDARD

[Global flags]
     bool BytecodeVerificationLocal                = false                                     {product} {command line}
     bool BytecodeVerificationRemote               = false                                     {product} {command line}
     intx CICompilerCount                          = 4                                         {product} {ergonomic}
     uint ConcGCThreads                            = 2                                         {product} {ergonomic}
     uint G1ConcRefinementThreads                  = 8                                         {product} {ergonomic}
   size_t G1HeapRegionSize                         = 1048576                                   {product} {ergonomic}
    uintx GCDrainStackTargetSize                   = 64                                        {product} {ergonomic}
   size_t InitialHeapSize                          = 132120576                                 {product} {ergonomic}
     bool ManagementServer                         = true                                      {product} {command line}
   size_t MarkStackSize                            = 4194304                                   {product} {ergonomic}
   size_t MaxHeapSize                              = 2113929216                                {product} {ergonomic}
   size_t MaxNewSize                               = 1267728384                                {product} {ergonomic}
   size_t MinHeapDeltaBytes                        = 1048576                                   {product} {ergonomic}
    uintx NonNMethodCodeHeapSize                   = 7549744                                {pd product} {ergonomic}
    uintx NonProfiledCodeHeapSize                  = 244108496                              {pd product} {ergonomic}
    uintx ProfiledCodeHeapSize                     = 0                                      {pd product} {ergonomic}
    uintx ReservedCodeCacheSize                    = 251658240                              {pd product} {ergonomic}
     bool SegmentedCodeCache                       = true                                      {product} {ergonomic}
     intx TieredStopAtLevel                        = 1                                         {product} {command line}
     bool UseCompressedClassPointers               = true                                 {lp64_product} {ergonomic}
     bool UseCompressedOops                        = true                                 {lp64_product} {ergonomic}
     bool UseG1GC                                  = true                                      {product} {ergonomic}
     bool UseLargePagesIndividualAllocation        = false                                  {pd product} {ergonomic}

Logging:
Log output configuration:
 #0: stdout all=warning uptime,level,tags
 #1: stderr all=off uptime,level,tags

Environment Variables:
JAVA_HOME=C:\Program Files\Java\jdk1.8.0_231
PATH=C:\Program Files\Microsoft MPI\Bin\;C:\Program Files (x86)\Python37-32\Scripts\;C:\Program Files (x86)\Python37-32\;C:\Program Files (x86)\Common Files\Oracle\Java\javapath;C:\Windows\system32;C:\Windows;C:\Windows\System32\Wbem;C:\Windows\System32\WindowsPowerShell\v1.0\;C:\Windows\System32\OpenSSH\;C:\Program Files (x86)\NVIDIA Corporation\PhysX\Common;C:\Program Files\dotnet\;C:\Program Files\Microsoft SQL Server\Client SDK\ODBC\130\Tools\Binn\;C:\Program Files (x86)\Microsoft SQL Server\140\Tools\Binn\;C:\Program Files\Microsoft SQL Server\140\Tools\Binn\;C:\Program Files\Microsoft SQL Server\140\DTS\Binn\;C:\Program Files (x86)\Microsoft SQL Server\Client SDK\ODBC\130\Tools\Binn\;C:\Program Files (x86)\Microsoft SQL Server\140\DTS\Binn\;C:\Program Files (x86)\Microsoft SQL Server\140\Tools\Binn\ManagementStudio\;C:\Users\andre\Documents\Facultate\protoc-3.4.0-win32\bin;C:\Program Files\nodejs\;C:\WINDOWS\system32;C:\WINDOWS;C:\WINDOWS\System32\Wbem;C:\WINDOWS\System32\WindowsPowerShell\v1.0\;C:\WINDOWS\System32\OpenSSH\;C:\Users\andre\Documents\gradle-4.8-all\gradle-4.8\bin;C:\Program Files (x86)\mingw-w64\i686-8.1.0-posix-dwarf-rt_v6-rev0\mingw32\bin;C:\Program Files\Git\cmd;C:\Program Files (x86)\GitExtensions\;C:\Users\andre\AppData\Local\Android\Sdk;C:\Program Files\Java\jdk1.8.0_231\bin;C:\Program Files\Microsoft SQL Server\130\Tools\Binn\;C:\Program Files\Microsoft SQL Server\Client SDK\ODBC\170\Tools\Binn\;C:\Program Files (x86)\Microsoft SQL Server\150\Tools\Binn\;C:\Program Files\Microsoft SQL Server\150\Tools\Binn\;C:\Program Files\Microsoft SQL Server\150\DTS\Binn\;C:\Users\andre\AppData\Local\Microsoft\WindowsApps;C:\Program Files (x86)\clisp-2.49;C:\Users\andre\AppData\Roaming\npm;C:\Users\andre\AppData\Local\Programs\Microsoft VS Code\bin;C:\Program Files (x86)\Graphviz2.38\bin;C:\Program Files (x86)\GnuWin32\bin;C:\Users\andre\Documents\gradle-6.0.1\bin;C:\Program Files\Java\jdk1.8.0_231;
USERNAME=andre
OS=Windows_NT
PROCESSOR_IDENTIFIER=Intel64 Family 6 Model 142 Stepping 10, GenuineIntel



---------------  S Y S T E M  ---------------

OS: Windows 10 , 64 bit Build 18362 (10.0.18362.329)

CPU:total 8 (initial active 8) (4 cores per cpu, 2 threads per core) family 6 model 142 stepping 10, cmov, cx8, fxsr, mmx, sse, sse2, sse3, ssse3, sse4.1, sse4.2, popcnt, avx, avx2, aes, clmul, erms, 3dnowpref, lzcnt, ht, tsc, tscinvbit, bmi1, bmi2, adx, fma

Memory: 4k page, system-wide physical 8058M (880M free)
TotalPageFile size 14970M (AvailPageFile size 3752M)
current process WorkingSet (physical memory assigned to process): 217M, peak: 217M
current process commit charge ("private bytes"): 303M, peak: 304M

vm_info: Java HotSpot(TM) 64-Bit Server VM (11.0.2+9-LTS) for windows-amd64 JRE (11.0.2+9-LTS), built on Jan 18 2019 05:24:10 by "mach5one" with MS VC++ 15.5 (VS2017)

END.
