#
# A fatal error has been detected by the Java Runtime Environment:
#
#  EXCEPTION_ACCESS_VIOLATION (0xc0000005) at pc=0x0000000000000000, pid=14380, tid=9264
#
# JRE version: Java(TM) SE Runtime Environment (11.0.2+9) (build 11.0.2+9-LTS)
# Java VM: Java HotSpot(TM) 64-Bit Server VM (11.0.2+9-LTS, mixed mode, tiered, compressed oops, g1 gc, windows-amd64)
# Problematic frame:
# C  0x0000000000000000
#
# No core dump will be written. Minidumps are not enabled by default on client versions of Windows
#
# If you would like to submit a bug report, please visit:
#   http://bugreport.java.com/bugreport/crash.jsp
# The crash happened outside the Java Virtual Machine in native code.
# See problematic frame for where to report the bug.
#

---------------  S U M M A R Y ------------

Command Line: -XX:TieredStopAtLevel=1 -Xverify:none -Dspring.output.ansi.enabled=always -Dcom.sun.management.jmxremote -Dcom.sun.management.jmxremote.port=63222 -Dcom.sun.management.jmxremote.authenticate=false -Dcom.sun.management.jmxremote.ssl=false -Djava.rmi.server.hostname=localhost -Dspring.liveBeansView.mbeanDomain -Dspring.application.admin.enabled=true -javaagent:C:\Program Files\JetBrains\IntelliJ IDEA 2018.2.4\lib\idea_rt.jar=63223:C:\Program Files\JetBrains\IntelliJ IDEA 2018.2.4\bin -Dfile.encoding=UTF-8 com.project.StartRESTServices

Host: Intel(R) Core(TM) i7-8550U CPU @ 1.80GHz, 8 cores, 7G,  Windows 10 , 64 bit Build 18362 (10.0.18362.329)
Time: Sat Feb 22 14:17:03 2020 GTB Standard Time elapsed time: 55 seconds (0d 0h 0m 55s)

---------------  T H R E A D  ---------------

Current thread (0x00000256b64a0000):  JavaThread "http-nio-8080-exec-1" daemon [_thread_in_native, id=9264, stack(0x000000cd5f500000,0x000000cd5f600000)]

Stack: [0x000000cd5f500000,0x000000cd5f600000],  sp=0x000000cd5f5fc208,  free space=1008k
Native frames: (J=compiled Java code, j=interpreted, Vv=VM code, C=native code)

Java frames: (J=compiled Java code, j=interpreted, Vv=VM code)
j  org.sqlite.core.NativeDB.prepare_utf8([B)J+0
j  org.sqlite.core.NativeDB.prepare(Ljava/lang/String;)J+5
j  org.sqlite.core.DB.exec(Ljava/lang/String;)V+4
j  org.sqlite.jdbc3.JDBC3Connection.setAutoCommit(Z)V+49
j  org.hibernate.engine.jdbc.connections.internal.BasicConnectionCreator.createConnection()Ljava/sql/Connection;+127
j  org.hibernate.engine.jdbc.connections.internal.PooledConnections.addConnections(I)V+11
j  org.hibernate.engine.jdbc.connections.internal.PooledConnections.<init>(Lorg/hibernate/engine/jdbc/connections/internal/PooledConnections$Builder;)V+93
j  org.hibernate.engine.jdbc.connections.internal.PooledConnections.<init>(Lorg/hibernate/engine/jdbc/connections/internal/PooledConnections$Builder;Lorg/hibernate/engine/jdbc/connections/internal/PooledConnections$1;)V+2
j  org.hibernate.engine.jdbc.connections.internal.PooledConnections$Builder.build()Lorg/hibernate/engine/jdbc/connections/internal/PooledConnections;+6
j  org.hibernate.engine.jdbc.connections.internal.DriverManagerConnectionProviderImpl.buildPool(Ljava/util/Map;)Lorg/hibernate/engine/jdbc/connections/internal/PooledConnections;+79
j  org.hibernate.engine.jdbc.connections.internal.DriverManagerConnectionProviderImpl.configure(Ljava/util/Map;)V+11
j  org.hibernate.boot.registry.internal.StandardServiceRegistryImpl.configureService(Lorg/hibernate/service/spi/ServiceBinding;)V+23
j  org.hibernate.service.internal.AbstractServiceRegistryImpl.initializeService(Lorg/hibernate/service/spi/ServiceBinding;)Lorg/hibernate/service/Service;+55
j  org.hibernate.service.internal.AbstractServiceRegistryImpl.getService(Ljava/lang/Class;)Lorg/hibernate/service/Service;+88
j  org.hibernate.engine.jdbc.env.internal.JdbcEnvironmentInitiator.buildJdbcConnectionAccess(Ljava/util/Map;Lorg/hibernate/service/spi/ServiceRegistryImplementor;)Lorg/hibernate/engine/jdbc/connections/spi/JdbcConnectionAccess;+15
j  org.hibernate.engine.jdbc.env.internal.JdbcEnvironmentInitiator.initiateService(Ljava/util/Map;Lorg/hibernate/service/spi/ServiceRegistryImplementor;)Lorg/hibernate/engine/jdbc/env/spi/JdbcEnvironment;+29
j  org.hibernate.engine.jdbc.env.internal.JdbcEnvironmentInitiator.initiateService(Ljava/util/Map;Lorg/hibernate/service/spi/ServiceRegistryImplementor;)Lorg/hibernate/service/Service;+3
j  org.hibernate.boot.registry.internal.StandardServiceRegistryImpl.initiateService(Lorg/hibernate/service/spi/ServiceInitiator;)Lorg/hibernate/service/Service;+9
j  org.hibernate.service.internal.AbstractServiceRegistryImpl.createService(Lorg/hibernate/service/spi/ServiceBinding;)Lorg/hibernate/service/Service;+26
j  org.hibernate.service.internal.AbstractServiceRegistryImpl.initializeService(Lorg/hibernate/service/spi/ServiceBinding;)Lorg/hibernate/service/Service;+30
j  org.hibernate.service.internal.AbstractServiceRegistryImpl.getService(Ljava/lang/Class;)Lorg/hibernate/service/Service;+88
j  org.hibernate.engine.jdbc.internal.JdbcServicesImpl.configure(Ljava/util/Map;)V+7
j  org.hibernate.boot.registry.internal.StandardServiceRegistryImpl.configureService(Lorg/hibernate/service/spi/ServiceBinding;)V+23
j  org.hibernate.service.internal.AbstractServiceRegistryImpl.initializeService(Lorg/hibernate/service/spi/ServiceBinding;)Lorg/hibernate/service/Service;+55
j  org.hibernate.service.internal.AbstractServiceRegistryImpl.getService(Ljava/lang/Class;)Lorg/hibernate/service/Service;+88
j  org.hibernate.boot.model.process.spi.MetadataBuildingProcess.handleTypes(Lorg/hibernate/boot/spi/MetadataBuildingOptions;)Lorg/hibernate/type/BasicTypeRegistry;+42
j  org.hibernate.boot.model.process.spi.MetadataBuildingProcess.complete(Lorg/hibernate/boot/model/process/spi/ManagedResources;Lorg/hibernate/boot/spi/MetadataBuildingOptions;)Lorg/hibernate/boot/spi/MetadataImplementor;+1
j  org.hibernate.boot.model.process.spi.MetadataBuildingProcess.build(Lorg/hibernate/boot/MetadataSources;Lorg/hibernate/boot/spi/MetadataBuildingOptions;)Lorg/hibernate/boot/spi/MetadataImplementor;+6
j  org.hibernate.boot.internal.MetadataBuilderImpl.build()Lorg/hibernate/boot/spi/MetadataImplementor;+92
j  org.hibernate.boot.internal.MetadataBuilderImpl.build()Lorg/hibernate/boot/Metadata;+1
j  org.hibernate.cfg.Configuration.buildSessionFactory(Lorg/hibernate/service/ServiceRegistry;)Lorg/hibernate/SessionFactory;+358
j  org.hibernate.cfg.Configuration.buildSessionFactory()Lorg/hibernate/SessionFactory;+30
j  com.project.persistence.util.HibernateUtil.buildSessionFactory()Lorg/hibernate/SessionFactory;+16
j  com.project.persistence.util.HibernateUtil.getSessionFactory()Lorg/hibernate/SessionFactory;+6
j  com.project.persistence.impl.UserRepository.getByEmail(Ljava/lang/String;)Lcom/project/model/User;+0
j  com.project.service.impl.UserServiceImpl.loadUserByUsername(Ljava/lang/String;)Lorg/springframework/security/core/userdetails/UserDetails;+5
j  com.project.security.JwtAuthenticationFilter.doFilterInternal(Ljavax/servlet/http/HttpServletRequest;Ljavax/servlet/http/HttpServletResponse;Ljavax/servlet/FilterChain;)V+141
j  org.springframework.web.filter.OncePerRequestFilter.doFilter(Ljavax/servlet/ServletRequest;Ljavax/servlet/ServletResponse;Ljavax/servlet/FilterChain;)V+147
j  org.springframework.security.web.FilterChainProxy$VirtualFilterChain.doFilter(Ljavax/servlet/ServletRequest;Ljavax/servlet/ServletResponse;)V+192
j  org.springframework.security.web.authentication.logout.LogoutFilter.doFilter(Ljavax/servlet/ServletRequest;Ljavax/servlet/ServletResponse;Ljavax/servlet/FilterChain;)V+115
j  org.springframework.security.web.FilterChainProxy$VirtualFilterChain.doFilter(Ljavax/servlet/ServletRequest;Ljavax/servlet/ServletResponse;)V+192
j  org.springframework.web.filter.CorsFilter.doFilterInternal(Ljavax/servlet/http/HttpServletRequest;Ljavax/servlet/http/HttpServletResponse;Ljavax/servlet/FilterChain;)V+43
j  org.springframework.web.filter.OncePerRequestFilter.doFilter(Ljavax/servlet/ServletRequest;Ljavax/servlet/ServletResponse;Ljavax/servlet/FilterChain;)V+147
j  org.springframework.security.web.FilterChainProxy$VirtualFilterChain.doFilter(Ljavax/servlet/ServletRequest;Ljavax/servlet/ServletResponse;)V+192
j  org.springframework.security.web.header.HeaderWriterFilter.doHeadersAfter(Ljavax/servlet/http/HttpServletRequest;Ljavax/servlet/http/HttpServletResponse;Ljavax/servlet/FilterChain;)V+29
j  org.springframework.security.web.header.HeaderWriterFilter.doFilterInternal(Ljavax/servlet/http/HttpServletRequest;Ljavax/servlet/http/HttpServletResponse;Ljavax/servlet/FilterChain;)V+21
j  org.springframework.web.filter.OncePerRequestFilter.doFilter(Ljavax/servlet/ServletRequest;Ljavax/servlet/ServletResponse;Ljavax/servlet/FilterChain;)V+147
j  org.springframework.security.web.FilterChainProxy$VirtualFilterChain.doFilter(Ljavax/servlet/ServletRequest;Ljavax/servlet/ServletResponse;)V+192
j  org.springframework.security.web.context.SecurityContextPersistenceFilter.doFilter(Ljavax/servlet/ServletRequest;Ljavax/servlet/ServletResponse;Ljavax/servlet/FilterChain;)V+165
j  org.springframework.security.web.FilterChainProxy$VirtualFilterChain.doFilter(Ljavax/servlet/ServletRequest;Ljavax/servlet/ServletResponse;)V+192
j  org.springframework.security.web.context.request.async.WebAsyncManagerIntegrationFilter.doFilterInternal(Ljavax/servlet/http/HttpServletRequest;Ljavax/servlet/http/HttpServletResponse;Ljavax/servlet/FilterChain;)V+42
j  org.springframework.web.filter.OncePerRequestFilter.doFilter(Ljavax/servlet/ServletRequest;Ljavax/servlet/ServletResponse;Ljavax/servlet/FilterChain;)V+147
j  org.springframework.security.web.FilterChainProxy$VirtualFilterChain.doFilter(Ljavax/servlet/ServletRequest;Ljavax/servlet/ServletResponse;)V+192
j  org.springframework.security.web.FilterChainProxy.doFilterInternal(Ljavax/servlet/ServletRequest;Ljavax/servlet/ServletResponse;Ljavax/servlet/FilterChain;)V+142
j  org.springframework.security.web.FilterChainProxy.doFilter(Ljavax/servlet/ServletRequest;Ljavax/servlet/ServletResponse;Ljavax/servlet/FilterChain;)V+40
j  org.springframework.web.filter.DelegatingFilterProxy.invokeDelegate(Ljavax/servlet/Filter;Ljavax/servlet/ServletRequest;Ljavax/servlet/ServletResponse;Ljavax/servlet/FilterChain;)V+5
j  org.springframework.web.filter.DelegatingFilterProxy.doFilter(Ljavax/servlet/ServletRequest;Ljavax/servlet/ServletResponse;Ljavax/servlet/FilterChain;)V+85
j  org.apache.catalina.core.ApplicationFilterChain.internalDoFilter(Ljavax/servlet/ServletRequest;Ljavax/servlet/ServletResponse;)V+135
j  org.apache.catalina.core.ApplicationFilterChain.doFilter(Ljavax/servlet/ServletRequest;Ljavax/servlet/ServletResponse;)V+101
j  org.springframework.web.filter.RequestContextFilter.doFilterInternal(Ljavax/servlet/http/HttpServletRequest;Ljavax/servlet/http/HttpServletResponse;Ljavax/servlet/FilterChain;)V+21
j  org.springframework.web.filter.OncePerRequestFilter.doFilter(Ljavax/servlet/ServletRequest;Ljavax/servlet/ServletResponse;Ljavax/servlet/FilterChain;)V+147
j  org.apache.catalina.core.ApplicationFilterChain.internalDoFilter(Ljavax/servlet/ServletRequest;Ljavax/servlet/ServletResponse;)V+135
j  org.apache.catalina.core.ApplicationFilterChain.doFilter(Ljavax/servlet/ServletRequest;Ljavax/servlet/ServletResponse;)V+101
j  org.springframework.web.filter.FormContentFilter.doFilterInternal(Ljavax/servlet/http/HttpServletRequest;Ljavax/servlet/http/HttpServletResponse;Ljavax/servlet/FilterChain;)V+38
j  org.springframework.web.filter.OncePerRequestFilter.doFilter(Ljavax/servlet/ServletRequest;Ljavax/servlet/ServletResponse;Ljavax/servlet/FilterChain;)V+147
j  org.apache.catalina.core.ApplicationFilterChain.internalDoFilter(Ljavax/servlet/ServletRequest;Ljavax/servlet/ServletResponse;)V+135
j  org.apache.catalina.core.ApplicationFilterChain.doFilter(Ljavax/servlet/ServletRequest;Ljavax/servlet/ServletResponse;)V+101
j  org.springframework.web.filter.CharacterEncodingFilter.doFilterInternal(Ljavax/servlet/http/HttpServletRequest;Ljavax/servlet/http/HttpServletResponse;Ljavax/servlet/FilterChain;)V+53
j  org.springframework.web.filter.OncePerRequestFilter.doFilter(Ljavax/servlet/ServletRequest;Ljavax/servlet/ServletResponse;Ljavax/servlet/FilterChain;)V+147
j  org.apache.catalina.core.ApplicationFilterChain.internalDoFilter(Ljavax/servlet/ServletRequest;Ljavax/servlet/ServletResponse;)V+135
j  org.apache.catalina.core.ApplicationFilterChain.doFilter(Ljavax/servlet/ServletRequest;Ljavax/servlet/ServletResponse;)V+101
j  org.apache.catalina.core.StandardWrapperValve.invoke(Lorg/apache/catalina/connector/Request;Lorg/apache/catalina/connector/Response;)V+694
j  org.apache.catalina.core.StandardContextValve.invoke(Lorg/apache/catalina/connector/Request;Lorg/apache/catalina/connector/Response;)V+166
j  org.apache.catalina.authenticator.AuthenticatorBase.invoke(Lorg/apache/catalina/connector/Request;Lorg/apache/catalina/connector/Response;)V+260
j  org.apache.catalina.core.StandardHostValve.invoke(Lorg/apache/catalina/connector/Request;Lorg/apache/catalina/connector/Response;)V+114
j  org.apache.catalina.valves.ErrorReportValve.invoke(Lorg/apache/catalina/connector/Request;Lorg/apache/catalina/connector/Response;)V+6
j  org.apache.catalina.core.StandardEngineValve.invoke(Lorg/apache/catalina/connector/Request;Lorg/apache/catalina/connector/Response;)V+45
j  org.apache.catalina.connector.CoyoteAdapter.service(Lorg/apache/coyote/Request;Lorg/apache/coyote/Response;)V+199
j  org.apache.coyote.http11.Http11Processor.service(Lorg/apache/tomcat/util/net/SocketWrapperBase;)Lorg/apache/tomcat/util/net/AbstractEndpoint$Handler$SocketState;+784
j  org.apache.coyote.AbstractProcessorLight.process(Lorg/apache/tomcat/util/net/SocketWrapperBase;Lorg/apache/tomcat/util/net/SocketEvent;)Lorg/apache/tomcat/util/net/AbstractEndpoint$Handler$SocketState;+113
j  org.apache.coyote.AbstractProtocol$ConnectionHandler.process(Lorg/apache/tomcat/util/net/SocketWrapperBase;Lorg/apache/tomcat/util/net/SocketEvent;)Lorg/apache/tomcat/util/net/AbstractEndpoint$Handler$SocketState;+442
j  org.apache.tomcat.util.net.NioEndpoint$SocketProcessor.doRun()V+221
j  org.apache.tomcat.util.net.SocketProcessorBase.run()V+21
j  java.util.concurrent.ThreadPoolExecutor.runWorker(Ljava/util/concurrent/ThreadPoolExecutor$Worker;)V+92 java.base@11.0.2
j  java.util.concurrent.ThreadPoolExecutor$Worker.run()V+5 java.base@11.0.2
j  org.apache.tomcat.util.threads.TaskThread$WrappingRunnable.run()V+4
j  java.lang.Thread.run()V+11 java.base@11.0.2
v  ~StubRoutines::call_stub

siginfo: EXCEPTION_ACCESS_VIOLATION (0xc0000005), data execution prevention violation at address 0x0000000000000000


Register to memory mapping:

RIP=0x0 is NULL
RAX=0x0000000000000001 is an unknown value
RBX=0x00000256b58a8208 points into unknown readable memory: c0 74 e4 6c 00 00 00 00
RCX=0x00000256b58a84b8 points into unknown readable memory: ff ff ff ff ff ff ff ff
RDX=0x00000256b58bd090 points into unknown readable memory: 62 65 67 69 6e 3b 00 00
RSP=0x000000cd5f5fc208 is pointing into the stack for thread: 0x00000256b64a0000
RBP=0x00000256b58bd090 points into unknown readable memory: 62 65 67 69 6e 3b 00 00
RSI=0x00000256b58a8208 points into unknown readable memory: c0 74 e4 6c 00 00 00 00
RDI=0x000000cd5f5fc330 is pointing into the stack for thread: 0x00000256b64a0000
R8 =0x0000000000000006 is an unknown value
R9 =0x0000000000000001 is an unknown value
R10=
[error occurred during error reporting (printing register info), id 0xc0000005, EXCEPTION_ACCESS_VIOLATION (0xc0000005) at pc=0x00007ff955dadbc6]

Registers:
RAX=0x0000000000000001, RBX=0x00000256b58a8208, RCX=0x00000256b58a84b8, RDX=0x00000256b58bd090
RSP=0x000000cd5f5fc208, RBP=0x00000256b58bd090, RSI=0x00000256b58a8208, RDI=0x000000cd5f5fc330
R8 =0x0000000000000006, R9 =0x0000000000000001, R10=0x00000000855b2238, R11=0x000000cd5f5fc260
R12=0x0000000000000006, R13=0x0000000000000001, R14=0x000000cd5f5fc428, R15=0x00000256b64a0000
RIP=0x0000000000000000, EFLAGS=0x0000000000010206

Top of Stack: (sp=0x000000cd5f5fc208)
0x000000cd5f5fc208:   0000000000b2f5f8 000000cd5f5fc420
0x000000cd5f5fc218:   000000cd5f5ff560 00000256b64a0000
0x000000cd5f5fc228:   000000cd5f5fc428 000000cd5f5fc420
0x000000cd5f5fc238:   0000000000000006 00000256b64a0000
0x000000cd5f5fc248:   0000000000000000 0000000000000003
0x000000cd5f5fc258:   0000000000000007 00000256b64a0000
0x000000cd5f5fc268:   00000256b64a0340 00000256b58a8208
0x000000cd5f5fc278:   000000cd5f5fc428 000000cd5f5fc420
0x000000cd5f5fc288:   0000000000000000 00000256b84495d8
0x000000cd5f5fc298:   0000000000b2f937 00000256b58bd090
0x000000cd5f5fc2a8:   0000000000a915df 00000256e81f3e3d
0x000000cd5f5fc2b8:   00000256b64a0340 0000000000000000
0x000000cd5f5fc2c8:   000000cd5f5fc330 0000000000000000
0x000000cd5f5fc2d8:   0000000000000000 00000256b84495d8
0x000000cd5f5fc2e8:   0000000000a9243f 00000256b63a81b0
0x000000cd5f5fc2f8:   00007ff955f99f63 000000cd5f5ff560 

Instructions: (pc=0x0000000000000000)
0xffffffffffffffe0:   


Stack slot to memory mapping:
stack at sp + 0 slots: 0x0000000000b2f5f8 sqlite-3.16.1-4cef4c7a-3ad0-49cf-b007-66ab0c13c444-sqlitejdbc.dll
stack at sp + 1 slots: 0x000000cd5f5fc420 is pointing into the stack for thread: 0x00000256b64a0000
stack at sp + 2 slots: 0x000000cd5f5ff560 is pointing into the stack for thread: 0x00000256b64a0000
stack at sp + 3 slots: 0x00000256b64a0000 is a thread
stack at sp + 4 slots: 0x000000cd5f5fc428 is pointing into the stack for thread: 0x00000256b64a0000
stack at sp + 5 slots: 0x000000cd5f5fc420 is pointing into the stack for thread: 0x00000256b64a0000
stack at sp + 6 slots: 0x0000000000000006 is an unknown value
stack at sp + 7 slots: 0x00000256b64a0000 is a thread


---------------  P R O C E S S  ---------------

Threads class SMR info:
_java_thread_list=0x00000256b6205b70, length=36, elements={
0x00000256b390d800, 0x00000256b3916800, 0x00000256b4277800, 0x00000256b427a800,
0x00000256b427e800, 0x00000256b4290000, 0x00000256b38a3800, 0x00000256b461a000,
0x00000256b46ac800, 0x00000256b48e2000, 0x00000256b48e3000, 0x00000256b4971800,
0x00000256b4dfa000, 0x00000256b5bc2800, 0x00000256b5bbb800, 0x00000256b63ee800,
0x00000256b6491800, 0x00000256b6492000, 0x00000256b649d800, 0x00000256b64a0000,
0x00000256b649e800, 0x00000256b649f000, 0x00000256b649a000, 0x00000256b64a0800,
0x00000256b649c800, 0x00000256b649b000, 0x00000256b649c000, 0x00000256b6771000,
0x00000256b6770000, 0x00000256b6772000, 0x00000256b6774800, 0x00000256b6772800,
0x00000256b6775000, 0x00000256b676f800, 0x00000256b6776000, 0x00000256b4c3a800
}

Java Threads: ( => current thread )
  0x00000256b390d800 JavaThread "Reference Handler" daemon [_thread_blocked, id=12592, stack(0x000000cd5d500000,0x000000cd5d600000)]
  0x00000256b3916800 JavaThread "Finalizer" daemon [_thread_blocked, id=16820, stack(0x000000cd5d600000,0x000000cd5d700000)]
  0x00000256b4277800 JavaThread "Signal Dispatcher" daemon [_thread_blocked, id=236, stack(0x000000cd5d700000,0x000000cd5d800000)]
  0x00000256b427a800 JavaThread "Attach Listener" daemon [_thread_blocked, id=13592, stack(0x000000cd5d800000,0x000000cd5d900000)]
  0x00000256b427e800 JavaThread "C1 CompilerThread0" daemon [_thread_blocked, id=12952, stack(0x000000cd5d900000,0x000000cd5da00000)]
  0x00000256b4290000 JavaThread "Sweeper thread" daemon [_thread_blocked, id=12400, stack(0x000000cd5da00000,0x000000cd5db00000)]
  0x00000256b38a3800 JavaThread "Common-Cleaner" daemon [_thread_blocked, id=12560, stack(0x000000cd5db00000,0x000000cd5dc00000)]
  0x00000256b461a000 JavaThread "Monitor Ctrl-Break" daemon [_thread_in_native, id=11108, stack(0x000000cd5dc00000,0x000000cd5dd00000)]
  0x00000256b46ac800 JavaThread "Service Thread" daemon [_thread_blocked, id=7376, stack(0x000000cd5dd00000,0x000000cd5de00000)]
  0x00000256b48e2000 JavaThread "RMI TCP Accept-0" daemon [_thread_in_native, id=13164, stack(0x000000cd5df00000,0x000000cd5e000000)]
  0x00000256b48e3000 JavaThread "RMI TCP Accept-63222" daemon [_thread_in_native, id=11428, stack(0x000000cd5e000000,0x000000cd5e100000)]
  0x00000256b4971800 JavaThread "RMI TCP Accept-0" daemon [_thread_in_native, id=12756, stack(0x000000cd5e100000,0x000000cd5e200000)]
  0x00000256b4dfa000 JavaThread "RMI TCP Connection(idle)" daemon [_thread_blocked, id=21092, stack(0x000000cd5ea00000,0x000000cd5eb00000)]
  0x00000256b5bc2800 JavaThread "RMI TCP Connection(idle)" daemon [_thread_blocked, id=19080, stack(0x000000cd5eb00000,0x000000cd5ec00000)]
  0x00000256b5bbb800 JavaThread "RMI Scheduler(0)" daemon [_thread_blocked, id=17580, stack(0x000000cd5ec00000,0x000000cd5ed00000)]
  0x00000256b63ee800 JavaThread "Catalina-utility-1" [_thread_blocked, id=5576, stack(0x000000cd5e500000,0x000000cd5e600000)]
  0x00000256b6491800 JavaThread "Catalina-utility-2" [_thread_blocked, id=12092, stack(0x000000cd5ee00000,0x000000cd5ef00000)]
  0x00000256b6492000 JavaThread "container-0" [_thread_blocked, id=2876, stack(0x000000cd5ef00000,0x000000cd5f000000)]
  0x00000256b649d800 JavaThread "http-nio-8080-BlockPoller" daemon [_thread_in_native, id=19832, stack(0x000000cd5f400000,0x000000cd5f500000)]
=>0x00000256b64a0000 JavaThread "http-nio-8080-exec-1" daemon [_thread_in_native, id=9264, stack(0x000000cd5f500000,0x000000cd5f600000)]
  0x00000256b649e800 JavaThread "http-nio-8080-exec-2" daemon [_thread_in_native, id=12352, stack(0x000000cd5f600000,0x000000cd5f700000)]
  0x00000256b649f000 JavaThread "http-nio-8080-exec-3" daemon [_thread_blocked, id=19376, stack(0x000000cd5f700000,0x000000cd5f800000)]
  0x00000256b649a000 JavaThread "http-nio-8080-exec-4" daemon [_thread_blocked, id=19120, stack(0x000000cd5f800000,0x000000cd5f900000)]
  0x00000256b64a0800 JavaThread "http-nio-8080-exec-5" daemon [_thread_blocked, id=16692, stack(0x000000cd5f900000,0x000000cd5fa00000)]
  0x00000256b649c800 JavaThread "http-nio-8080-exec-6" daemon [_thread_blocked, id=19344, stack(0x000000cd5fa00000,0x000000cd5fb00000)]
  0x00000256b649b000 JavaThread "http-nio-8080-exec-7" daemon [_thread_blocked, id=1584, stack(0x000000cd5fb00000,0x000000cd5fc00000)]
  0x00000256b649c000 JavaThread "http-nio-8080-exec-8" daemon [_thread_blocked, id=16112, stack(0x000000cd5fc00000,0x000000cd5fd00000)]
  0x00000256b6771000 JavaThread "http-nio-8080-exec-9" daemon [_thread_blocked, id=13316, stack(0x000000cd5fd00000,0x000000cd5fe00000)]
  0x00000256b6770000 JavaThread "http-nio-8080-exec-10" daemon [_thread_blocked, id=20304, stack(0x000000cd5fe00000,0x000000cd5ff00000)]
  0x00000256b6772000 JavaThread "http-nio-8080-ClientPoller" daemon [_thread_in_native, id=14912, stack(0x000000cd5ff00000,0x000000cd60000000)]
  0x00000256b6774800 JavaThread "http-nio-8080-Acceptor" daemon [_thread_in_native, id=18392, stack(0x000000cd60000000,0x000000cd60100000)]
  0x00000256b6772800 JavaThread "DestroyJavaVM" [_thread_blocked, id=22372, stack(0x000000cd5ce00000,0x000000cd5cf00000)]
  0x00000256b6775000 JavaThread "RMI TCP Connection(idle)" daemon [_thread_blocked, id=15152, stack(0x000000cd60100000,0x000000cd60200000)]
  0x00000256b676f800 JavaThread "RMI TCP Connection(idle)" daemon [_thread_blocked, id=14144, stack(0x000000cd60300000,0x000000cd60400000)]
  0x00000256b6776000 JavaThread "RMI TCP Connection(idle)" daemon [_thread_blocked, id=10204, stack(0x000000cd5de00000,0x000000cd5df00000)]
  0x00000256b4c3a800 JavaThread "C1 CompilerThread1" daemon [_thread_blocked, id=20076, stack(0x000000cd60200000,0x000000cd60300000)]

Other Threads:
  0x00000256b38e7800 VMThread "VM Thread" [stack: 0x000000cd5d400000,0x000000cd5d500000] [id=4944]
  0x00000256b49b5000 WatcherThread [stack: 0x000000cd5e200000,0x000000cd5e300000] [id=3548]
  0x0000025694d99800 GCTaskThread "GC Thread#0" [stack: 0x000000cd5cf00000,0x000000cd5d000000] [id=16236]
  0x00000256b4cdc000 GCTaskThread "GC Thread#1" [stack: 0x000000cd5e600000,0x000000cd5e700000] [id=21444]
  0x00000256b4cb7800 GCTaskThread "GC Thread#2" [stack: 0x000000cd5e700000,0x000000cd5e800000] [id=17584]
  0x00000256b4cb8800 GCTaskThread "GC Thread#3" [stack: 0x000000cd5e800000,0x000000cd5e900000] [id=9040]
  0x00000256b6493000 GCTaskThread "GC Thread#4" [stack: 0x000000cd5f000000,0x000000cd5f100000] [id=16920]
  0x00000256b64a9000 GCTaskThread "GC Thread#5" [stack: 0x000000cd5f100000,0x000000cd5f200000] [id=5896]
  0x00000256b64b2000 GCTaskThread "GC Thread#6" [stack: 0x000000cd5f200000,0x000000cd5f300000] [id=19864]
  0x00000256b64b3000 GCTaskThread "GC Thread#7" [stack: 0x000000cd5f300000,0x000000cd5f400000] [id=15580]
  0x0000025692d5d000 ConcurrentGCThread "G1 Main Marker" [stack: 0x000000cd5d000000,0x000000cd5d100000] [id=19556]
  0x0000025694dc9000 ConcurrentGCThread "G1 Conc#0" [stack: 0x000000cd5d100000,0x000000cd5d200000] [id=21300]
  0x00000256b5d1f800 ConcurrentGCThread "G1 Conc#1" [stack: 0x000000cd5ed00000,0x000000cd5ee00000] [id=8392]
  0x00000256b374e800 ConcurrentGCThread "G1 Refine#0" [stack: 0x000000cd5d200000,0x000000cd5d300000] [id=9892]
  0x00000256b46b6000 ConcurrentGCThread "G1 Refine#1" [stack: 0x000000cd5e900000,0x000000cd5ea00000] [id=12272]
  0x00000256b3750800 ConcurrentGCThread "G1 Young RemSet Sampling" [stack: 0x000000cd5d300000,0x000000cd5d400000] [id=19792]

Threads with active compile tasks:

VM state:not at safepoint (normal execution)

VM Mutex/Monitor currently owned by a thread: None

Heap address: 0x0000000082000000, size: 2016 MB, Compressed Oops mode: 32-bit
Narrow klass base: 0x0000000000000000, Narrow klass shift: 3
Compressed class space size: 1073741824 Address: 0x0000000100000000

Heap:
 garbage-first heap   total 129024K, used 81868K [0x0000000082000000, 0x0000000100000000)
  region size 1024K, 73 young (74752K), 6 survivors (6144K)
 Metaspace       used 47435K, capacity 48775K, committed 49024K, reserved 1091584K
  class space    used 6142K, capacity 6675K, committed 6784K, reserved 1048576K
Heap Regions: E=young(eden), S=young(survivor), O=old, HS=humongous(starts), HC=humongous(continues), CS=collection set, F=free, A=archive, TAMS=top-at-mark-start (previous, next)
|   0|0x0000000082000000, 0x0000000082100000, 0x0000000082100000|100%| O|  |TAMS 0x0000000082100000, 0x0000000082000000| Untracked 
|   1|0x0000000082100000, 0x0000000082200000, 0x0000000082200000|100%| O|  |TAMS 0x0000000082200000, 0x0000000082100000| Untracked 
|   2|0x0000000082200000, 0x0000000082300000, 0x0000000082300000|100%| O|  |TAMS 0x0000000082300000, 0x0000000082200000| Untracked 
|   3|0x0000000082300000, 0x0000000082400000, 0x0000000082400000|100%| O|  |TAMS 0x0000000082400000, 0x0000000082300000| Untracked 
|   4|0x0000000082400000, 0x0000000082500000, 0x0000000082500000|100%| O|  |TAMS 0x0000000082500000, 0x0000000082400000| Untracked 
|   5|0x0000000082500000, 0x0000000082600000, 0x0000000082600000|100%| O|  |TAMS 0x0000000082600000, 0x0000000082500000| Untracked 
|   6|0x0000000082600000, 0x0000000082700000, 0x0000000082700000|100%| O|  |TAMS 0x0000000082700000, 0x0000000082600000| Untracked 
|   7|0x0000000082700000, 0x0000000082800000, 0x0000000082800000|100%| O|  |TAMS 0x0000000082800000, 0x0000000082700000| Untracked 
|   8|0x0000000082800000, 0x00000000828a8a00, 0x0000000082900000| 65%| O|  |TAMS 0x00000000828a8a00, 0x0000000082800000| Untracked 
|   9|0x0000000082900000, 0x0000000082900000, 0x0000000082a00000|  0%| F|  |TAMS 0x0000000082900000, 0x0000000082900000| Untracked 
|  10|0x0000000082a00000, 0x0000000082a00000, 0x0000000082b00000|  0%| F|  |TAMS 0x0000000082a00000, 0x0000000082a00000| Untracked 
|  11|0x0000000082b00000, 0x0000000082b00000, 0x0000000082c00000|  0%| F|  |TAMS 0x0000000082b00000, 0x0000000082b00000| Untracked 
|  12|0x0000000082c00000, 0x0000000082c00000, 0x0000000082d00000|  0%| F|  |TAMS 0x0000000082c00000, 0x0000000082c00000| Untracked 
|  13|0x0000000082d00000, 0x0000000082d00000, 0x0000000082e00000|  0%| F|  |TAMS 0x0000000082d00000, 0x0000000082d00000| Untracked 
|  14|0x0000000082e00000, 0x0000000082e00000, 0x0000000082f00000|  0%| F|  |TAMS 0x0000000082e00000, 0x0000000082e00000| Untracked 
|  15|0x0000000082f00000, 0x0000000082f00000, 0x0000000083000000|  0%| F|  |TAMS 0x0000000082f00000, 0x0000000082f00000| Untracked 
|  16|0x0000000083000000, 0x0000000083000000, 0x0000000083100000|  0%| F|  |TAMS 0x0000000083000000, 0x0000000083000000| Untracked 
|  17|0x0000000083100000, 0x0000000083100000, 0x0000000083200000|  0%| F|  |TAMS 0x0000000083100000, 0x0000000083100000| Untracked 
|  18|0x0000000083200000, 0x0000000083200000, 0x0000000083300000|  0%| F|  |TAMS 0x0000000083200000, 0x0000000083200000| Untracked 
|  19|0x0000000083300000, 0x0000000083300000, 0x0000000083400000|  0%| F|  |TAMS 0x0000000083300000, 0x0000000083300000| Untracked 
|  20|0x0000000083400000, 0x0000000083400000, 0x0000000083500000|  0%| F|  |TAMS 0x0000000083400000, 0x0000000083400000| Untracked 
|  21|0x0000000083500000, 0x0000000083500000, 0x0000000083600000|  0%| F|  |TAMS 0x0000000083500000, 0x0000000083500000| Untracked 
|  22|0x0000000083600000, 0x0000000083600000, 0x0000000083700000|  0%| F|  |TAMS 0x0000000083600000, 0x0000000083600000| Untracked 
|  23|0x0000000083700000, 0x0000000083700000, 0x0000000083800000|  0%| F|  |TAMS 0x0000000083700000, 0x0000000083700000| Untracked 
|  24|0x0000000083800000, 0x0000000083800000, 0x0000000083900000|  0%| F|  |TAMS 0x0000000083800000, 0x0000000083800000| Untracked 
|  25|0x0000000083900000, 0x0000000083900000, 0x0000000083a00000|  0%| F|  |TAMS 0x0000000083900000, 0x0000000083900000| Untracked 
|  26|0x0000000083a00000, 0x0000000083a00000, 0x0000000083b00000|  0%| F|  |TAMS 0x0000000083a00000, 0x0000000083a00000| Untracked 
|  27|0x0000000083b00000, 0x0000000083b00000, 0x0000000083c00000|  0%| F|  |TAMS 0x0000000083b00000, 0x0000000083b00000| Untracked 
|  28|0x0000000083c00000, 0x0000000083c00000, 0x0000000083d00000|  0%| F|  |TAMS 0x0000000083c00000, 0x0000000083c00000| Untracked 
|  29|0x0000000083d00000, 0x0000000083d00000, 0x0000000083e00000|  0%| F|  |TAMS 0x0000000083d00000, 0x0000000083d00000| Untracked 
|  30|0x0000000083e00000, 0x0000000083e00000, 0x0000000083f00000|  0%| F|  |TAMS 0x0000000083e00000, 0x0000000083e00000| Untracked 
|  31|0x0000000083f00000, 0x0000000083f00000, 0x0000000084000000|  0%| F|  |TAMS 0x0000000083f00000, 0x0000000083f00000| Untracked 
|  32|0x0000000084000000, 0x0000000084000000, 0x0000000084100000|  0%| F|  |TAMS 0x0000000084000000, 0x0000000084000000| Untracked 
|  33|0x0000000084100000, 0x0000000084100000, 0x0000000084200000|  0%| F|  |TAMS 0x0000000084100000, 0x0000000084100000| Untracked 
|  34|0x0000000084200000, 0x0000000084200000, 0x0000000084300000|  0%| F|  |TAMS 0x0000000084200000, 0x0000000084200000| Untracked 
|  35|0x0000000084300000, 0x0000000084300000, 0x0000000084400000|  0%| F|  |TAMS 0x0000000084300000, 0x0000000084300000| Untracked 
|  36|0x0000000084400000, 0x0000000084400000, 0x0000000084500000|  0%| F|  |TAMS 0x0000000084400000, 0x0000000084400000| Untracked 
|  37|0x0000000084500000, 0x0000000084500000, 0x0000000084600000|  0%| F|  |TAMS 0x0000000084500000, 0x0000000084500000| Untracked 
|  38|0x0000000084600000, 0x0000000084600000, 0x0000000084700000|  0%| F|  |TAMS 0x0000000084600000, 0x0000000084600000| Untracked 
|  39|0x0000000084700000, 0x0000000084700000, 0x0000000084800000|  0%| F|  |TAMS 0x0000000084700000, 0x0000000084700000| Untracked 
|  40|0x0000000084800000, 0x0000000084800000, 0x0000000084900000|  0%| F|  |TAMS 0x0000000084800000, 0x0000000084800000| Untracked 
|  41|0x0000000084900000, 0x0000000084900000, 0x0000000084a00000|  0%| F|  |TAMS 0x0000000084900000, 0x0000000084900000| Untracked 
|  42|0x0000000084a00000, 0x0000000084a00000, 0x0000000084b00000|  0%| F|  |TAMS 0x0000000084a00000, 0x0000000084a00000| Untracked 
|  43|0x0000000084b00000, 0x0000000084b00000, 0x0000000084c00000|  0%| F|  |TAMS 0x0000000084b00000, 0x0000000084b00000| Untracked 
|  44|0x0000000084c00000, 0x0000000084c00000, 0x0000000084d00000|  0%| F|  |TAMS 0x0000000084c00000, 0x0000000084c00000| Untracked 
|  45|0x0000000084d00000, 0x0000000084d00000, 0x0000000084e00000|  0%| F|  |TAMS 0x0000000084d00000, 0x0000000084d00000| Untracked 
|  46|0x0000000084e00000, 0x0000000084e00000, 0x0000000084f00000|  0%| F|  |TAMS 0x0000000084e00000, 0x0000000084e00000| Untracked 
|  47|0x0000000084f00000, 0x0000000084f00000, 0x0000000085000000|  0%| F|  |TAMS 0x0000000084f00000, 0x0000000084f00000| Untracked 
|  48|0x0000000085000000, 0x0000000085000000, 0x0000000085100000|  0%| F|  |TAMS 0x0000000085000000, 0x0000000085000000| Untracked 
|  49|0x0000000085100000, 0x0000000085100000, 0x0000000085200000|  0%| F|  |TAMS 0x0000000085100000, 0x0000000085100000| Untracked 
|  50|0x0000000085200000, 0x0000000085200000, 0x0000000085300000|  0%| F|  |TAMS 0x0000000085200000, 0x0000000085200000| Untracked 
|  51|0x0000000085300000, 0x0000000085300000, 0x0000000085400000|  0%| F|  |TAMS 0x0000000085300000, 0x0000000085300000| Untracked 
|  52|0x0000000085400000, 0x0000000085400000, 0x0000000085500000|  0%| F|  |TAMS 0x0000000085400000, 0x0000000085400000| Untracked 
|  53|0x0000000085500000, 0x00000000855d8580, 0x0000000085600000| 84%| E|  |TAMS 0x0000000085500000, 0x0000000085500000| Complete 
|  54|0x0000000085600000, 0x0000000085700000, 0x0000000085700000|100%| E|CS|TAMS 0x0000000085600000, 0x0000000085600000| Complete 
|  55|0x0000000085700000, 0x0000000085800000, 0x0000000085800000|100%| E|CS|TAMS 0x0000000085700000, 0x0000000085700000| Complete 
|  56|0x0000000085800000, 0x0000000085900000, 0x0000000085900000|100%| E|CS|TAMS 0x0000000085800000, 0x0000000085800000| Complete 
|  57|0x0000000085900000, 0x0000000085a00000, 0x0000000085a00000|100%| E|CS|TAMS 0x0000000085900000, 0x0000000085900000| Complete 
|  58|0x0000000085a00000, 0x0000000085b00000, 0x0000000085b00000|100%| E|CS|TAMS 0x0000000085a00000, 0x0000000085a00000| Complete 
|  59|0x0000000085b00000, 0x0000000085c00000, 0x0000000085c00000|100%| E|CS|TAMS 0x0000000085b00000, 0x0000000085b00000| Complete 
|  60|0x0000000085c00000, 0x0000000085d00000, 0x0000000085d00000|100%| E|CS|TAMS 0x0000000085c00000, 0x0000000085c00000| Complete 
|  61|0x0000000085d00000, 0x0000000085e00000, 0x0000000085e00000|100%| E|CS|TAMS 0x0000000085d00000, 0x0000000085d00000| Complete 
|  62|0x0000000085e00000, 0x0000000085f00000, 0x0000000085f00000|100%| E|CS|TAMS 0x0000000085e00000, 0x0000000085e00000| Complete 
|  63|0x0000000085f00000, 0x0000000086000000, 0x0000000086000000|100%| E|CS|TAMS 0x0000000085f00000, 0x0000000085f00000| Complete 
|  64|0x0000000086000000, 0x0000000086100000, 0x0000000086100000|100%| E|CS|TAMS 0x0000000086000000, 0x0000000086000000| Complete 
|  65|0x0000000086100000, 0x0000000086200000, 0x0000000086200000|100%| E|CS|TAMS 0x0000000086100000, 0x0000000086100000| Complete 
|  66|0x0000000086200000, 0x0000000086300000, 0x0000000086300000|100%| E|CS|TAMS 0x0000000086200000, 0x0000000086200000| Complete 
|  67|0x0000000086300000, 0x0000000086400000, 0x0000000086400000|100%| E|CS|TAMS 0x0000000086300000, 0x0000000086300000| Complete 
|  68|0x0000000086400000, 0x0000000086500000, 0x0000000086500000|100%| E|CS|TAMS 0x0000000086400000, 0x0000000086400000| Complete 
|  69|0x0000000086500000, 0x0000000086600000, 0x0000000086600000|100%| E|CS|TAMS 0x0000000086500000, 0x0000000086500000| Complete 
|  70|0x0000000086600000, 0x0000000086700000, 0x0000000086700000|100%| E|CS|TAMS 0x0000000086600000, 0x0000000086600000| Complete 
|  71|0x0000000086700000, 0x0000000086800000, 0x0000000086800000|100%| E|CS|TAMS 0x0000000086700000, 0x0000000086700000| Complete 
|  72|0x0000000086800000, 0x000000008684a970, 0x0000000086900000| 29%| S|CS|TAMS 0x0000000086800000, 0x0000000086800000| Complete 
|  73|0x0000000086900000, 0x0000000086a00000, 0x0000000086a00000|100%| S|CS|TAMS 0x0000000086900000, 0x0000000086900000| Complete 
|  74|0x0000000086a00000, 0x0000000086b00000, 0x0000000086b00000|100%| S|CS|TAMS 0x0000000086a00000, 0x0000000086a00000| Complete 
|  75|0x0000000086b00000, 0x0000000086c00000, 0x0000000086c00000|100%| S|CS|TAMS 0x0000000086b00000, 0x0000000086b00000| Complete 
|  76|0x0000000086c00000, 0x0000000086d00000, 0x0000000086d00000|100%| S|CS|TAMS 0x0000000086c00000, 0x0000000086c00000| Complete 
|  77|0x0000000086d00000, 0x0000000086e00000, 0x0000000086e00000|100%| S|CS|TAMS 0x0000000086d00000, 0x0000000086d00000| Complete 
|  78|0x0000000086e00000, 0x0000000086f00000, 0x0000000086f00000|100%| E|CS|TAMS 0x0000000086e00000, 0x0000000086e00000| Complete 
|  79|0x0000000086f00000, 0x0000000087000000, 0x0000000087000000|100%| E|CS|TAMS 0x0000000086f00000, 0x0000000086f00000| Complete 
|  80|0x0000000087000000, 0x0000000087100000, 0x0000000087100000|100%| E|CS|TAMS 0x0000000087000000, 0x0000000087000000| Complete 
|  81|0x0000000087100000, 0x0000000087200000, 0x0000000087200000|100%| E|CS|TAMS 0x0000000087100000, 0x0000000087100000| Complete 
|  82|0x0000000087200000, 0x0000000087300000, 0x0000000087300000|100%| E|CS|TAMS 0x0000000087200000, 0x0000000087200000| Complete 
|  83|0x0000000087300000, 0x0000000087400000, 0x0000000087400000|100%| E|CS|TAMS 0x0000000087300000, 0x0000000087300000| Complete 
|  84|0x0000000087400000, 0x0000000087500000, 0x0000000087500000|100%| E|CS|TAMS 0x0000000087400000, 0x0000000087400000| Complete 
|  85|0x0000000087500000, 0x0000000087600000, 0x0000000087600000|100%| E|CS|TAMS 0x0000000087500000, 0x0000000087500000| Complete 
|  86|0x0000000087600000, 0x0000000087700000, 0x0000000087700000|100%| E|CS|TAMS 0x0000000087600000, 0x0000000087600000| Complete 
|  87|0x0000000087700000, 0x0000000087800000, 0x0000000087800000|100%| E|CS|TAMS 0x0000000087700000, 0x0000000087700000| Complete 
|  88|0x0000000087800000, 0x0000000087900000, 0x0000000087900000|100%| E|CS|TAMS 0x0000000087800000, 0x0000000087800000| Complete 
|  89|0x0000000087900000, 0x0000000087a00000, 0x0000000087a00000|100%| E|CS|TAMS 0x0000000087900000, 0x0000000087900000| Complete 
|  90|0x0000000087a00000, 0x0000000087b00000, 0x0000000087b00000|100%| E|CS|TAMS 0x0000000087a00000, 0x0000000087a00000| Complete 
|  91|0x0000000087b00000, 0x0000000087c00000, 0x0000000087c00000|100%| E|CS|TAMS 0x0000000087b00000, 0x0000000087b00000| Complete 
|  92|0x0000000087c00000, 0x0000000087d00000, 0x0000000087d00000|100%| E|CS|TAMS 0x0000000087c00000, 0x0000000087c00000| Complete 
|  93|0x0000000087d00000, 0x0000000087e00000, 0x0000000087e00000|100%| E|CS|TAMS 0x0000000087d00000, 0x0000000087d00000| Complete 
|  94|0x0000000087e00000, 0x0000000087f00000, 0x0000000087f00000|100%| E|CS|TAMS 0x0000000087e00000, 0x0000000087e00000| Complete 
|  95|0x0000000087f00000, 0x0000000088000000, 0x0000000088000000|100%| E|CS|TAMS 0x0000000087f00000, 0x0000000087f00000| Complete 
|  96|0x0000000088000000, 0x0000000088100000, 0x0000000088100000|100%| E|CS|TAMS 0x0000000088000000, 0x0000000088000000| Complete 
|  97|0x0000000088100000, 0x0000000088200000, 0x0000000088200000|100%| E|CS|TAMS 0x0000000088100000, 0x0000000088100000| Complete 
|  98|0x0000000088200000, 0x0000000088300000, 0x0000000088300000|100%| E|CS|TAMS 0x0000000088200000, 0x0000000088200000| Complete 
|  99|0x0000000088300000, 0x0000000088400000, 0x0000000088400000|100%| E|CS|TAMS 0x0000000088300000, 0x0000000088300000| Complete 
| 100|0x0000000088400000, 0x0000000088500000, 0x0000000088500000|100%| E|CS|TAMS 0x0000000088400000, 0x0000000088400000| Complete 
| 101|0x0000000088500000, 0x0000000088600000, 0x0000000088600000|100%| E|CS|TAMS 0x0000000088500000, 0x0000000088500000| Complete 
| 102|0x0000000088600000, 0x0000000088700000, 0x0000000088700000|100%| E|CS|TAMS 0x0000000088600000, 0x0000000088600000| Complete 
| 103|0x0000000088700000, 0x0000000088800000, 0x0000000088800000|100%| E|CS|TAMS 0x0000000088700000, 0x0000000088700000| Complete 
| 104|0x0000000088800000, 0x0000000088900000, 0x0000000088900000|100%| E|CS|TAMS 0x0000000088800000, 0x0000000088800000| Complete 
| 105|0x0000000088900000, 0x0000000088a00000, 0x0000000088a00000|100%| E|CS|TAMS 0x0000000088900000, 0x0000000088900000| Complete 
| 106|0x0000000088a00000, 0x0000000088b00000, 0x0000000088b00000|100%| E|CS|TAMS 0x0000000088a00000, 0x0000000088a00000| Complete 
| 107|0x0000000088b00000, 0x0000000088c00000, 0x0000000088c00000|100%| E|CS|TAMS 0x0000000088b00000, 0x0000000088b00000| Complete 
| 108|0x0000000088c00000, 0x0000000088d00000, 0x0000000088d00000|100%| E|CS|TAMS 0x0000000088c00000, 0x0000000088c00000| Complete 
| 109|0x0000000088d00000, 0x0000000088e00000, 0x0000000088e00000|100%| E|CS|TAMS 0x0000000088d00000, 0x0000000088d00000| Complete 
| 110|0x0000000088e00000, 0x0000000088f00000, 0x0000000088f00000|100%| E|CS|TAMS 0x0000000088e00000, 0x0000000088e00000| Complete 
| 111|0x0000000088f00000, 0x0000000089000000, 0x0000000089000000|100%| E|CS|TAMS 0x0000000088f00000, 0x0000000088f00000| Complete 
| 112|0x0000000089000000, 0x0000000089100000, 0x0000000089100000|100%| E|CS|TAMS 0x0000000089000000, 0x0000000089000000| Complete 
| 113|0x0000000089100000, 0x0000000089200000, 0x0000000089200000|100%| E|CS|TAMS 0x0000000089100000, 0x0000000089100000| Complete 
| 114|0x0000000089200000, 0x0000000089300000, 0x0000000089300000|100%| E|CS|TAMS 0x0000000089200000, 0x0000000089200000| Complete 
| 115|0x0000000089300000, 0x0000000089400000, 0x0000000089400000|100%| E|CS|TAMS 0x0000000089300000, 0x0000000089300000| Complete 
| 116|0x0000000089400000, 0x0000000089500000, 0x0000000089500000|100%| E|CS|TAMS 0x0000000089400000, 0x0000000089400000| Complete 
| 117|0x0000000089500000, 0x0000000089600000, 0x0000000089600000|100%| E|CS|TAMS 0x0000000089500000, 0x0000000089500000| Complete 
| 118|0x0000000089600000, 0x0000000089700000, 0x0000000089700000|100%| E|CS|TAMS 0x0000000089600000, 0x0000000089600000| Complete 
| 119|0x0000000089700000, 0x0000000089800000, 0x0000000089800000|100%| E|CS|TAMS 0x0000000089700000, 0x0000000089700000| Complete 
| 120|0x0000000089800000, 0x0000000089900000, 0x0000000089900000|100%| E|CS|TAMS 0x0000000089800000, 0x0000000089800000| Complete 
| 121|0x0000000089900000, 0x0000000089a00000, 0x0000000089a00000|100%| E|CS|TAMS 0x0000000089900000, 0x0000000089900000| Complete 
| 122|0x0000000089a00000, 0x0000000089b00000, 0x0000000089b00000|100%| E|CS|TAMS 0x0000000089a00000, 0x0000000089a00000| Complete 
| 123|0x0000000089b00000, 0x0000000089c00000, 0x0000000089c00000|100%| E|CS|TAMS 0x0000000089b00000, 0x0000000089b00000| Complete 
| 124|0x0000000089c00000, 0x0000000089d00000, 0x0000000089d00000|100%| E|CS|TAMS 0x0000000089c00000, 0x0000000089c00000| Complete 
| 125|0x0000000089d00000, 0x0000000089e00000, 0x0000000089e00000|100%| E|CS|TAMS 0x0000000089d00000, 0x0000000089d00000| Complete 

Card table byte_map: [0x00000256ac7b0000,0x00000256acba0000] _byte_map_base: 0x00000256ac3a0000

Marking Bits (Prev, Next): (CMBitMap*) 0x0000025692d5c7e8, (CMBitMap*) 0x0000025692d5c820
 Prev Bits: [0x00000256acf90000, 0x00000256aef10000)
 Next Bits: [0x00000256aef10000, 0x00000256b0e90000)

Polling page: 0x0000025692c40000

Metaspace:

Usage:
  Non-class:     41.11 MB capacity,    40.33 MB ( 98%) used,   650.57 KB (  2%) free+waste,   155.88 KB ( <1%) overhead. 
      Class:      6.52 MB capacity,     6.00 MB ( 92%) used,   456.26 KB (  7%) free+waste,    76.63 KB (  1%) overhead. 
       Both:     47.63 MB capacity,    46.32 MB ( 97%) used,     1.08 MB (  2%) free+waste,   232.50 KB ( <1%) overhead. 

Virtual space:
  Non-class space:       42.00 MB reserved,      41.25 MB ( 98%) committed 
      Class space:        1.00 GB reserved,       6.63 MB ( <1%) committed 
             Both:        1.04 GB reserved,      47.88 MB (  4%) committed 

Chunk freelists:
   Non-Class:  1.50 KB
       Class:  1.63 KB
        Both:  3.13 KB

CodeHeap 'non-profiled nmethods': size=238336Kb used=6877Kb max_used=6877Kb free=231458Kb
 bounds [0x000002569d7d0000, 0x000002569de90000, 0x00000256ac090000]
CodeHeap 'non-nmethods': size=7424Kb used=1760Kb max_used=2858Kb free=5663Kb
 bounds [0x000002569d090000, 0x000002569d360000, 0x000002569d7d0000]
 total_blobs=4869 nmethods=4228 adapters=476
 compilation: enabled
              stopped_count=0, restarted_count=0
 full_count=0

Compilation events (10 events):
Event: 55.576 Thread 0x00000256b427e800 4294       1       java.io.FilterInputStream::read (9 bytes)
Event: 55.577 Thread 0x00000256b427e800 nmethod 4294 0x000002569de87210 code [0x000002569de873c0, 0x000002569de87510]
Event: 55.579 Thread 0x00000256b4c3a800 4295       1       java.io.FileOutputStream::write (20 bytes)
Event: 55.579 Thread 0x00000256b4c3a800 nmethod 4295 0x000002569de87a10 code [0x000002569de87bc0, 0x000002569de87d10]
Event: 55.605 Thread 0x00000256b427e800 4297 %     1       org.sqlite.SQLiteJDBCLoader::contentsEquals @ 37 (78 bytes)
Event: 55.606 Thread 0x00000256b427e800 nmethod 4297% 0x000002569de87e10 code [0x000002569de88020, 0x000002569de88480]
Event: 55.606 Thread 0x00000256b4c3a800 4298       1       org.sqlite.SQLiteJDBCLoader::contentsEquals (78 bytes)
Event: 55.608 Thread 0x00000256b4c3a800 nmethod 4298 0x000002569de88690 code [0x000002569de888a0, 0x000002569de88c80]
Event: 55.703 Thread 0x00000256b427e800 4299       1       java.util.regex.Pattern::unread (11 bytes)
Event: 55.704 Thread 0x00000256b427e800 nmethod 4299 0x000002569de88e10 code [0x000002569de88fc0, 0x000002569de890d8]

GC Heap History (10 events):
Event: 1.622 GC heap before
{Heap before GC invocations=1 (full 0):
 garbage-first heap   total 129024K, used 26559K [0x0000000082000000, 0x0000000100000000)
  region size 1024K, 23 young (23552K), 3 survivors (3072K)
 Metaspace       used 18561K, capacity 19090K, committed 19328K, reserved 1067008K
  class space    used 2121K, capacity 2349K, committed 2432K, reserved 1048576K
}
Event: 1.627 GC heap after
{Heap after GC invocations=2 (full 0):
 garbage-first heap   total 129024K, used 7045K [0x0000000082000000, 0x0000000100000000)
  region size 1024K, 2 young (2048K), 2 survivors (2048K)
 Metaspace       used 18561K, capacity 19090K, committed 19328K, reserved 1067008K
  class space    used 2121K, capacity 2349K, committed 2432K, reserved 1048576K
}
Event: 1.825 GC heap before
{Heap before GC invocations=2 (full 0):
 garbage-first heap   total 129024K, used 21381K [0x0000000082000000, 0x0000000100000000)
  region size 1024K, 17 young (17408K), 2 survivors (2048K)
 Metaspace       used 20575K, capacity 21173K, committed 21248K, reserved 1067008K
  class space    used 2497K, capacity 2745K, committed 2816K, reserved 1048576K
}
Event: 1.828 GC heap after
{Heap after GC invocations=3 (full 0):
 garbage-first heap   total 129024K, used 7729K [0x0000000082000000, 0x0000000100000000)
  region size 1024K, 2 young (2048K), 2 survivors (2048K)
 Metaspace       used 20575K, capacity 21173K, committed 21248K, reserved 1067008K
  class space    used 2497K, capacity 2745K, committed 2816K, reserved 1048576K
}
Event: 2.318 GC heap before
{Heap before GC invocations=4 (full 0):
 garbage-first heap   total 129024K, used 67121K [0x0000000082000000, 0x0000000100000000)
  region size 1024K, 61 young (62464K), 2 survivors (2048K)
 Metaspace       used 25919K, capacity 26702K, committed 26880K, reserved 1073152K
  class space    used 3186K, capacity 3485K, committed 3584K, reserved 1048576K
}
Event: 2.323 GC heap after
{Heap after GC invocations=5 (full 0):
 garbage-first heap   total 129024K, used 9195K [0x0000000082000000, 0x0000000100000000)
  region size 1024K, 4 young (4096K), 4 survivors (4096K)
 Metaspace       used 25919K, capacity 26702K, committed 26880K, reserved 1073152K
  class space    used 3186K, capacity 3485K, committed 3584K, reserved 1048576K
}
Event: 3.629 GC heap before
{Heap before GC invocations=5 (full 0):
 garbage-first heap   total 129024K, used 75755K [0x0000000082000000, 0x0000000100000000)
  region size 1024K, 70 young (71680K), 4 survivors (4096K)
 Metaspace       used 32652K, capacity 33714K, committed 34048K, reserved 1079296K
  class space    used 4089K, capacity 4512K, committed 4608K, reserved 1048576K
}
Event: 3.641 GC heap after
{Heap after GC invocations=6 (full 0):
 garbage-first heap   total 129024K, used 12919K [0x0000000082000000, 0x0000000100000000)
  region size 1024K, 7 young (7168K), 7 survivors (7168K)
 Metaspace       used 32652K, capacity 33714K, committed 34048K, reserved 1079296K
  class space    used 4089K, capacity 4512K, committed 4608K, reserved 1048576K
}
Event: 4.281 GC heap before
{Heap before GC invocations=6 (full 0):
 garbage-first heap   total 129024K, used 60023K [0x0000000082000000, 0x0000000100000000)
  region size 1024K, 55 young (56320K), 7 survivors (7168K)
 Metaspace       used 34676K, capacity 35760K, committed 35840K, reserved 1081344K
  class space    used 4386K, capacity 4828K, committed 4864K, reserved 1048576K
}
Event: 4.315 GC heap after
{Heap after GC invocations=7 (full 0):
 garbage-first heap   total 129024K, used 14284K [0x0000000082000000, 0x0000000100000000)
  region size 1024K, 6 young (6144K), 6 survivors (6144K)
 Metaspace       used 34676K, capacity 35760K, committed 35840K, reserved 1081344K
  class space    used 4386K, capacity 4828K, committed 4864K, reserved 1048576K
}

Deoptimization events (0 events):
No events

Classes redefined (0 events):
No events

Internal exceptions (10 events):
Event: 55.032 Thread 0x00000256b64a0000 Exception <a 'java/lang/LinkageError'{0x00000000861d5870}> (0x00000000861d5870) thrown at [t:/workspace/open/src/hotspot/share/classfile/systemDictionary.cpp, line 1722]
Event: 55.033 Thread 0x00000256b64a0000 Exception <a 'java/lang/LinkageError'{0x000000008600da68}: loader 'app' (instance of jdk.internal.loader.ClassLoaders$AppClassLoader) attempted duplicate class definition for org.hibernate.boot.jaxb.cfg.spi.JaxbCfgEventListenerGroupType$JaxbAccessorF_type
Event: 55.033 Thread 0x00000256b64a0000 Exception <a 'java/lang/LinkageError'{0x000000008600da68}> (0x000000008600da68) thrown at [t:/workspace/open/src/hotspot/share/classfile/systemDictionary.cpp, line 1722]
Event: 55.035 Thread 0x00000256b649e800 Exception <a 'java/lang/LinkageError'{0x00000000860458c0}: loader 'app' (instance of jdk.internal.loader.ClassLoaders$AppClassLoader) attempted duplicate class definition for org.hibernate.boot.jaxb.cfg.spi.JaxbCfgHibernateConfiguration$JaxbAccessorF_secu
Event: 55.035 Thread 0x00000256b649e800 Exception <a 'java/lang/LinkageError'{0x00000000860458c0}> (0x00000000860458c0) thrown at [t:/workspace/open/src/hotspot/share/classfile/systemDictionary.cpp, line 1722]
Event: 55.037 Thread 0x00000256b649e800 Exception <a 'java/lang/LinkageError'{0x0000000086086388}: loader 'app' (instance of jdk.internal.loader.ClassLoaders$AppClassLoader) attempted duplicate class definition for org.hibernate.boot.jaxb.cfg.spi.JaxbCfgHibernateConfiguration$JaxbCfgSecurity$Ja
Event: 55.037 Thread 0x00000256b649e800 Exception <a 'java/lang/LinkageError'{0x0000000086086388}> (0x0000000086086388) thrown at [t:/workspace/open/src/hotspot/share/classfile/systemDictionary.cpp, line 1722]
Event: 55.038 Thread 0x00000256b64a0000 Exception <a 'java/lang/LinkageError'{0x0000000086069d30}: loader 'app' (instance of jdk.internal.loader.ClassLoaders$AppClassLoader) attempted duplicate class definition for org.hibernate.boot.jaxb.cfg.spi.JaxbCfgHibernateConfiguration$JaxbCfgSecurity$Ja
Event: 55.038 Thread 0x00000256b64a0000 Exception <a 'java/lang/LinkageError'{0x0000000086069d30}> (0x0000000086069d30) thrown at [t:/workspace/open/src/hotspot/share/classfile/systemDictionary.cpp, line 1722]
Event: 55.130 Thread 0x00000256b64a0000 Exception <a 'java/lang/ClassNotFoundException'{0x0000000085ffb8b8}: com/sun/org/apache/xerces/internal/impl/xpath/regex/spi/messageProvider> (0x0000000085ffb8b8) thrown at [t:/workspace/open/src/hotspot/share/classfile/systemDictionary.cpp, line 231]

Events (10 events):
Event: 55.697 loading class org/sqlite/jdbc3/JDBC3Statement
Event: 55.697 loading class org/sqlite/jdbc3/JDBC3Statement done
Event: 55.698 loading class org/sqlite/core/CoreStatement
Event: 55.698 loading class org/sqlite/core/CoreStatement done
Event: 55.699 loading class org/sqlite/jdbc4/JDBC4ResultSet
Event: 55.699 loading class org/sqlite/jdbc4/JDBC4ResultSet done
Event: 55.701 loading class org/sqlite/jdbc3/JDBC3ResultSet
Event: 55.701 loading class org/sqlite/jdbc3/JDBC3ResultSet done
Event: 55.702 loading class org/sqlite/core/CoreResultSet
Event: 55.702 loading class org/sqlite/core/CoreResultSet done


Dynamic libraries:
0x00007ff7daa70000 - 0x00007ff7daab7000 	C:\Program Files\Java\jdk-11.0.2\bin\java.exe
0x00007ff99ac20000 - 0x00007ff99ae10000 	C:\WINDOWS\SYSTEM32\ntdll.dll
0x00007ff999380000 - 0x00007ff999432000 	C:\WINDOWS\System32\KERNEL32.DLL
0x00007ff997c40000 - 0x00007ff997ee3000 	C:\WINDOWS\System32\KERNELBASE.dll
0x00007ff99a200000 - 0x00007ff99a2a3000 	C:\WINDOWS\System32\ADVAPI32.dll
0x00007ff999aa0000 - 0x00007ff999b3e000 	C:\WINDOWS\System32\msvcrt.dll
0x00007ff999520000 - 0x00007ff9995b7000 	C:\WINDOWS\System32\sechost.dll
0x00007ff99a0e0000 - 0x00007ff99a200000 	C:\WINDOWS\System32\RPCRT4.dll
0x00007ff998cd0000 - 0x00007ff998e64000 	C:\WINDOWS\System32\USER32.dll
0x00007ff998ca0000 - 0x00007ff998cc1000 	C:\WINDOWS\System32\win32u.dll
0x00007ff99abb0000 - 0x00007ff99abd6000 	C:\WINDOWS\System32\GDI32.dll
0x00007ff9980a0000 - 0x00007ff998234000 	C:\WINDOWS\System32\gdi32full.dll
0x00007ff998240000 - 0x00007ff9982de000 	C:\WINDOWS\System32\msvcp_win.dll
0x00007ff997ef0000 - 0x00007ff997fea000 	C:\WINDOWS\System32\ucrtbase.dll
0x00007ff9707c0000 - 0x00007ff970a45000 	C:\WINDOWS\WinSxS\amd64_microsoft.windows.common-controls_6595b64144ccf1df_6.0.18362.657_none_e6c5b579130e3898\COMCTL32.dll
0x00007ff999040000 - 0x00007ff999376000 	C:\WINDOWS\System32\combase.dll
0x00007ff98ee60000 - 0x00007ff98ee6a000 	C:\WINDOWS\SYSTEM32\VERSION.dll
0x00007ff998330000 - 0x00007ff9983b0000 	C:\WINDOWS\System32\bcryptPrimitives.dll
0x00007ff999010000 - 0x00007ff99903e000 	C:\WINDOWS\System32\IMM32.DLL
0x00007ff993080000 - 0x00007ff993096000 	C:\Program Files\Java\jdk-11.0.2\bin\vcruntime140.dll
0x00007ff962bc0000 - 0x00007ff962c6a000 	C:\Program Files\Java\jdk-11.0.2\bin\msvcp140.dll
0x00007ff955c10000 - 0x00007ff956737000 	C:\Program Files\Java\jdk-11.0.2\bin\server\jvm.dll
0x00007ff999ca0000 - 0x00007ff999ca8000 	C:\WINDOWS\System32\PSAPI.DLL
0x00007ff97c560000 - 0x00007ff97c569000 	C:\WINDOWS\SYSTEM32\WSOCK32.dll
0x00007ff999b40000 - 0x00007ff999baf000 	C:\WINDOWS\System32\WS2_32.dll
0x00007ff98e1e0000 - 0x00007ff98e204000 	C:\WINDOWS\SYSTEM32\WINMM.dll
0x00007ff98dfa0000 - 0x00007ff98dfcd000 	C:\WINDOWS\SYSTEM32\winmmbase.dll
0x00007ff9982e0000 - 0x00007ff99832a000 	C:\WINDOWS\System32\cfgmgr32.dll
0x00007ff997b70000 - 0x00007ff997b81000 	C:\WINDOWS\System32\kernel.appcore.dll
0x00007ff9910b0000 - 0x00007ff9910c1000 	C:\Program Files\Java\jdk-11.0.2\bin\verify.dll
0x00007ff990860000 - 0x00007ff990a54000 	C:\WINDOWS\SYSTEM32\DBGHELP.DLL
0x00007ff9904e0000 - 0x00007ff99050a000 	C:\WINDOWS\SYSTEM32\dbgcore.DLL
0x00007ff98d6e0000 - 0x00007ff98d709000 	C:\Program Files\Java\jdk-11.0.2\bin\java.dll
0x00007ff98d6b0000 - 0x00007ff98d6df000 	C:\Program Files\Java\jdk-11.0.2\bin\instrument.dll
0x00007ff98d690000 - 0x00007ff98d6a6000 	C:\Program Files\Java\jdk-11.0.2\bin\zip.dll
0x00007ff993450000 - 0x00007ff99345a000 	C:\Program Files\Java\jdk-11.0.2\bin\jimage.dll
0x00007ff99a4c0000 - 0x00007ff99aba5000 	C:\WINDOWS\System32\SHELL32.dll
0x00007ff99a030000 - 0x00007ff99a0d9000 	C:\WINDOWS\System32\shcore.dll
0x00007ff9983b0000 - 0x00007ff998b2f000 	C:\WINDOWS\System32\windows.storage.dll
0x00007ff997b90000 - 0x00007ff997baf000 	C:\WINDOWS\System32\profapi.dll
0x00007ff997b00000 - 0x00007ff997b4a000 	C:\WINDOWS\System32\powrprof.dll
0x00007ff997af0000 - 0x00007ff997b00000 	C:\WINDOWS\System32\UMPDC.dll
0x00007ff99a460000 - 0x00007ff99a4b2000 	C:\WINDOWS\System32\shlwapi.dll
0x00007ff998b30000 - 0x00007ff998b47000 	C:\WINDOWS\System32\cryptsp.dll
0x00007ff97fc50000 - 0x00007ff97fc69000 	C:\Program Files\Java\jdk-11.0.2\bin\net.dll
0x00007ff98e300000 - 0x00007ff98e3f0000 	C:\WINDOWS\SYSTEM32\WINHTTP.dll
0x00007ff98aee0000 - 0x00007ff98b0b6000 	C:\WINDOWS\SYSTEM32\urlmon.dll
0x00007ff98a8f0000 - 0x00007ff98ab96000 	C:\WINDOWS\SYSTEM32\iertutil.dll
0x00007ff9974d0000 - 0x00007ff9974dc000 	C:\WINDOWS\SYSTEM32\CRYPTBASE.DLL
0x00007ff997300000 - 0x00007ff997367000 	C:\WINDOWS\system32\mswsock.dll
0x00007ff97fbd0000 - 0x00007ff97fbe3000 	C:\Program Files\Java\jdk-11.0.2\bin\nio.dll
0x00007ff97fbb0000 - 0x00007ff97fbca000 	C:\Program Files\JetBrains\IntelliJ IDEA 2018.2.4\bin\breakgen64.dll
0x00007ff991fe0000 - 0x00007ff991fe9000 	C:\Program Files\Java\jdk-11.0.2\bin\management.dll
0x00007ff991130000 - 0x00007ff99113c000 	C:\Program Files\Java\jdk-11.0.2\bin\management_ext.dll
0x00007ff97a7a0000 - 0x00007ff97a7b6000 	C:\WINDOWS\system32\napinsp.dll
0x00007ff97a780000 - 0x00007ff97a79a000 	C:\WINDOWS\system32\pnrpnsp.dll
0x00007ff997050000 - 0x00007ff99711a000 	C:\WINDOWS\SYSTEM32\DNSAPI.dll
0x00007ff9995c0000 - 0x00007ff9995c8000 	C:\WINDOWS\System32\NSI.dll
0x00007ff997010000 - 0x00007ff99704a000 	C:\WINDOWS\SYSTEM32\IPHLPAPI.DLL
0x00007ff977870000 - 0x00007ff97787e000 	C:\WINDOWS\System32\winrnr.dll
0x00007ff990e30000 - 0x00007ff990e4c000 	C:\WINDOWS\system32\NLAapi.dll
0x00007ff9933a0000 - 0x00007ff9933b5000 	C:\WINDOWS\system32\wshbth.dll
0x00007ff98e8f0000 - 0x00007ff98e8fa000 	C:\Windows\System32\rasadhlp.dll
0x00007ff98e750000 - 0x00007ff98e7c7000 	C:\WINDOWS\System32\fwpuclnt.dll
0x00007ff997c10000 - 0x00007ff997c36000 	C:\WINDOWS\System32\bcrypt.dll
0x00007ff996e70000 - 0x00007ff996ea3000 	C:\WINDOWS\system32\rsaenh.dll
0x00007ff997a10000 - 0x00007ff997a35000 	C:\WINDOWS\SYSTEM32\USERENV.dll
0x00007ff98ef40000 - 0x00007ff98ef56000 	C:\WINDOWS\SYSTEM32\dhcpcsvc6.DLL
0x00007ff98ed80000 - 0x00007ff98ed9c000 	C:\WINDOWS\SYSTEM32\dhcpcsvc.DLL
0x00007ff97fae0000 - 0x00007ff97fb07000 	C:\Program Files\Java\jdk-11.0.2\bin\sunec.dll
0x000000006cd80000 - 0x000000006ce70000 	C:\Users\andre\AppData\Local\Temp\sqlite-3.16.1-74c61e7d-cbec-4eb7-8155-77c31bb8614f-sqlitejdbc.dll
0x0000000000a90000 - 0x0000000000b80000 	C:\Users\andre\AppData\Local\Temp\sqlite-3.16.1-4cef4c7a-3ad0-49cf-b007-66ab0c13c444-sqlitejdbc.dll

dbghelp: loaded successfully - version: 4.0.5 - missing functions: none
symbol engine: initialized successfully - sym options: 0x614 - pdb path: .;C:\Program Files\Java\jdk-11.0.2\bin;C:\WINDOWS\SYSTEM32;C:\WINDOWS\WinSxS\amd64_microsoft.windows.common-controls_6595b64144ccf1df_6.0.18362.657_none_e6c5b579130e3898;C:\Program Files\Java\jdk-11.0.2\bin\server;C:\Program Files\JetBrains\IntelliJ IDEA 2018.2.4\bin;C:\Users\andre\AppData\Local\Temp

VM Arguments:
jvm_args: -XX:TieredStopAtLevel=1 -Xverify:none -Dspring.output.ansi.enabled=always -Dcom.sun.management.jmxremote -Dcom.sun.management.jmxremote.port=63222 -Dcom.sun.management.jmxremote.authenticate=false -Dcom.sun.management.jmxremote.ssl=false -Djava.rmi.server.hostname=localhost -Dspring.liveBeansView.mbeanDomain -Dspring.application.admin.enabled=true -javaagent:C:\Program Files\JetBrains\IntelliJ IDEA 2018.2.4\lib\idea_rt.jar=63223:C:\Program Files\JetBrains\IntelliJ IDEA 2018.2.4\bin -Dfile.encoding=UTF-8 
java_command: com.project.StartRESTServices
java_class_path (initial): C:\Users\andre\Documents\Facultate\An3\Licentaa\out\production\classes;C:\Users\andre\Documents\Facultate\An3\Licentaa\out\production\resources;C:\Users\andre\.gradle\caches\modules-2\files-2.1\org.springframework.boot\spring-boot-starter-web\2.2.1.RELEASE\689213aca6e25e2aa9b377e61273aa3d31f30f60\spring-boot-starter-web-2.2.1.RELEASE.jar;C:\Users\andre\.gradle\caches\modules-2\files-2.1\org.springframework.boot\spring-boot-starter-security\2.2.1.RELEASE\e4da6523a76cf59308214a0f76be61ad8659afb7\spring-boot-starter-security-2.2.1.RELEASE.jar;C:\Users\andre\.gradle\caches\modules-2\files-2.1\org.springframework.security\spring-security-web\5.2.1.RELEASE\9e43c2d8d2dffc60bfba8ac95a106d30e9593106\spring-security-web-5.2.1.RELEASE.jar;C:\Users\andre\.gradle\caches\modules-2\files-2.1\org.springframework.boot\spring-boot-starter-json\2.2.1.RELEASE\2d9f5ad8a76edcf3c610e0f825d9c01563a6900a\spring-boot-starter-json-2.2.1.RELEASE.jar;C:\Users\andre\.gradle\caches\modules-2\files-2.1\org.springframework\spring-webmvc\5.2.1.RELEASE\9c118e3a551fe4bf31eb9e395b5f8ef42cf14f42\spring-webmvc-5.2.1.RELEASE.jar;C:\Users\andre\.gradle\caches\modules-2\files-2.1\org.springframework\spring-web\5.2.1.RELEASE\4f1dfe592951c312b52de469f1940b1cb0455226\spring-web-5.2.1.RELEASE.jar;C:\Users\andre\.gradle\caches\modules-2\files-2.1\com.zsoltfabok\sqlite-dialect\1.0\22e2ceb3e0e90ab8ce84989d31663edb28d0b776\sqlite-dialect-1.0.jar;C:\Users\andre\.gradle\caches\modules-2\files-2.1\org.hibernate\hibernate-core\5.2.10.Final\b46a4ba34b52d335cc45c0f33d029f782f7db887\hibernate-core-5.2.10.Final.jar;C:\Users\andre\.gradle\caches\modules-2\files-2.1\io.jsonwebtoken\jjwt\0.9.1\54d2abfc3e63a28824d35bf600d6a5d627da681a\jjwt-0.9.1.jar;C:\Users\andre\.gradle\caches\modules-2\files-2.1\com.fasterxml.jackson.datatype\jackson-datatype-jdk8\2.10.0\ac9b5e4ec02f243c580113c0c58564d90432afaa\jackson-datatype-jdk8-2.10.0.jar;C:\Users\andre\.gradle\caches\modules-2\files-2.1\com.fasterxml.jacks
Launcher Type: SUN_STANDARD

[Global flags]
     bool BytecodeVerificationLocal                = false                                     {product} {command line}
     bool BytecodeVerificationRemote               = false                                     {product} {command line}
     intx CICompilerCount                          = 4                                         {product} {ergonomic}
     uint ConcGCThreads                            = 2                                         {product} {ergonomic}
     uint G1ConcRefinementThreads                  = 8                                         {product} {ergonomic}
   size_t G1HeapRegionSize                         = 1048576                                   {product} {ergonomic}
    uintx GCDrainStackTargetSize                   = 64                                        {product} {ergonomic}
   size_t InitialHeapSize                          = 132120576                                 {product} {ergonomic}
     bool ManagementServer                         = true                                      {product} {command line}
   size_t MarkStackSize                            = 4194304                                   {product} {ergonomic}
   size_t MaxHeapSize                              = 2113929216                                {product} {ergonomic}
   size_t MaxNewSize                               = 1267728384                                {product} {ergonomic}
   size_t MinHeapDeltaBytes                        = 1048576                                   {product} {ergonomic}
    uintx NonNMethodCodeHeapSize                   = 7549744                                {pd product} {ergonomic}
    uintx NonProfiledCodeHeapSize                  = 244108496                              {pd product} {ergonomic}
    uintx ProfiledCodeHeapSize                     = 0                                      {pd product} {ergonomic}
    uintx ReservedCodeCacheSize                    = 251658240                              {pd product} {ergonomic}
     bool SegmentedCodeCache                       = true                                      {product} {ergonomic}
     intx TieredStopAtLevel                        = 1                                         {product} {command line}
     bool UseCompressedClassPointers               = true                                 {lp64_product} {ergonomic}
     bool UseCompressedOops                        = true                                 {lp64_product} {ergonomic}
     bool UseG1GC                                  = true                                      {product} {ergonomic}
     bool UseLargePagesIndividualAllocation        = false                                  {pd product} {ergonomic}

Logging:
Log output configuration:
 #0: stdout all=warning uptime,level,tags
 #1: stderr all=off uptime,level,tags

Environment Variables:
JAVA_HOME=C:\Program Files\Java\jdk1.8.0_231
PATH=C:\Program Files\Microsoft MPI\Bin\;C:\Program Files (x86)\Python37-32\Scripts\;C:\Program Files (x86)\Python37-32\;C:\Program Files (x86)\Common Files\Oracle\Java\javapath;C:\Windows\system32;C:\Windows;C:\Windows\System32\Wbem;C:\Windows\System32\WindowsPowerShell\v1.0\;C:\Windows\System32\OpenSSH\;C:\Program Files (x86)\NVIDIA Corporation\PhysX\Common;C:\Program Files\dotnet\;C:\Program Files\Microsoft SQL Server\Client SDK\ODBC\130\Tools\Binn\;C:\Program Files (x86)\Microsoft SQL Server\140\Tools\Binn\;C:\Program Files\Microsoft SQL Server\140\Tools\Binn\;C:\Program Files\Microsoft SQL Server\140\DTS\Binn\;C:\Program Files (x86)\Microsoft SQL Server\Client SDK\ODBC\130\Tools\Binn\;C:\Program Files (x86)\Microsoft SQL Server\140\DTS\Binn\;C:\Program Files (x86)\Microsoft SQL Server\140\Tools\Binn\ManagementStudio\;C:\Users\andre\Documents\Facultate\protoc-3.4.0-win32\bin;C:\Program Files\nodejs\;C:\WINDOWS\system32;C:\WINDOWS;C:\WINDOWS\System32\Wbem;C:\WINDOWS\System32\WindowsPowerShell\v1.0\;C:\WINDOWS\System32\OpenSSH\;C:\Users\andre\Documents\gradle-4.8-all\gradle-4.8\bin;C:\Program Files (x86)\mingw-w64\i686-8.1.0-posix-dwarf-rt_v6-rev0\mingw32\bin;C:\Program Files\Git\cmd;C:\Program Files (x86)\GitExtensions\;C:\Users\andre\AppData\Local\Android\Sdk;C:\Program Files\Java\jdk1.8.0_231\bin;C:\Users\andre\AppData\Local\Microsoft\WindowsApps;C:\Program Files (x86)\clisp-2.49;C:\Users\andre\AppData\Roaming\npm;C:\Users\andre\AppData\Local\Programs\Microsoft VS Code\bin;C:\Program Files (x86)\Graphviz2.38\bin;C:\Program Files (x86)\GnuWin32\bin;C:\Users\andre\Documents\gradle-6.0.1\bin;C:\Program Files\Java\jdk1.8.0_231;
USERNAME=andre
OS=Windows_NT
PROCESSOR_IDENTIFIER=Intel64 Family 6 Model 142 Stepping 10, GenuineIntel



---------------  S Y S T E M  ---------------

OS: Windows 10 , 64 bit Build 18362 (10.0.18362.329)

CPU:total 8 (initial active 8) (4 cores per cpu, 2 threads per core) family 6 model 142 stepping 10, cmov, cx8, fxsr, mmx, sse, sse2, sse3, ssse3, sse4.1, sse4.2, popcnt, avx, avx2, aes, clmul, erms, 3dnowpref, lzcnt, ht, tsc, tscinvbit, bmi1, bmi2, adx, fma

Memory: 4k page, system-wide physical 8058M (1197M free)
TotalPageFile size 15226M (AvailPageFile size 4653M)
current process WorkingSet (physical memory assigned to process): 191M, peak: 191M
current process commit charge ("private bytes"): 273M, peak: 274M

vm_info: Java HotSpot(TM) 64-Bit Server VM (11.0.2+9-LTS) for windows-amd64 JRE (11.0.2+9-LTS), built on Jan 18 2019 05:24:10 by "mach5one" with MS VC++ 15.5 (VS2017)

END.
